# Logfile created on 2025-09-12 21:26:37 +0900 by logger.rb/v1.5.3
2025-09-12 21:26:37 +0900: Memory Usage (498936K) : Starting running IHP-SG13G2 Klayout DRC runset on /home/ckdur/Documents/SymbioticEDA/asicone_sg13g2/chip/signoff/outputs/asicone_202508.fill.gds
2025-09-12 21:26:37 +0900: Memory Usage (498936K) : Ruby Version for klayout: 3.2.3
2025-09-12 21:26:39 +0900: Memory Usage (543800K) : Loading database to memory is complete.
2025-09-12 21:26:39 +0900: Memory Usage (543800K) : IHP-SG13G2 Klayout DRC runset output at: /home/ckdur/Documents/SymbioticEDA/asicone_sg13g2/chip/signoff/reports/asicone_202508.fill_asicone_202508_latchup.lyrdb
2025-09-12 21:26:39 +0900: Memory Usage (543800K) : Evaluate switches.
2025-09-12 21:26:39 +0900: Memory Usage (543800K) : table_name selected  latchup
2025-09-12 21:26:39 +0900: Memory Usage (543800K) : Klayout will use 10 thread(s)
2025-09-12 21:26:39 +0900: Memory Usage (543800K) : flat mode is enabled for latchup table.
2025-09-12 21:26:39 +0900: Memory Usage (543800K) : FEOL enabled: true
2025-09-12 21:26:39 +0900: Memory Usage (543800K) : BEOL enabled: true
2025-09-12 21:26:39 +0900: Memory Usage (543800K) : OffGrid enabled: true
2025-09-12 21:26:39 +0900: Memory Usage (543800K) : PreCheck DRC enabled: false
2025-09-12 21:26:39 +0900: Memory Usage (543800K) : CONNECTIVITY_RULES enabled: false for table latchup
2025-09-12 21:26:39 +0900: Memory Usage (543800K) : Read in polygons from layers.
2025-09-12 21:26:45 +0900: Memory Usage (553976K) : activ_drw has 12386 polygons
2025-09-12 21:26:45 +0900: Memory Usage (553976K) : activ_pin has 0 polygons
2025-09-12 21:26:45 +0900: Memory Usage (553976K) : activ_mask has 0 polygons
2025-09-12 21:26:47 +0900: Memory Usage (554744K) : activ_filler has 30752 polygons
2025-09-12 21:26:47 +0900: Memory Usage (554744K) : activ_nofill has 0 polygons
2025-09-12 21:26:47 +0900: Memory Usage (554744K) : activ_opc has 0 polygons
2025-09-12 21:26:47 +0900: Memory Usage (554744K) : activ_iopc has 0 polygons
2025-09-12 21:26:47 +0900: Memory Usage (554744K) : activ_noqrc has 0 polygons
2025-09-12 21:26:47 +0900: Memory Usage (554744K) : biwind_drw has 0 polygons
2025-09-12 21:26:47 +0900: Memory Usage (554744K) : biwind_opc has 0 polygons
2025-09-12 21:26:47 +0900: Memory Usage (554744K) : pemwind_drw has 0 polygons
2025-09-12 21:26:55 +0900: Memory Usage (621288K) : gatpoly_drw has 22203 polygons
2025-09-12 21:26:55 +0900: Memory Usage (621288K) : gatpoly_pin has 0 polygons
2025-09-12 21:26:57 +0900: Memory Usage (621288K) : gatpoly_filler has 30752 polygons
2025-09-12 21:26:57 +0900: Memory Usage (621288K) : gatpoly_nofill has 0 polygons
2025-09-12 21:26:57 +0900: Memory Usage (621288K) : gatpoly_opc has 0 polygons
2025-09-12 21:26:57 +0900: Memory Usage (621288K) : gatpoly_iopc has 0 polygons
2025-09-12 21:26:57 +0900: Memory Usage (621288K) : gatpoly_noqrc has 0 polygons
2025-09-12 21:28:28 +0900: Memory Usage (959920K) : cont_drw has 3031017 polygons
2025-09-12 21:28:28 +0900: Memory Usage (959920K) : cont_opc has 0 polygons
2025-09-12 21:28:28 +0900: Memory Usage (959920K) : nsd_drw has 0 polygons
2025-09-12 21:28:28 +0900: Memory Usage (959920K) : nsd_block has 0 polygons
2025-09-12 21:28:39 +0900: Memory Usage (981424K) : metal1_drw has 18812 polygons
2025-09-12 21:28:40 +0900: Memory Usage (981424K) : metal1_pin has 3000 polygons
2025-09-12 21:28:40 +0900: Memory Usage (981424K) : metal1_mask has 0 polygons
2025-09-12 21:28:42 +0900: Memory Usage (981424K) : metal1_filler has 58856 polygons
2025-09-12 21:28:42 +0900: Memory Usage (981424K) : metal1_nofill has 0 polygons
2025-09-12 21:28:42 +0900: Memory Usage (981424K) : metal1_slit has 0 polygons
2025-09-12 21:28:42 +0900: Memory Usage (981424K) : metal1_text has 74538 polygons
2025-09-12 21:28:42 +0900: Memory Usage (981424K) : metal1_opc has 0 polygons
2025-09-12 21:28:42 +0900: Memory Usage (981424K) : metal1_noqrc has 0 polygons
2025-09-12 21:28:42 +0900: Memory Usage (981424K) : metal1_res has 0 polygons
2025-09-12 21:28:42 +0900: Memory Usage (981424K) : metal1_iprobe has 0 polygons
2025-09-12 21:28:42 +0900: Memory Usage (981424K) : metal1_diffprb has 0 polygons
2025-09-12 21:28:42 +0900: Memory Usage (981424K) : passiv_drw has 39 polygons
2025-09-12 21:28:42 +0900: Memory Usage (981424K) : passiv_pin has 0 polygons
2025-09-12 21:28:42 +0900: Memory Usage (981424K) : passiv_sbump has 0 polygons
2025-09-12 21:28:42 +0900: Memory Usage (981424K) : passiv_pillar has 0 polygons
2025-09-12 21:28:42 +0900: Memory Usage (981424K) : passiv_pdl has 0 polygons
2025-09-12 21:28:45 +0900: Memory Usage (981424K) : metal2_drw has 10652 polygons
2025-09-12 21:28:45 +0900: Memory Usage (981424K) : metal2_pin has 1719 polygons
2025-09-12 21:28:45 +0900: Memory Usage (981424K) : metal2_mask has 0 polygons
2025-09-12 21:28:47 +0900: Memory Usage (981424K) : metal2_filler has 64947 polygons
2025-09-12 21:28:47 +0900: Memory Usage (981424K) : metal2_nofill has 0 polygons
2025-09-12 21:28:47 +0900: Memory Usage (981424K) : metal2_slit has 0 polygons
2025-09-12 21:28:48 +0900: Memory Usage (981424K) : metal2_text has 2418 polygons
2025-09-12 21:28:48 +0900: Memory Usage (981424K) : metal2_opc has 0 polygons
2025-09-12 21:28:48 +0900: Memory Usage (981424K) : metal2_noqrc has 0 polygons
2025-09-12 21:28:48 +0900: Memory Usage (981424K) : metal2_res has 0 polygons
2025-09-12 21:28:48 +0900: Memory Usage (981424K) : metal2_iprobe has 0 polygons
2025-09-12 21:28:48 +0900: Memory Usage (981424K) : metal2_diffprb has 0 polygons
2025-09-12 21:28:48 +0900: Memory Usage (981424K) : baspoly_drw has 0 polygons
2025-09-12 21:28:48 +0900: Memory Usage (981424K) : baspoly_pin has 0 polygons
2025-09-12 21:28:51 +0900: Memory Usage (981424K) : psd_drw has 2330 polygons
2025-09-12 21:28:51 +0900: Memory Usage (981424K) : nldb_drw has 0 polygons
2025-09-12 21:28:51 +0900: Memory Usage (981424K) : digibnd_drw has 0 polygons
2025-09-12 21:28:55 +0900: Memory Usage (981424K) : via1_drw has 128111 polygons
2025-09-12 21:28:55 +0900: Memory Usage (981424K) : backmetal1_drw has 0 polygons
2025-09-12 21:28:55 +0900: Memory Usage (981424K) : backmetal1_pin has 0 polygons
2025-09-12 21:28:55 +0900: Memory Usage (981424K) : backmetal1_mask has 0 polygons
2025-09-12 21:28:55 +0900: Memory Usage (981424K) : backmetal1_filler has 0 polygons
2025-09-12 21:28:55 +0900: Memory Usage (981424K) : backmetal1_nofill has 0 polygons
2025-09-12 21:28:55 +0900: Memory Usage (981424K) : backmetal1_slit has 0 polygons
2025-09-12 21:28:55 +0900: Memory Usage (981424K) : backmetal1_text has 0 polygons
2025-09-12 21:28:55 +0900: Memory Usage (981424K) : backmetal1_opc has 0 polygons
2025-09-12 21:28:55 +0900: Memory Usage (981424K) : backmetal1_noqrc has 0 polygons
2025-09-12 21:28:55 +0900: Memory Usage (981424K) : backmetal1_res has 0 polygons
2025-09-12 21:28:55 +0900: Memory Usage (981424K) : backmetal1_iprobe has 0 polygons
2025-09-12 21:28:55 +0900: Memory Usage (981424K) : backmetal1_diffprb has 0 polygons
2025-09-12 21:28:55 +0900: Memory Usage (981424K) : backpassiv_drw has 0 polygons
2025-09-12 21:28:55 +0900: Memory Usage (981424K) : res_drw has 0 polygons
2025-09-12 21:28:55 +0900: Memory Usage (981424K) : sram_drw has 0 polygons
2025-09-12 21:28:55 +0900: Memory Usage (981424K) : trans_drw has 0 polygons
2025-09-12 21:28:55 +0900: Memory Usage (981424K) : ind_drw has 0 polygons
2025-09-12 21:28:55 +0900: Memory Usage (981424K) : ind_pin has 0 polygons
2025-09-12 21:28:55 +0900: Memory Usage (981424K) : ind_text has 0 polygons
2025-09-12 21:28:56 +0900: Memory Usage (981424K) : salblock_drw has 50 polygons
2025-09-12 21:28:59 +0900: Memory Usage (981424K) : via2_drw has 120843 polygons
2025-09-12 21:29:01 +0900: Memory Usage (981424K) : metal3_drw has 5609 polygons
2025-09-12 21:29:01 +0900: Memory Usage (981424K) : metal3_pin has 267 polygons
2025-09-12 21:29:01 +0900: Memory Usage (981424K) : metal3_mask has 0 polygons
2025-09-12 21:29:02 +0900: Memory Usage (981424K) : metal3_filler has 40197 polygons
2025-09-12 21:29:03 +0900: Memory Usage (981424K) : metal3_nofill has 0 polygons
2025-09-12 21:29:03 +0900: Memory Usage (981424K) : metal3_slit has 0 polygons
2025-09-12 21:29:03 +0900: Memory Usage (981424K) : metal3_text has 629 polygons
2025-09-12 21:29:03 +0900: Memory Usage (981424K) : metal3_opc has 0 polygons
2025-09-12 21:29:03 +0900: Memory Usage (981424K) : metal3_noqrc has 0 polygons
2025-09-12 21:29:03 +0900: Memory Usage (981424K) : metal3_res has 0 polygons
2025-09-12 21:29:03 +0900: Memory Usage (981424K) : metal3_iprobe has 0 polygons
2025-09-12 21:29:03 +0900: Memory Usage (981424K) : metal3_diffprb has 0 polygons
2025-09-12 21:29:05 +0900: Memory Usage (981424K) : nwell_drw has 227 polygons
2025-09-12 21:29:05 +0900: Memory Usage (981424K) : nwell_pin has 0 polygons
2025-09-12 21:29:05 +0900: Memory Usage (981424K) : nbulay_drw has 0 polygons
2025-09-12 21:29:05 +0900: Memory Usage (981424K) : nbulay_pin has 0 polygons
2025-09-12 21:29:05 +0900: Memory Usage (981424K) : nbulay_block has 0 polygons
2025-09-12 21:29:05 +0900: Memory Usage (981424K) : emwind_drw has 0 polygons
2025-09-12 21:29:05 +0900: Memory Usage (981424K) : emwind_opc has 0 polygons
2025-09-12 21:29:05 +0900: Memory Usage (981424K) : deepco_drw has 0 polygons
2025-09-12 21:29:05 +0900: Memory Usage (981424K) : deepco_drw has 0 polygons
2025-09-12 21:29:05 +0900: Memory Usage (981424K) : mim_drw has 0 polygons
2025-09-12 21:29:05 +0900: Memory Usage (981424K) : edgeseal_drw has 1 polygons
2025-09-12 21:29:05 +0900: Memory Usage (981424K) : edgeseal_bound has 1 polygons
2025-09-12 21:29:06 +0900: Memory Usage (981424K) : substrate_drw has 143 polygons
2025-09-12 21:29:06 +0900: Memory Usage (981424K) : substrate_text has 0 polygons
2025-09-12 21:29:06 +0900: Memory Usage (981424K) : dfpad_drw has 38 polygons
2025-09-12 21:29:06 +0900: Memory Usage (981424K) : dfpad_pillar has 0 polygons
2025-09-12 21:29:06 +0900: Memory Usage (981424K) : dfpad_sbump has 0 polygons
2025-09-12 21:29:06 +0900: Memory Usage (981424K) : thickgateox_drw has 71 polygons
2025-09-12 21:29:06 +0900: Memory Usage (981424K) : pldb_drw has 0 polygons
2025-09-12 21:29:06 +0900: Memory Usage (981424K) : pwell_drw has 0 polygons
2025-09-12 21:29:06 +0900: Memory Usage (981424K) : pwell_pin has 0 polygons
2025-09-12 21:29:06 +0900: Memory Usage (981424K) : pwell_block has 0 polygons
2025-09-12 21:29:06 +0900: Memory Usage (981424K) : ic_drw has 0 polygons
2025-09-12 21:29:09 +0900: Memory Usage (981424K) : via3_drw has 118253 polygons
2025-09-12 21:29:10 +0900: Memory Usage (981424K) : metal4_drw has 2808 polygons
2025-09-12 21:29:10 +0900: Memory Usage (981424K) : metal4_pin has 188 polygons
2025-09-12 21:29:10 +0900: Memory Usage (981424K) : metal4_mask has 0 polygons
2025-09-12 21:29:12 +0900: Memory Usage (981424K) : metal4_filler has 41189 polygons
2025-09-12 21:29:12 +0900: Memory Usage (981424K) : metal4_nofill has 0 polygons
2025-09-12 21:29:12 +0900: Memory Usage (981424K) : metal4_slit has 0 polygons
2025-09-12 21:29:12 +0900: Memory Usage (981424K) : metal4_text has 527 polygons
2025-09-12 21:29:12 +0900: Memory Usage (981424K) : metal4_opc has 0 polygons
2025-09-12 21:29:12 +0900: Memory Usage (981424K) : metal4_noqrc has 0 polygons
2025-09-12 21:29:12 +0900: Memory Usage (981424K) : metal4_res has 0 polygons
2025-09-12 21:29:12 +0900: Memory Usage (981424K) : metal4_iprobe has 0 polygons
2025-09-12 21:29:12 +0900: Memory Usage (981424K) : metal4_diffprb has 0 polygons
2025-09-12 21:29:12 +0900: Memory Usage (981424K) : heattrans_drw has 0 polygons
2025-09-12 21:29:12 +0900: Memory Usage (981424K) : heatres_drw has 26 polygons
2025-09-12 21:29:12 +0900: Memory Usage (981424K) : pempoly_drw has 0 polygons
2025-09-12 21:29:12 +0900: Memory Usage (981424K) : fbe_drw has 0 polygons
2025-09-12 21:29:12 +0900: Memory Usage (981424K) : empoly_drw has 0 polygons
2025-09-12 21:29:12 +0900: Memory Usage (981424K) : ldmos_drw has 0 polygons
2025-09-12 21:29:12 +0900: Memory Usage (981424K) : pbiwind_drw has 0 polygons
2025-09-12 21:29:12 +0900: Memory Usage (981424K) : digisub_drw has 0 polygons
2025-09-12 21:29:12 +0900: Memory Usage (981424K) : nodrc_drw has 0 polygons
2025-09-12 21:29:12 +0900: Memory Usage (981424K) : text_drw has 2551 polygons
2025-09-12 21:29:15 +0900: Memory Usage (981424K) : via4_drw has 124301 polygons
2025-09-12 21:29:16 +0900: Memory Usage (981424K) : metal5_drw has 568 polygons
2025-09-12 21:29:16 +0900: Memory Usage (981424K) : metal5_pin has 85 polygons
2025-09-12 21:29:16 +0900: Memory Usage (981424K) : metal5_mask has 0 polygons
2025-09-12 21:29:17 +0900: Memory Usage (981424K) : metal5_filler has 39673 polygons
2025-09-12 21:29:17 +0900: Memory Usage (981424K) : metal5_nofill has 0 polygons
2025-09-12 21:29:17 +0900: Memory Usage (981424K) : metal5_slit has 0 polygons
2025-09-12 21:29:17 +0900: Memory Usage (981424K) : metal5_text has 421 polygons
2025-09-12 21:29:17 +0900: Memory Usage (981424K) : metal5_opc has 0 polygons
2025-09-12 21:29:17 +0900: Memory Usage (981424K) : metal5_noqrc has 0 polygons
2025-09-12 21:29:17 +0900: Memory Usage (981424K) : metal5_res has 0 polygons
2025-09-12 21:29:17 +0900: Memory Usage (981424K) : metal5_iprobe has 0 polygons
2025-09-12 21:29:17 +0900: Memory Usage (981424K) : metal5_diffprb has 0 polygons
2025-09-12 21:29:17 +0900: Memory Usage (981424K) : radhard_drw has 0 polygons
2025-09-12 21:29:17 +0900: Memory Usage (981424K) : memcap_drw has 0 polygons
2025-09-12 21:29:17 +0900: Memory Usage (981424K) : varicap_drw has 0 polygons
2025-09-12 21:29:17 +0900: Memory Usage (981424K) : flash_drw has 0 polygons
2025-09-12 21:29:17 +0900: Memory Usage (981424K) : intbondvia_drw has 0 polygons
2025-09-12 21:29:17 +0900: Memory Usage (981424K) : intbondmet_drw has 0 polygons
2025-09-12 21:29:17 +0900: Memory Usage (981424K) : devbondvia_drw has 0 polygons
2025-09-12 21:29:17 +0900: Memory Usage (981424K) : devbondmet_drw has 0 polygons
2025-09-12 21:29:17 +0900: Memory Usage (981424K) : devtrench_drw has 0 polygons
2025-09-12 21:29:17 +0900: Memory Usage (981424K) : redist_drw has 0 polygons
2025-09-12 21:29:17 +0900: Memory Usage (981424K) : graphbot_drw has 0 polygons
2025-09-12 21:29:17 +0900: Memory Usage (981424K) : graphtop_drw has 0 polygons
2025-09-12 21:29:17 +0900: Memory Usage (981424K) : antvia1_drw has 0 polygons
2025-09-12 21:29:17 +0900: Memory Usage (981424K) : antmetal2_drw has 0 polygons
2025-09-12 21:29:17 +0900: Memory Usage (981424K) : graphcont_drw has 0 polygons
2025-09-12 21:29:17 +0900: Memory Usage (981424K) : siwg_drw has 0 polygons
2025-09-12 21:29:17 +0900: Memory Usage (981424K) : siwg_filler has 0 polygons
2025-09-12 21:29:17 +0900: Memory Usage (981424K) : siwg_nofill has 0 polygons
2025-09-12 21:29:17 +0900: Memory Usage (981424K) : sigrating_drw has 0 polygons
2025-09-12 21:29:18 +0900: Memory Usage (981424K) : singrating_drw has 0 polygons
2025-09-12 21:29:18 +0900: Memory Usage (981424K) : graphpas_drw has 0 polygons
2025-09-12 21:29:18 +0900: Memory Usage (981424K) : emwind3_drw has 0 polygons
2025-09-12 21:29:18 +0900: Memory Usage (981424K) : emwihv3_drw has 0 polygons
2025-09-12 21:29:18 +0900: Memory Usage (981424K) : redbulay_drw has 0 polygons
2025-09-12 21:29:18 +0900: Memory Usage (981424K) : smos_drw has 0 polygons
2025-09-12 21:29:18 +0900: Memory Usage (981424K) : graphpad_drw has 0 polygons
2025-09-12 21:29:18 +0900: Memory Usage (981424K) : polimide_drw has 0 polygons
2025-09-12 21:29:18 +0900: Memory Usage (981424K) : polimide_pin has 0 polygons
2025-09-12 21:29:18 +0900: Memory Usage (981424K) : recog_drw has 0 polygons
2025-09-12 21:29:18 +0900: Memory Usage (981424K) : recog_pin has 0 polygons
2025-09-12 21:29:18 +0900: Memory Usage (981424K) : recog_esd has 0 polygons
2025-09-12 21:29:18 +0900: Memory Usage (981424K) : recog_diode has 214 polygons
2025-09-12 21:29:18 +0900: Memory Usage (981424K) : recog_tsv has 0 polygons
2025-09-12 21:29:18 +0900: Memory Usage (981424K) : recog_iprobe has 0 polygons
2025-09-12 21:29:18 +0900: Memory Usage (981424K) : recog_diffprb has 0 polygons
2025-09-12 21:29:18 +0900: Memory Usage (981424K) : recog_pillar has 0 polygons
2025-09-12 21:29:18 +0900: Memory Usage (981424K) : recog_sbump has 0 polygons
2025-09-12 21:29:18 +0900: Memory Usage (981424K) : recog_otp has 0 polygons
2025-09-12 21:29:18 +0900: Memory Usage (981424K) : recog_pdiode has 0 polygons
2025-09-12 21:29:18 +0900: Memory Usage (981424K) : recog_mom has 0 polygons
2025-09-12 21:29:18 +0900: Memory Usage (981424K) : recog_pcm has 0 polygons
2025-09-12 21:29:18 +0900: Memory Usage (981424K) : colopen_drw has 0 polygons
2025-09-12 21:29:18 +0900: Memory Usage (981424K) : graphmetal1_drw has 0 polygons
2025-09-12 21:29:18 +0900: Memory Usage (981424K) : graphmetal1_filler has 0 polygons
2025-09-12 21:29:18 +0900: Memory Usage (981424K) : graphmetal1_nofill has 0 polygons
2025-09-12 21:29:18 +0900: Memory Usage (981424K) : graphmetal1_slit has 0 polygons
2025-09-12 21:29:18 +0900: Memory Usage (981424K) : graphmetal1_opc has 0 polygons
2025-09-12 21:29:18 +0900: Memory Usage (981424K) : graphmet1l_drw has 0 polygons
2025-09-12 21:29:18 +0900: Memory Usage (981424K) : graphmet1l_filler has 0 polygons
2025-09-12 21:29:18 +0900: Memory Usage (981424K) : graphmet1l_nofill has 0 polygons
2025-09-12 21:29:18 +0900: Memory Usage (981424K) : graphmet1l_slit has 0 polygons
2025-09-12 21:29:18 +0900: Memory Usage (981424K) : graphmet1l_opc has 0 polygons
2025-09-12 21:29:18 +0900: Memory Usage (981424K) : extblock_drw has 50 polygons
2025-09-12 21:29:18 +0900: Memory Usage (981424K) : nldd_drw has 0 polygons
2025-09-12 21:29:18 +0900: Memory Usage (981424K) : pldd_drw has 0 polygons
2025-09-12 21:29:18 +0900: Memory Usage (981424K) : next_drw has 0 polygons
2025-09-12 21:29:18 +0900: Memory Usage (981424K) : pext_drw has 0 polygons
2025-09-12 21:29:18 +0900: Memory Usage (981424K) : nexthv_drw has 0 polygons
2025-09-12 21:29:18 +0900: Memory Usage (981424K) : pexthv_drw has 0 polygons
2025-09-12 21:29:18 +0900: Memory Usage (981424K) : graphgate_drw has 0 polygons
2025-09-12 21:29:18 +0900: Memory Usage (981424K) : sinwg_drw has 0 polygons
2025-09-12 21:29:18 +0900: Memory Usage (981424K) : sinwg_filler has 0 polygons
2025-09-12 21:29:18 +0900: Memory Usage (981424K) : sinwg_nofill has 0 polygons
2025-09-12 21:29:18 +0900: Memory Usage (981424K) : mempad_drw has 0 polygons
2025-09-12 21:29:21 +0900: Memory Usage (981424K) : topvia1_drw has 102463 polygons
2025-09-12 21:29:21 +0900: Memory Usage (981424K) : topmetal1_drw has 97 polygons
2025-09-12 21:29:21 +0900: Memory Usage (981424K) : topmetal1_pin has 82 polygons
2025-09-12 21:29:21 +0900: Memory Usage (981424K) : topmetal1_mask has 0 polygons
2025-09-12 21:29:22 +0900: Memory Usage (981424K) : topmetal1_filler has 6190 polygons
2025-09-12 21:29:22 +0900: Memory Usage (981424K) : topmetal1_nofill has 0 polygons
2025-09-12 21:29:22 +0900: Memory Usage (981424K) : topmetal1_slit has 0 polygons
2025-09-12 21:29:22 +0900: Memory Usage (981424K) : topmetal1_text has 421 polygons
2025-09-12 21:29:22 +0900: Memory Usage (981424K) : topmetal1_noqrc has 0 polygons
2025-09-12 21:29:22 +0900: Memory Usage (981424K) : topmetal1_res has 0 polygons
2025-09-12 21:29:22 +0900: Memory Usage (981424K) : topmetal1_iprobe has 0 polygons
2025-09-12 21:29:22 +0900: Memory Usage (981424K) : topmetal1_diffprb has 0 polygons
2025-09-12 21:29:22 +0900: Memory Usage (981424K) : inldpwl_drw has 0 polygons
2025-09-12 21:29:22 +0900: Memory Usage (981424K) : polyres_drw has 100 polygons
2025-09-12 21:29:22 +0900: Memory Usage (981424K) : polyres_pin has 0 polygons
2025-09-12 21:29:22 +0900: Memory Usage (981424K) : vmim_drw has 0 polygons
2025-09-12 21:29:22 +0900: Memory Usage (981424K) : nbulaycut_drw has 0 polygons
2025-09-12 21:29:22 +0900: Memory Usage (981424K) : antmetal1_drw has 0 polygons
2025-09-12 21:29:24 +0900: Memory Usage (981424K) : topvia2_drw has 63729 polygons
2025-09-12 21:29:24 +0900: Memory Usage (981424K) : topmetal2_drw has 44 polygons
2025-09-12 21:29:24 +0900: Memory Usage (981424K) : topmetal2_pin has 102 polygons
2025-09-12 21:29:24 +0900: Memory Usage (981424K) : topmetal2_mask has 0 polygons
2025-09-12 21:29:25 +0900: Memory Usage (981424K) : topmetal2_filler has 8916 polygons
2025-09-12 21:29:25 +0900: Memory Usage (981424K) : topmetal2_nofill has 0 polygons
2025-09-12 21:29:25 +0900: Memory Usage (981424K) : topmetal2_slit has 0 polygons
2025-09-12 21:29:25 +0900: Memory Usage (981424K) : topmetal2_text has 352 polygons
2025-09-12 21:29:25 +0900: Memory Usage (981424K) : topmetal2_noqrc has 0 polygons
2025-09-12 21:29:25 +0900: Memory Usage (981424K) : topmetal2_res has 0 polygons
2025-09-12 21:29:25 +0900: Memory Usage (981424K) : topmetal2_iprobe has 0 polygons
2025-09-12 21:29:25 +0900: Memory Usage (981424K) : topmetal2_diffprb has 0 polygons
2025-09-12 21:29:25 +0900: Memory Usage (981424K) : snsring_drw has 0 polygons
2025-09-12 21:29:25 +0900: Memory Usage (981424K) : sensor_drw has 0 polygons
2025-09-12 21:29:25 +0900: Memory Usage (981424K) : snsarms_drw has 0 polygons
2025-09-12 21:29:25 +0900: Memory Usage (981424K) : snscmosvia_drw has 0 polygons
2025-09-12 21:29:25 +0900: Memory Usage (981424K) : colwind_drw has 0 polygons
2025-09-12 21:29:25 +0900: Memory Usage (981424K) : flm_drw has 0 polygons
2025-09-12 21:29:25 +0900: Memory Usage (981424K) : hafniumox_drw has 0 polygons
2025-09-12 21:29:25 +0900: Memory Usage (981424K) : memvia_drw has 0 polygons
2025-09-12 21:29:25 +0900: Memory Usage (981424K) : thinfilmres_drw has 0 polygons
2025-09-12 21:29:25 +0900: Memory Usage (981424K) : rfmem_drw has 0 polygons
2025-09-12 21:29:25 +0900: Memory Usage (981424K) : norcx_drw has 0 polygons
2025-09-12 21:29:25 +0900: Memory Usage (981424K) : norcx_m2m3 has 0 polygons
2025-09-12 21:29:25 +0900: Memory Usage (981424K) : norcx_m2m4 has 0 polygons
2025-09-12 21:29:25 +0900: Memory Usage (981424K) : norcx_m2m5 has 0 polygons
2025-09-12 21:29:25 +0900: Memory Usage (981424K) : norcx_m2tm1 has 0 polygons
2025-09-12 21:29:25 +0900: Memory Usage (981424K) : norcx_m2tm2 has 0 polygons
2025-09-12 21:29:25 +0900: Memory Usage (981424K) : norcx_m3m4 has 0 polygons
2025-09-12 21:29:25 +0900: Memory Usage (981424K) : norcx_m3m5 has 0 polygons
2025-09-12 21:29:25 +0900: Memory Usage (981424K) : norcx_m3tm1 has 0 polygons
2025-09-12 21:29:25 +0900: Memory Usage (981424K) : norcx_m3tm2 has 0 polygons
2025-09-12 21:29:25 +0900: Memory Usage (981424K) : norcx_m4m5 has 0 polygons
2025-09-12 21:29:25 +0900: Memory Usage (981424K) : norcx_m4tm1 has 0 polygons
2025-09-12 21:29:25 +0900: Memory Usage (981424K) : norcx_m4tm2 has 0 polygons
2025-09-12 21:29:25 +0900: Memory Usage (981424K) : norcx_m5tm1 has 0 polygons
2025-09-12 21:29:25 +0900: Memory Usage (981424K) : norcx_m5tm2 has 0 polygons
2025-09-12 21:29:25 +0900: Memory Usage (981424K) : norcx_tm1tm2 has 0 polygons
2025-09-12 21:29:25 +0900: Memory Usage (981424K) : norcx_m1sub has 0 polygons
2025-09-12 21:29:25 +0900: Memory Usage (981424K) : norcx_m2sub has 0 polygons
2025-09-12 21:29:25 +0900: Memory Usage (981424K) : norcx_m3sub has 0 polygons
2025-09-12 21:29:25 +0900: Memory Usage (981424K) : norcx_m4sub has 0 polygons
2025-09-12 21:29:25 +0900: Memory Usage (981424K) : norcx_m5sub has 0 polygons
2025-09-12 21:29:25 +0900: Memory Usage (981424K) : norcx_tm1sub has 0 polygons
2025-09-12 21:29:25 +0900: Memory Usage (981424K) : norcx_tm2sub has 0 polygons
2025-09-12 21:29:25 +0900: Memory Usage (981424K) : snsbotvia_drw has 0 polygons
2025-09-12 21:29:25 +0900: Memory Usage (981424K) : snstopvia_drw has 0 polygons
2025-09-12 21:29:25 +0900: Memory Usage (981424K) : deepvia_drw has 0 polygons
2025-09-12 21:29:25 +0900: Memory Usage (981424K) : fgetch_drw has 0 polygons
2025-09-12 21:29:25 +0900: Memory Usage (981424K) : ctrgat_drw has 0 polygons
2025-09-12 21:29:25 +0900: Memory Usage (981424K) : fgimp_drw has 0 polygons
2025-09-12 21:29:25 +0900: Memory Usage (981424K) : emwihv_drw has 0 polygons
2025-09-12 21:29:25 +0900: Memory Usage (981424K) : lbe_drw has 0 polygons
2025-09-12 21:29:25 +0900: Memory Usage (981424K) : alcustop_drw has 0 polygons
2025-09-12 21:29:25 +0900: Memory Usage (981424K) : nometfiller_drw has 0 polygons
2025-09-12 21:29:25 +0900: Memory Usage (981424K) : prboundary_drw has 38 polygons
2025-09-12 21:29:25 +0900: Memory Usage (981424K) : exchange0_drw has 0 polygons
2025-09-12 21:29:25 +0900: Memory Usage (981424K) : exchange0_pin has 0 polygons
2025-09-12 21:29:25 +0900: Memory Usage (981424K) : exchange0_text has 0 polygons
2025-09-12 21:29:25 +0900: Memory Usage (981424K) : exchange1_drw has 0 polygons
2025-09-12 21:29:25 +0900: Memory Usage (981424K) : exchange1_pin has 0 polygons
2025-09-12 21:29:25 +0900: Memory Usage (981424K) : exchange1_text has 0 polygons
2025-09-12 21:29:25 +0900: Memory Usage (981424K) : exchange2_drw has 0 polygons
2025-09-12 21:29:25 +0900: Memory Usage (981424K) : exchange2_pin has 0 polygons
2025-09-12 21:29:25 +0900: Memory Usage (981424K) : exchange2_text has 0 polygons
2025-09-12 21:29:25 +0900: Memory Usage (981424K) : exchange3_drw has 0 polygons
2025-09-12 21:29:25 +0900: Memory Usage (981424K) : exchange3_pin has 0 polygons
2025-09-12 21:29:25 +0900: Memory Usage (981424K) : exchange3_text has 0 polygons
2025-09-12 21:29:25 +0900: Memory Usage (981424K) : exchange4_drw has 0 polygons
2025-09-12 21:29:25 +0900: Memory Usage (981424K) : exchange4_pin has 0 polygons
2025-09-12 21:29:25 +0900: Memory Usage (981424K) : exchange4_text has 0 polygons
2025-09-12 21:29:25 +0900: Memory Usage (981424K) : isonwell_drw has 0 polygons
2025-09-12 21:29:25 +0900: Memory Usage (981424K) : Total no. of polygons in the design is 4173996
2025-09-12 21:29:25 +0900: Memory Usage (981424K) : Loaded TECH DRC rules values from /opt/ext/OpenPDKs/IHP-Open-PDK/ihp-sg13g2/libs.tech/klayout/python/sg13g2_pycell_lib/sg13g2_tech_mod.json
2025-09-12 21:29:25 +0900: Memory Usage (981424K) : Loaded default DRC rules values from /opt/ext/OpenPDKs/IHP-Open-PDK/ihp-sg13g2/libs.tech/klayout/tech/drc/rule_decks/sg13g2_tech_default.json
2025-09-12 21:29:25 +0900: Memory Usage (981728K) : Total area of the design is 1999995.5559999999 um^2.
2025-09-12 21:29:25 +0900: Memory Usage (981728K) : The design dimensions are 1432.6 µm * 1396.06 µm.
2025-09-12 21:29:25 +0900: Memory Usage (981728K) : Starting general IHP-SG13G2 derivations.
2025-09-12 21:29:25 +0900: Memory Usage (981728K) : Starting Pwell derivations
2025-09-12 21:29:25 +0900: Memory Usage (981728K) : Starting n-Activ derivations
2025-09-12 21:29:26 +0900: Memory Usage (982752K) : Starting p-Activ derivations
2025-09-12 21:29:26 +0900: Memory Usage (982752K) : Starting ptap derivations
2025-09-12 21:29:27 +0900: Memory Usage (982752K) : Starting nact FET derivations
2025-09-12 21:29:27 +0900: Memory Usage (982752K) : Starting IHP-SG13G2 DRC rules.
2025-09-12 21:29:27 +0900: Memory Usage (982752K) : Running all FEOL rules
2025-09-12 21:29:27 +0900: Memory Usage (982752K) : Running all BEOL rules
2025-09-12 21:29:27 +0900: Memory Usage (982752K) : Starting 7.2 Latch-up table
2025-09-12 21:29:27 +0900: Memory Usage (982752K) : Executing rule LU.b
2025-09-12 21:29:33 +0900: Memory Usage (987684K) : KLayout DRC run for table 'latchup' completed in 175.72 seconds
