# Logfile created on 2025-08-28 21:26:03 +0900 by logger.rb/v1.5.3
2025-08-28 21:26:03 +0900: Memory Usage (492776K) : Starting running IHP-SG13G2 Klayout DRC Density runset on /home/ckdur/Documents/SymbioticEDA/asicone_sg13g2/chip/signoff/outputs/asicone_202508.fill.gds
2025-08-28 21:26:03 +0900: Memory Usage (492776K) : Ruby Version for klayout: 3.2.3
2025-08-28 21:26:04 +0900: Memory Usage (539368K) : Loading database to memory is complete.
2025-08-28 21:26:04 +0900: Memory Usage (539368K) : IHP-SG13G2 Klayout DRC Density runset output at: /home/ckdur/Documents/SymbioticEDA/asicone_sg13g2/chip/signoff/reports/asicone_202508.fill_asicone_202508_density.lyrdb
2025-08-28 21:26:04 +0900: Memory Usage (539656K) : Evaluate switches.
2025-08-28 21:26:04 +0900: Memory Usage (539656K) : Klayout will use 10 thread(s)
2025-08-28 21:26:04 +0900: Memory Usage (539656K) : Deep mode enabled: reading layers and preparing general derivations.
2025-08-28 21:26:04 +0900: Memory Usage (539656K) : PreCheck DRC enabled: false
2025-08-28 21:26:04 +0900: Memory Usage (539656K) : Read in polygons from layers.
2025-08-28 21:26:08 +0900: Memory Usage (555112K) : activ_drw has 10081 polygons
2025-08-28 21:26:08 +0900: Memory Usage (555112K) : activ_mask has 0 polygons
2025-08-28 21:26:09 +0900: Memory Usage (555028K) : activ_filler has 30337 polygons
2025-08-28 21:26:10 +0900: Memory Usage (555028K) : gatpoly_drw has 23583 polygons
2025-08-28 21:26:11 +0900: Memory Usage (555024K) : gatpoly_filler has 30337 polygons
2025-08-28 21:26:19 +0900: Memory Usage (567532K) : metal1_drw has 16153 polygons
2025-08-28 21:26:21 +0900: Memory Usage (565200K) : metal1_filler has 60876 polygons
2025-08-28 21:26:21 +0900: Memory Usage (565200K) : metal1_slit has 0 polygons
2025-08-28 21:26:26 +0900: Memory Usage (566412K) : metal2_drw has 9306 polygons
2025-08-28 21:26:28 +0900: Memory Usage (566452K) : metal2_filler has 66402 polygons
2025-08-28 21:26:28 +0900: Memory Usage (566452K) : metal2_slit has 0 polygons
2025-08-28 21:26:31 +0900: Memory Usage (566448K) : metal3_drw has 5065 polygons
2025-08-28 21:26:33 +0900: Memory Usage (566520K) : metal3_filler has 41149 polygons
2025-08-28 21:26:33 +0900: Memory Usage (566520K) : metal3_slit has 0 polygons
2025-08-28 21:26:35 +0900: Memory Usage (569848K) : metal4_drw has 2679 polygons
2025-08-28 21:26:37 +0900: Memory Usage (569928K) : metal4_filler has 41725 polygons
2025-08-28 21:26:37 +0900: Memory Usage (569928K) : metal4_slit has 0 polygons
2025-08-28 21:26:38 +0900: Memory Usage (569928K) : metal5_drw has 544 polygons
2025-08-28 21:26:40 +0900: Memory Usage (566748K) : metal5_filler has 40838 polygons
2025-08-28 21:26:40 +0900: Memory Usage (566748K) : metal5_slit has 0 polygons
2025-08-28 21:26:41 +0900: Memory Usage (570076K) : topmetal1_drw has 87 polygons
2025-08-28 21:26:42 +0900: Memory Usage (570076K) : topmetal1_filler has 6540 polygons
2025-08-28 21:26:42 +0900: Memory Usage (570076K) : topmetal1_slit has 0 polygons
2025-08-28 21:26:43 +0900: Memory Usage (570076K) : topmetal2_drw has 44 polygons
2025-08-28 21:26:43 +0900: Memory Usage (570076K) : topmetal2_filler has 8916 polygons
2025-08-28 21:26:43 +0900: Memory Usage (570076K) : topmetal2_slit has 0 polygons
2025-08-28 21:26:43 +0900: Memory Usage (570076K) : lbe_drw has 0 polygons
2025-08-28 21:26:43 +0900: Memory Usage (570076K) : Loaded TECH DRC rules values from /opt/ext/OpenPDKs/IHP-Open-PDK/ihp-sg13g2/libs.tech/klayout/python/sg13g2_pycell_lib/sg13g2_tech_mod.json
2025-08-28 21:26:43 +0900: Memory Usage (570076K) : Loaded default DRC rules values from /opt/ext/OpenPDKs/IHP-Open-PDK/ihp-sg13g2/libs.tech/klayout/tech/drc/rule_decks/sg13g2_tech_default.json
2025-08-28 21:26:44 +0900: Memory Usage (570076K) : Total area of the design is 1999995.5559999992 um^2.
2025-08-28 21:26:44 +0900: Memory Usage (570076K) : Starting density IHP-SG13G2 derivations.
2025-08-28 21:26:48 +0900: Memory Usage (570076K) : Starting IHP-SG13G2 DENSITY DRC rules.
2025-08-28 21:26:48 +0900: Memory Usage (570076K) : Tiling mode enabled: executing rules with chip tiling applied.
2025-08-28 21:26:48 +0900: Memory Usage (570076K) : Computing activ area and density...
2025-08-28 21:26:49 +0900: Memory Usage (587776K) : Executing rule AFil.g
2025-08-28 21:26:49 +0900: Memory Usage (587776K) : Executing rule AFil.g1
2025-08-28 21:26:49 +0900: Memory Usage (587776K) : Executing rule AFil.g2
2025-08-28 21:26:51 +0900: Memory Usage (615680K) : Executing rule AFil.g3
2025-08-28 21:26:53 +0900: Memory Usage (624384K) : Computing poly area and density...
2025-08-28 21:26:54 +0900: Memory Usage (625408K) : Executing rule GFil.g
2025-08-28 21:26:54 +0900: Memory Usage (625408K) : Computing metal1 area and density...
2025-08-28 21:26:56 +0900: Memory Usage (627528K) : Executing rule M1.j
2025-08-28 21:26:56 +0900: Memory Usage (627528K) : Executing rule M1.k
2025-08-28 21:26:56 +0900: Memory Usage (627528K) : Computing metal2 area and density...
2025-08-28 21:26:58 +0900: Memory Usage (628552K) : Computing metal3 area and density...
2025-08-28 21:26:58 +0900: Memory Usage (628808K) : Computing metal4 area and density...
2025-08-28 21:26:59 +0900: Memory Usage (628808K) : Computing metal5 area and density...
2025-08-28 21:26:59 +0900: Memory Usage (628808K) : Executing rule M2.j
2025-08-28 21:26:59 +0900: Memory Usage (628808K) : Executing rule M2.k
2025-08-28 21:26:59 +0900: Memory Usage (628808K) : Executing rule M3.j
2025-08-28 21:26:59 +0900: Memory Usage (628808K) : Executing rule M3.k
2025-08-28 21:26:59 +0900: Memory Usage (628808K) : Executing rule M4.j
2025-08-28 21:26:59 +0900: Memory Usage (628808K) : Executing rule M4.k
2025-08-28 21:26:59 +0900: Memory Usage (628808K) : Executing rule M5.j
2025-08-28 21:26:59 +0900: Memory Usage (628808K) : Executing rule M5.k
2025-08-28 21:26:59 +0900: Memory Usage (628808K) : Executing rule M1Fil.h
2025-08-28 21:27:03 +0900: Memory Usage (649504K) : Executing rule M1Fil.k
2025-08-28 21:27:07 +0900: Memory Usage (692256K) : Executing rule M2Fil.h
2025-08-28 21:27:10 +0900: Memory Usage (700960K) : Executing rule M2Fil.k
2025-08-28 21:27:12 +0900: Memory Usage (708896K) : Executing rule M3Fil.h
2025-08-28 21:27:14 +0900: Memory Usage (708896K) : Executing rule M3Fil.k
2025-08-28 21:27:15 +0900: Memory Usage (708896K) : Executing rule M4Fil.h
2025-08-28 21:27:17 +0900: Memory Usage (708896K) : Executing rule M4Fil.k
2025-08-28 21:27:18 +0900: Memory Usage (709152K) : Executing rule M5Fil.h
2025-08-28 21:27:19 +0900: Memory Usage (709408K) : Executing rule M5Fil.k
2025-08-28 21:27:21 +0900: Memory Usage (709408K) : Computing TopMetal1 area and density...
2025-08-28 21:27:21 +0900: Memory Usage (709408K) : Executing rule TM1.c
2025-08-28 21:27:21 +0900: Memory Usage (709408K) : Executing rule TM1.d
2025-08-28 21:27:21 +0900: Memory Usage (709408K) : Computing TopMetal2 area and density...
2025-08-28 21:27:21 +0900: Memory Usage (709408K) : Executing rule TM2.c
2025-08-28 21:27:21 +0900: Memory Usage (709408K) : Executing rule TM2.d
2025-08-28 21:27:21 +0900: Memory Usage (709408K) : Computing LBE area and density...
2025-08-28 21:27:21 +0900: Memory Usage (709408K) : Executing rule LBE.i
2025-08-28 21:27:21 +0900: Memory Usage (709408K) : Executing rule Slt.i_M1
2025-08-28 21:27:29 +0900: Memory Usage (710788K) : Executing rule Slt.i_M2
2025-08-28 21:27:32 +0900: Memory Usage (710788K) : Executing rule Slt.i_M3
2025-08-28 21:27:33 +0900: Memory Usage (710788K) : Executing rule Slt.i_M4
2025-08-28 21:27:34 +0900: Memory Usage (710520K) : Executing rule Slt.i_M5
2025-08-28 21:27:34 +0900: Memory Usage (710520K) : Executing rule Slt.i_TM1
2025-08-28 21:27:35 +0900: Memory Usage (710520K) : Executing rule Slt.i_TM2
2025-08-28 21:27:35 +0900: Memory Usage (710804K) : ##################################################
2025-08-28 21:27:35 +0900: Memory Usage (710804K) :                  Density Report                 #
2025-08-28 21:27:35 +0900: Memory Usage (710804K) : ##################################################
2025-08-28 21:27:35 +0900: Memory Usage (710804K) : 
2025-08-28 21:27:35 +0900: Memory Usage (710804K) : Layer areas and percentages (units: um^2)
2025-08-28 21:27:35 +0900: Memory Usage (710804K) : --------------------------------------------------
2025-08-28 21:27:35 +0900: Memory Usage (710804K) : 
2025-08-28 21:27:35 +0900: Memory Usage (710804K) : Total Area     = 1999995.56 um^2
2025-08-28 21:27:35 +0900: Memory Usage (710804K) : 
2025-08-28 21:27:35 +0900: Memory Usage (710804K) : Activ      Area      = 848488.99 µm²
2025-08-28 21:27:35 +0900: Memory Usage (710804K) : Activ      Density % = 42.42%  [Min = 35.00%,  Max = 55.00%]
2025-08-28 21:27:35 +0900: Memory Usage (710804K) : 
2025-08-28 21:27:35 +0900: Memory Usage (710804K) : GatPoly    Area      = 351603.51 µm²
2025-08-28 21:27:35 +0900: Memory Usage (710804K) : GatPoly    Density % = 17.58%  [Min = 15.00%]
2025-08-28 21:27:35 +0900: Memory Usage (710804K) : 
2025-08-28 21:27:35 +0900: Memory Usage (710804K) : Metal1     Area      = 833694.84 µm²
2025-08-28 21:27:35 +0900: Memory Usage (710804K) : Metal1     Density % = 41.68%  [Min = 35.00%,  Max = 60.00%]
2025-08-28 21:27:35 +0900: Memory Usage (710804K) : 
2025-08-28 21:27:35 +0900: Memory Usage (710804K) : Metal2     Area      = 778395.86 µm²
2025-08-28 21:27:35 +0900: Memory Usage (710804K) : Metal2     Density % = 38.92%  [Min = 35.00%,  Max = 60.00%]
2025-08-28 21:27:35 +0900: Memory Usage (710804K) : 
2025-08-28 21:27:35 +0900: Memory Usage (710804K) : Metal3     Area      = 1025331.81 µm²
2025-08-28 21:27:35 +0900: Memory Usage (710804K) : Metal3     Density % = 51.27%  [Min = 35.00%,  Max = 60.00%]
2025-08-28 21:27:35 +0900: Memory Usage (710804K) : 
2025-08-28 21:27:35 +0900: Memory Usage (710804K) : Metal4     Area      = 1058727.03 µm²
2025-08-28 21:27:35 +0900: Memory Usage (710804K) : Metal4     Density % = 52.94%  [Min = 35.00%,  Max = 60.00%]
2025-08-28 21:27:35 +0900: Memory Usage (710804K) : 
2025-08-28 21:27:35 +0900: Memory Usage (710804K) : Metal5     Area      = 1090241.41 µm²
2025-08-28 21:27:35 +0900: Memory Usage (710804K) : Metal5     Density % = 54.51%  [Min = 35.00%,  Max = 60.00%]
2025-08-28 21:27:35 +0900: Memory Usage (710804K) : 
2025-08-28 21:27:35 +0900: Memory Usage (710804K) : TopMetal1  Area      = 1022497.78 µm²
2025-08-28 21:27:35 +0900: Memory Usage (710804K) : TopMetal1  Density % = 51.13%  [Min = 25.00%,  Max = 70.00%]
2025-08-28 21:27:35 +0900: Memory Usage (710804K) : 
2025-08-28 21:27:35 +0900: Memory Usage (710804K) : TopMetal2  Area      = 1048890.20 µm²
2025-08-28 21:27:35 +0900: Memory Usage (710804K) : TopMetal2  Density % = 52.44%  [Min = 25.00%,  Max = 70.00%]
2025-08-28 21:27:35 +0900: Memory Usage (710804K) : 
2025-08-28 21:27:35 +0900: Memory Usage (710804K) : LBE        Area      =  0.00 µm²
2025-08-28 21:27:35 +0900: Memory Usage (710804K) : LBE        Density % =  0.00%  [Max = 70.00%]
2025-08-28 21:27:35 +0900: Memory Usage (710804K) : 
2025-08-28 21:27:35 +0900: Memory Usage (710804K) : KLayout DRC run for density table completed in 92.37 seconds
