# Logfile created on 2025-08-28 21:25:42 +0900 by logger.rb/v1.5.3
2025-08-28 21:25:42 +0900: Memory Usage (498860K) : Starting running IHP-SG13G2 Klayout DRC runset on /home/ckdur/Documents/SymbioticEDA/asicone_sg13g2/chip/signoff/outputs/asicone_202508.fill.gds
2025-08-28 21:25:42 +0900: Memory Usage (498860K) : Ruby Version for klayout: 3.2.3
2025-08-28 21:25:44 +0900: Memory Usage (544428K) : Loading database to memory is complete.
2025-08-28 21:25:44 +0900: Memory Usage (544428K) : IHP-SG13G2 Klayout DRC runset output at: /home/ckdur/Documents/SymbioticEDA/asicone_sg13g2/chip/signoff/reports/asicone_202508.fill_asicone_202508_cont.lyrdb
2025-08-28 21:25:44 +0900: Memory Usage (544428K) : Evaluate switches.
2025-08-28 21:25:44 +0900: Memory Usage (544428K) : table_name selected  cont
2025-08-28 21:25:44 +0900: Memory Usage (544428K) : Klayout will use 10 thread(s)
2025-08-28 21:25:44 +0900: Memory Usage (544428K) : flat mode is enabled for cont table.
2025-08-28 21:25:44 +0900: Memory Usage (544428K) : FEOL enabled: true
2025-08-28 21:25:44 +0900: Memory Usage (544428K) : BEOL enabled: true
2025-08-28 21:25:44 +0900: Memory Usage (544428K) : OffGrid enabled: true
2025-08-28 21:25:44 +0900: Memory Usage (544428K) : PreCheck DRC enabled: false
2025-08-28 21:25:44 +0900: Memory Usage (544428K) : CONNECTIVITY_RULES enabled: false for table cont
2025-08-28 21:25:44 +0900: Memory Usage (544428K) : Read in polygons from layers.
2025-08-28 21:25:50 +0900: Memory Usage (554384K) : activ_drw has 10081 polygons
2025-08-28 21:25:50 +0900: Memory Usage (554384K) : activ_pin has 0 polygons
2025-08-28 21:25:50 +0900: Memory Usage (554384K) : activ_mask has 0 polygons
2025-08-28 21:25:51 +0900: Memory Usage (554384K) : activ_filler has 30337 polygons
2025-08-28 21:25:51 +0900: Memory Usage (554384K) : activ_nofill has 0 polygons
2025-08-28 21:25:51 +0900: Memory Usage (554384K) : activ_opc has 0 polygons
2025-08-28 21:25:51 +0900: Memory Usage (554384K) : activ_iopc has 0 polygons
2025-08-28 21:25:51 +0900: Memory Usage (554384K) : activ_noqrc has 0 polygons
2025-08-28 21:25:51 +0900: Memory Usage (554384K) : biwind_drw has 0 polygons
2025-08-28 21:25:51 +0900: Memory Usage (554384K) : biwind_opc has 0 polygons
2025-08-28 21:25:51 +0900: Memory Usage (554384K) : pemwind_drw has 0 polygons
2025-08-28 21:25:59 +0900: Memory Usage (620820K) : gatpoly_drw has 23583 polygons
2025-08-28 21:25:59 +0900: Memory Usage (620820K) : gatpoly_pin has 0 polygons
2025-08-28 21:26:00 +0900: Memory Usage (620820K) : gatpoly_filler has 30337 polygons
2025-08-28 21:26:00 +0900: Memory Usage (620820K) : gatpoly_nofill has 0 polygons
2025-08-28 21:26:00 +0900: Memory Usage (620820K) : gatpoly_opc has 0 polygons
2025-08-28 21:26:00 +0900: Memory Usage (620820K) : gatpoly_iopc has 0 polygons
2025-08-28 21:26:00 +0900: Memory Usage (620820K) : gatpoly_noqrc has 0 polygons
2025-08-28 21:27:29 +0900: Memory Usage (956316K) : cont_drw has 2901899 polygons
2025-08-28 21:27:29 +0900: Memory Usage (956316K) : cont_opc has 0 polygons
2025-08-28 21:27:29 +0900: Memory Usage (956316K) : nsd_drw has 0 polygons
2025-08-28 21:27:29 +0900: Memory Usage (956316K) : nsd_block has 0 polygons
2025-08-28 21:27:41 +0900: Memory Usage (977564K) : metal1_drw has 16153 polygons
2025-08-28 21:27:41 +0900: Memory Usage (977564K) : metal1_pin has 794 polygons
2025-08-28 21:27:41 +0900: Memory Usage (977564K) : metal1_mask has 0 polygons
2025-08-28 21:27:43 +0900: Memory Usage (977564K) : metal1_filler has 60876 polygons
2025-08-28 21:27:43 +0900: Memory Usage (977564K) : metal1_nofill has 0 polygons
2025-08-28 21:27:43 +0900: Memory Usage (977564K) : metal1_slit has 0 polygons
2025-08-28 21:27:43 +0900: Memory Usage (977860K) : metal1_text has 85780 polygons
2025-08-28 21:27:43 +0900: Memory Usage (977860K) : metal1_opc has 0 polygons
2025-08-28 21:27:43 +0900: Memory Usage (977860K) : metal1_noqrc has 0 polygons
2025-08-28 21:27:43 +0900: Memory Usage (977860K) : metal1_res has 0 polygons
2025-08-28 21:27:43 +0900: Memory Usage (977860K) : metal1_iprobe has 0 polygons
2025-08-28 21:27:43 +0900: Memory Usage (977860K) : metal1_diffprb has 0 polygons
2025-08-28 21:27:44 +0900: Memory Usage (977860K) : passiv_drw has 39 polygons
2025-08-28 21:27:44 +0900: Memory Usage (977860K) : passiv_pin has 0 polygons
2025-08-28 21:27:44 +0900: Memory Usage (977860K) : passiv_sbump has 0 polygons
2025-08-28 21:27:44 +0900: Memory Usage (977860K) : passiv_pillar has 0 polygons
2025-08-28 21:27:44 +0900: Memory Usage (977860K) : passiv_pdl has 0 polygons
2025-08-28 21:27:46 +0900: Memory Usage (977860K) : metal2_drw has 9306 polygons
2025-08-28 21:27:46 +0900: Memory Usage (977860K) : metal2_pin has 691 polygons
2025-08-28 21:27:46 +0900: Memory Usage (977860K) : metal2_mask has 0 polygons
2025-08-28 21:27:49 +0900: Memory Usage (977860K) : metal2_filler has 66402 polygons
2025-08-28 21:27:49 +0900: Memory Usage (977860K) : metal2_nofill has 0 polygons
2025-08-28 21:27:49 +0900: Memory Usage (977860K) : metal2_slit has 0 polygons
2025-08-28 21:27:49 +0900: Memory Usage (977860K) : metal2_text has 1251 polygons
2025-08-28 21:27:49 +0900: Memory Usage (977860K) : metal2_opc has 0 polygons
2025-08-28 21:27:49 +0900: Memory Usage (977860K) : metal2_noqrc has 0 polygons
2025-08-28 21:27:49 +0900: Memory Usage (977860K) : metal2_res has 0 polygons
2025-08-28 21:27:49 +0900: Memory Usage (977860K) : metal2_iprobe has 0 polygons
2025-08-28 21:27:49 +0900: Memory Usage (977860K) : metal2_diffprb has 0 polygons
2025-08-28 21:27:49 +0900: Memory Usage (977860K) : baspoly_drw has 0 polygons
2025-08-28 21:27:49 +0900: Memory Usage (977860K) : baspoly_pin has 0 polygons
2025-08-28 21:27:53 +0900: Memory Usage (977860K) : psd_drw has 1631 polygons
2025-08-28 21:27:53 +0900: Memory Usage (977860K) : nldb_drw has 0 polygons
2025-08-28 21:27:53 +0900: Memory Usage (977860K) : digibnd_drw has 0 polygons
2025-08-28 21:27:56 +0900: Memory Usage (977860K) : via1_drw has 109916 polygons
2025-08-28 21:27:56 +0900: Memory Usage (977860K) : backmetal1_drw has 0 polygons
2025-08-28 21:27:56 +0900: Memory Usage (977860K) : backmetal1_pin has 0 polygons
2025-08-28 21:27:56 +0900: Memory Usage (977860K) : backmetal1_mask has 0 polygons
2025-08-28 21:27:56 +0900: Memory Usage (977860K) : backmetal1_filler has 0 polygons
2025-08-28 21:27:56 +0900: Memory Usage (977860K) : backmetal1_nofill has 0 polygons
2025-08-28 21:27:56 +0900: Memory Usage (977860K) : backmetal1_slit has 0 polygons
2025-08-28 21:27:56 +0900: Memory Usage (977860K) : backmetal1_text has 0 polygons
2025-08-28 21:27:56 +0900: Memory Usage (977860K) : backmetal1_opc has 0 polygons
2025-08-28 21:27:56 +0900: Memory Usage (977860K) : backmetal1_noqrc has 0 polygons
2025-08-28 21:27:56 +0900: Memory Usage (977860K) : backmetal1_res has 0 polygons
2025-08-28 21:27:56 +0900: Memory Usage (977860K) : backmetal1_iprobe has 0 polygons
2025-08-28 21:27:56 +0900: Memory Usage (977860K) : backmetal1_diffprb has 0 polygons
2025-08-28 21:27:56 +0900: Memory Usage (977860K) : backpassiv_drw has 0 polygons
2025-08-28 21:27:56 +0900: Memory Usage (977860K) : res_drw has 0 polygons
2025-08-28 21:27:56 +0900: Memory Usage (977860K) : sram_drw has 0 polygons
2025-08-28 21:27:56 +0900: Memory Usage (977860K) : trans_drw has 0 polygons
2025-08-28 21:27:56 +0900: Memory Usage (977860K) : ind_drw has 0 polygons
2025-08-28 21:27:56 +0900: Memory Usage (977860K) : ind_pin has 0 polygons
2025-08-28 21:27:56 +0900: Memory Usage (977860K) : ind_text has 0 polygons
2025-08-28 21:27:57 +0900: Memory Usage (977860K) : salblock_drw has 65 polygons
2025-08-28 21:28:00 +0900: Memory Usage (977860K) : via2_drw has 113723 polygons
2025-08-28 21:28:02 +0900: Memory Usage (977860K) : metal3_drw has 5065 polygons
2025-08-28 21:28:02 +0900: Memory Usage (977860K) : metal3_pin has 242 polygons
2025-08-28 21:28:02 +0900: Memory Usage (977860K) : metal3_mask has 0 polygons
2025-08-28 21:28:04 +0900: Memory Usage (977860K) : metal3_filler has 41149 polygons
2025-08-28 21:28:04 +0900: Memory Usage (977860K) : metal3_nofill has 0 polygons
2025-08-28 21:28:04 +0900: Memory Usage (977860K) : metal3_slit has 0 polygons
2025-08-28 21:28:04 +0900: Memory Usage (977860K) : metal3_text has 593 polygons
2025-08-28 21:28:04 +0900: Memory Usage (977860K) : metal3_opc has 0 polygons
2025-08-28 21:28:04 +0900: Memory Usage (977860K) : metal3_noqrc has 0 polygons
2025-08-28 21:28:04 +0900: Memory Usage (977860K) : metal3_res has 0 polygons
2025-08-28 21:28:04 +0900: Memory Usage (977860K) : metal3_iprobe has 0 polygons
2025-08-28 21:28:04 +0900: Memory Usage (977860K) : metal3_diffprb has 0 polygons
2025-08-28 21:28:06 +0900: Memory Usage (977860K) : nwell_drw has 226 polygons
2025-08-28 21:28:06 +0900: Memory Usage (977860K) : nwell_pin has 0 polygons
2025-08-28 21:28:06 +0900: Memory Usage (977860K) : nbulay_drw has 0 polygons
2025-08-28 21:28:06 +0900: Memory Usage (977860K) : nbulay_pin has 0 polygons
2025-08-28 21:28:06 +0900: Memory Usage (977860K) : nbulay_block has 0 polygons
2025-08-28 21:28:06 +0900: Memory Usage (977860K) : emwind_drw has 0 polygons
2025-08-28 21:28:06 +0900: Memory Usage (977860K) : emwind_opc has 0 polygons
2025-08-28 21:28:06 +0900: Memory Usage (977860K) : deepco_drw has 0 polygons
2025-08-28 21:28:06 +0900: Memory Usage (977860K) : deepco_drw has 0 polygons
2025-08-28 21:28:06 +0900: Memory Usage (977860K) : mim_drw has 0 polygons
2025-08-28 21:28:06 +0900: Memory Usage (977860K) : edgeseal_drw has 1 polygons
2025-08-28 21:28:07 +0900: Memory Usage (977860K) : edgeseal_bound has 1 polygons
2025-08-28 21:28:07 +0900: Memory Usage (977860K) : substrate_drw has 164 polygons
2025-08-28 21:28:07 +0900: Memory Usage (977860K) : substrate_text has 0 polygons
2025-08-28 21:28:07 +0900: Memory Usage (977860K) : dfpad_drw has 38 polygons
2025-08-28 21:28:07 +0900: Memory Usage (977860K) : dfpad_pillar has 0 polygons
2025-08-28 21:28:07 +0900: Memory Usage (977860K) : dfpad_sbump has 0 polygons
2025-08-28 21:28:07 +0900: Memory Usage (977860K) : thickgateox_drw has 74 polygons
2025-08-28 21:28:07 +0900: Memory Usage (977860K) : pldb_drw has 0 polygons
2025-08-28 21:28:07 +0900: Memory Usage (977860K) : pwell_drw has 0 polygons
2025-08-28 21:28:07 +0900: Memory Usage (977860K) : pwell_pin has 0 polygons
2025-08-28 21:28:07 +0900: Memory Usage (977860K) : pwell_block has 0 polygons
2025-08-28 21:28:07 +0900: Memory Usage (977860K) : ic_drw has 0 polygons
2025-08-28 21:28:10 +0900: Memory Usage (977860K) : via3_drw has 115220 polygons
2025-08-28 21:28:11 +0900: Memory Usage (977860K) : metal4_drw has 2679 polygons
2025-08-28 21:28:12 +0900: Memory Usage (977860K) : metal4_pin has 76 polygons
2025-08-28 21:28:12 +0900: Memory Usage (977860K) : metal4_mask has 0 polygons
2025-08-28 21:28:13 +0900: Memory Usage (977860K) : metal4_filler has 41725 polygons
2025-08-28 21:28:13 +0900: Memory Usage (977860K) : metal4_nofill has 0 polygons
2025-08-28 21:28:13 +0900: Memory Usage (977860K) : metal4_slit has 0 polygons
2025-08-28 21:28:13 +0900: Memory Usage (977860K) : metal4_text has 426 polygons
2025-08-28 21:28:13 +0900: Memory Usage (977860K) : metal4_opc has 0 polygons
2025-08-28 21:28:13 +0900: Memory Usage (977860K) : metal4_noqrc has 0 polygons
2025-08-28 21:28:13 +0900: Memory Usage (977860K) : metal4_res has 0 polygons
2025-08-28 21:28:13 +0900: Memory Usage (977860K) : metal4_iprobe has 0 polygons
2025-08-28 21:28:13 +0900: Memory Usage (977860K) : metal4_diffprb has 0 polygons
2025-08-28 21:28:13 +0900: Memory Usage (977860K) : heattrans_drw has 0 polygons
2025-08-28 21:28:13 +0900: Memory Usage (977860K) : heatres_drw has 38 polygons
2025-08-28 21:28:13 +0900: Memory Usage (977860K) : pempoly_drw has 0 polygons
2025-08-28 21:28:13 +0900: Memory Usage (977860K) : fbe_drw has 0 polygons
2025-08-28 21:28:13 +0900: Memory Usage (977860K) : empoly_drw has 0 polygons
2025-08-28 21:28:13 +0900: Memory Usage (977860K) : ldmos_drw has 0 polygons
2025-08-28 21:28:13 +0900: Memory Usage (977860K) : pbiwind_drw has 0 polygons
2025-08-28 21:28:13 +0900: Memory Usage (977860K) : digisub_drw has 0 polygons
2025-08-28 21:28:13 +0900: Memory Usage (977860K) : nodrc_drw has 0 polygons
2025-08-28 21:28:13 +0900: Memory Usage (977860K) : text_drw has 1117 polygons
2025-08-28 21:28:16 +0900: Memory Usage (977860K) : via4_drw has 122691 polygons
2025-08-28 21:28:17 +0900: Memory Usage (977860K) : metal5_drw has 544 polygons
2025-08-28 21:28:17 +0900: Memory Usage (977860K) : metal5_pin has 85 polygons
2025-08-28 21:28:17 +0900: Memory Usage (977860K) : metal5_mask has 0 polygons
2025-08-28 21:28:19 +0900: Memory Usage (977860K) : metal5_filler has 40838 polygons
2025-08-28 21:28:19 +0900: Memory Usage (977860K) : metal5_nofill has 0 polygons
2025-08-28 21:28:19 +0900: Memory Usage (977860K) : metal5_slit has 0 polygons
2025-08-28 21:28:19 +0900: Memory Usage (977860K) : metal5_text has 421 polygons
2025-08-28 21:28:19 +0900: Memory Usage (977860K) : metal5_opc has 0 polygons
2025-08-28 21:28:19 +0900: Memory Usage (977860K) : metal5_noqrc has 0 polygons
2025-08-28 21:28:19 +0900: Memory Usage (977860K) : metal5_res has 0 polygons
2025-08-28 21:28:19 +0900: Memory Usage (977860K) : metal5_iprobe has 0 polygons
2025-08-28 21:28:19 +0900: Memory Usage (977860K) : metal5_diffprb has 0 polygons
2025-08-28 21:28:19 +0900: Memory Usage (977860K) : radhard_drw has 0 polygons
2025-08-28 21:28:19 +0900: Memory Usage (977860K) : memcap_drw has 0 polygons
2025-08-28 21:28:19 +0900: Memory Usage (977860K) : varicap_drw has 0 polygons
2025-08-28 21:28:19 +0900: Memory Usage (977860K) : flash_drw has 0 polygons
2025-08-28 21:28:19 +0900: Memory Usage (977860K) : intbondvia_drw has 0 polygons
2025-08-28 21:28:19 +0900: Memory Usage (977860K) : intbondmet_drw has 0 polygons
2025-08-28 21:28:19 +0900: Memory Usage (977860K) : devbondvia_drw has 0 polygons
2025-08-28 21:28:19 +0900: Memory Usage (977860K) : devbondmet_drw has 0 polygons
2025-08-28 21:28:19 +0900: Memory Usage (977860K) : devtrench_drw has 0 polygons
2025-08-28 21:28:19 +0900: Memory Usage (977860K) : redist_drw has 0 polygons
2025-08-28 21:28:19 +0900: Memory Usage (977860K) : graphbot_drw has 0 polygons
2025-08-28 21:28:19 +0900: Memory Usage (977860K) : graphtop_drw has 0 polygons
2025-08-28 21:28:19 +0900: Memory Usage (977860K) : antvia1_drw has 0 polygons
2025-08-28 21:28:19 +0900: Memory Usage (977860K) : antmetal2_drw has 0 polygons
2025-08-28 21:28:19 +0900: Memory Usage (977860K) : graphcont_drw has 0 polygons
2025-08-28 21:28:19 +0900: Memory Usage (977860K) : siwg_drw has 0 polygons
2025-08-28 21:28:19 +0900: Memory Usage (977860K) : siwg_filler has 0 polygons
2025-08-28 21:28:19 +0900: Memory Usage (977860K) : siwg_nofill has 0 polygons
2025-08-28 21:28:19 +0900: Memory Usage (977860K) : sigrating_drw has 0 polygons
2025-08-28 21:28:19 +0900: Memory Usage (977860K) : singrating_drw has 0 polygons
2025-08-28 21:28:19 +0900: Memory Usage (977860K) : graphpas_drw has 0 polygons
2025-08-28 21:28:19 +0900: Memory Usage (977860K) : emwind3_drw has 0 polygons
2025-08-28 21:28:19 +0900: Memory Usage (977860K) : emwihv3_drw has 0 polygons
2025-08-28 21:28:19 +0900: Memory Usage (977860K) : redbulay_drw has 0 polygons
2025-08-28 21:28:19 +0900: Memory Usage (977860K) : smos_drw has 0 polygons
2025-08-28 21:28:19 +0900: Memory Usage (977860K) : graphpad_drw has 0 polygons
2025-08-28 21:28:19 +0900: Memory Usage (977860K) : polimide_drw has 0 polygons
2025-08-28 21:28:19 +0900: Memory Usage (977860K) : polimide_pin has 0 polygons
2025-08-28 21:28:19 +0900: Memory Usage (977860K) : recog_drw has 0 polygons
2025-08-28 21:28:19 +0900: Memory Usage (977860K) : recog_pin has 0 polygons
2025-08-28 21:28:19 +0900: Memory Usage (977860K) : recog_esd has 0 polygons
2025-08-28 21:28:19 +0900: Memory Usage (977860K) : recog_diode has 220 polygons
2025-08-28 21:28:19 +0900: Memory Usage (977860K) : recog_tsv has 0 polygons
2025-08-28 21:28:19 +0900: Memory Usage (977860K) : recog_iprobe has 0 polygons
2025-08-28 21:28:19 +0900: Memory Usage (977860K) : recog_diffprb has 0 polygons
2025-08-28 21:28:19 +0900: Memory Usage (977860K) : recog_pillar has 0 polygons
2025-08-28 21:28:19 +0900: Memory Usage (977860K) : recog_sbump has 0 polygons
2025-08-28 21:28:19 +0900: Memory Usage (977860K) : recog_otp has 0 polygons
2025-08-28 21:28:19 +0900: Memory Usage (977860K) : recog_pdiode has 0 polygons
2025-08-28 21:28:19 +0900: Memory Usage (977860K) : recog_mom has 0 polygons
2025-08-28 21:28:19 +0900: Memory Usage (977860K) : recog_pcm has 0 polygons
2025-08-28 21:28:19 +0900: Memory Usage (977860K) : colopen_drw has 0 polygons
2025-08-28 21:28:19 +0900: Memory Usage (977860K) : graphmetal1_drw has 0 polygons
2025-08-28 21:28:19 +0900: Memory Usage (977860K) : graphmetal1_filler has 0 polygons
2025-08-28 21:28:19 +0900: Memory Usage (977860K) : graphmetal1_nofill has 0 polygons
2025-08-28 21:28:19 +0900: Memory Usage (977860K) : graphmetal1_slit has 0 polygons
2025-08-28 21:28:19 +0900: Memory Usage (977860K) : graphmetal1_opc has 0 polygons
2025-08-28 21:28:19 +0900: Memory Usage (977860K) : graphmet1l_drw has 0 polygons
2025-08-28 21:28:19 +0900: Memory Usage (977860K) : graphmet1l_filler has 0 polygons
2025-08-28 21:28:19 +0900: Memory Usage (977860K) : graphmet1l_nofill has 0 polygons
2025-08-28 21:28:19 +0900: Memory Usage (977860K) : graphmet1l_slit has 0 polygons
2025-08-28 21:28:19 +0900: Memory Usage (977860K) : graphmet1l_opc has 0 polygons
2025-08-28 21:28:19 +0900: Memory Usage (977860K) : extblock_drw has 65 polygons
2025-08-28 21:28:19 +0900: Memory Usage (977860K) : nldd_drw has 0 polygons
2025-08-28 21:28:19 +0900: Memory Usage (977860K) : pldd_drw has 0 polygons
2025-08-28 21:28:19 +0900: Memory Usage (977860K) : next_drw has 0 polygons
2025-08-28 21:28:19 +0900: Memory Usage (977860K) : pext_drw has 0 polygons
2025-08-28 21:28:19 +0900: Memory Usage (977860K) : nexthv_drw has 0 polygons
2025-08-28 21:28:19 +0900: Memory Usage (977860K) : pexthv_drw has 0 polygons
2025-08-28 21:28:19 +0900: Memory Usage (977860K) : graphgate_drw has 0 polygons
2025-08-28 21:28:19 +0900: Memory Usage (977860K) : sinwg_drw has 0 polygons
2025-08-28 21:28:19 +0900: Memory Usage (977860K) : sinwg_filler has 0 polygons
2025-08-28 21:28:19 +0900: Memory Usage (977860K) : sinwg_nofill has 0 polygons
2025-08-28 21:28:19 +0900: Memory Usage (977860K) : mempad_drw has 0 polygons
2025-08-28 21:28:22 +0900: Memory Usage (977860K) : topvia1_drw has 101818 polygons
2025-08-28 21:28:22 +0900: Memory Usage (977860K) : topmetal1_drw has 87 polygons
2025-08-28 21:28:23 +0900: Memory Usage (977860K) : topmetal1_pin has 82 polygons
2025-08-28 21:28:23 +0900: Memory Usage (977860K) : topmetal1_mask has 0 polygons
2025-08-28 21:28:23 +0900: Memory Usage (977860K) : topmetal1_filler has 6540 polygons
2025-08-28 21:28:23 +0900: Memory Usage (977860K) : topmetal1_nofill has 0 polygons
2025-08-28 21:28:23 +0900: Memory Usage (977860K) : topmetal1_slit has 0 polygons
2025-08-28 21:28:23 +0900: Memory Usage (977860K) : topmetal1_text has 421 polygons
2025-08-28 21:28:23 +0900: Memory Usage (977860K) : topmetal1_noqrc has 0 polygons
2025-08-28 21:28:23 +0900: Memory Usage (977860K) : topmetal1_res has 0 polygons
2025-08-28 21:28:23 +0900: Memory Usage (977860K) : topmetal1_iprobe has 0 polygons
2025-08-28 21:28:23 +0900: Memory Usage (977860K) : topmetal1_diffprb has 0 polygons
2025-08-28 21:28:23 +0900: Memory Usage (977860K) : inldpwl_drw has 0 polygons
2025-08-28 21:28:23 +0900: Memory Usage (977860K) : polyres_drw has 115 polygons
2025-08-28 21:28:23 +0900: Memory Usage (977860K) : polyres_pin has 0 polygons
2025-08-28 21:28:23 +0900: Memory Usage (977860K) : vmim_drw has 0 polygons
2025-08-28 21:28:23 +0900: Memory Usage (977860K) : nbulaycut_drw has 0 polygons
2025-08-28 21:28:23 +0900: Memory Usage (977860K) : antmetal1_drw has 0 polygons
2025-08-28 21:28:25 +0900: Memory Usage (977860K) : topvia2_drw has 63729 polygons
2025-08-28 21:28:25 +0900: Memory Usage (977860K) : topmetal2_drw has 44 polygons
2025-08-28 21:28:25 +0900: Memory Usage (977860K) : topmetal2_pin has 89 polygons
2025-08-28 21:28:25 +0900: Memory Usage (977860K) : topmetal2_mask has 0 polygons
2025-08-28 21:28:26 +0900: Memory Usage (977860K) : topmetal2_filler has 8916 polygons
2025-08-28 21:28:26 +0900: Memory Usage (977860K) : topmetal2_nofill has 0 polygons
2025-08-28 21:28:26 +0900: Memory Usage (977860K) : topmetal2_slit has 0 polygons
2025-08-28 21:28:26 +0900: Memory Usage (977860K) : topmetal2_text has 339 polygons
2025-08-28 21:28:26 +0900: Memory Usage (977860K) : topmetal2_noqrc has 0 polygons
2025-08-28 21:28:26 +0900: Memory Usage (977860K) : topmetal2_res has 0 polygons
2025-08-28 21:28:26 +0900: Memory Usage (977860K) : topmetal2_iprobe has 0 polygons
2025-08-28 21:28:26 +0900: Memory Usage (977860K) : topmetal2_diffprb has 0 polygons
2025-08-28 21:28:26 +0900: Memory Usage (977860K) : snsring_drw has 0 polygons
2025-08-28 21:28:26 +0900: Memory Usage (977860K) : sensor_drw has 0 polygons
2025-08-28 21:28:26 +0900: Memory Usage (977860K) : snsarms_drw has 0 polygons
2025-08-28 21:28:26 +0900: Memory Usage (977860K) : snscmosvia_drw has 0 polygons
2025-08-28 21:28:26 +0900: Memory Usage (977860K) : colwind_drw has 0 polygons
2025-08-28 21:28:26 +0900: Memory Usage (977860K) : flm_drw has 0 polygons
2025-08-28 21:28:26 +0900: Memory Usage (977860K) : hafniumox_drw has 0 polygons
2025-08-28 21:28:26 +0900: Memory Usage (977860K) : memvia_drw has 0 polygons
2025-08-28 21:28:26 +0900: Memory Usage (977860K) : thinfilmres_drw has 0 polygons
2025-08-28 21:28:26 +0900: Memory Usage (977860K) : rfmem_drw has 0 polygons
2025-08-28 21:28:26 +0900: Memory Usage (977860K) : norcx_drw has 0 polygons
2025-08-28 21:28:26 +0900: Memory Usage (977860K) : norcx_m2m3 has 0 polygons
2025-08-28 21:28:26 +0900: Memory Usage (977860K) : norcx_m2m4 has 0 polygons
2025-08-28 21:28:26 +0900: Memory Usage (977860K) : norcx_m2m5 has 0 polygons
2025-08-28 21:28:26 +0900: Memory Usage (977860K) : norcx_m2tm1 has 0 polygons
2025-08-28 21:28:26 +0900: Memory Usage (977860K) : norcx_m2tm2 has 0 polygons
2025-08-28 21:28:26 +0900: Memory Usage (977860K) : norcx_m3m4 has 0 polygons
2025-08-28 21:28:26 +0900: Memory Usage (977860K) : norcx_m3m5 has 0 polygons
2025-08-28 21:28:26 +0900: Memory Usage (977860K) : norcx_m3tm1 has 0 polygons
2025-08-28 21:28:26 +0900: Memory Usage (977860K) : norcx_m3tm2 has 0 polygons
2025-08-28 21:28:26 +0900: Memory Usage (977860K) : norcx_m4m5 has 0 polygons
2025-08-28 21:28:26 +0900: Memory Usage (977860K) : norcx_m4tm1 has 0 polygons
2025-08-28 21:28:26 +0900: Memory Usage (977860K) : norcx_m4tm2 has 0 polygons
2025-08-28 21:28:26 +0900: Memory Usage (977860K) : norcx_m5tm1 has 0 polygons
2025-08-28 21:28:26 +0900: Memory Usage (977860K) : norcx_m5tm2 has 0 polygons
2025-08-28 21:28:26 +0900: Memory Usage (977860K) : norcx_tm1tm2 has 0 polygons
2025-08-28 21:28:26 +0900: Memory Usage (977860K) : norcx_m1sub has 0 polygons
2025-08-28 21:28:26 +0900: Memory Usage (977860K) : norcx_m2sub has 0 polygons
2025-08-28 21:28:26 +0900: Memory Usage (977860K) : norcx_m3sub has 0 polygons
2025-08-28 21:28:26 +0900: Memory Usage (977860K) : norcx_m4sub has 0 polygons
2025-08-28 21:28:26 +0900: Memory Usage (977860K) : norcx_m5sub has 0 polygons
2025-08-28 21:28:26 +0900: Memory Usage (977860K) : norcx_tm1sub has 0 polygons
2025-08-28 21:28:26 +0900: Memory Usage (977860K) : norcx_tm2sub has 0 polygons
2025-08-28 21:28:26 +0900: Memory Usage (977860K) : snsbotvia_drw has 0 polygons
2025-08-28 21:28:26 +0900: Memory Usage (977860K) : snstopvia_drw has 0 polygons
2025-08-28 21:28:26 +0900: Memory Usage (977860K) : deepvia_drw has 0 polygons
2025-08-28 21:28:26 +0900: Memory Usage (977860K) : fgetch_drw has 0 polygons
2025-08-28 21:28:26 +0900: Memory Usage (977860K) : ctrgat_drw has 0 polygons
2025-08-28 21:28:26 +0900: Memory Usage (977860K) : fgimp_drw has 0 polygons
2025-08-28 21:28:26 +0900: Memory Usage (977860K) : emwihv_drw has 0 polygons
2025-08-28 21:28:26 +0900: Memory Usage (977860K) : lbe_drw has 0 polygons
2025-08-28 21:28:26 +0900: Memory Usage (977860K) : alcustop_drw has 0 polygons
2025-08-28 21:28:26 +0900: Memory Usage (977860K) : nometfiller_drw has 0 polygons
2025-08-28 21:28:26 +0900: Memory Usage (977860K) : prboundary_drw has 38 polygons
2025-08-28 21:28:26 +0900: Memory Usage (977860K) : exchange0_drw has 0 polygons
2025-08-28 21:28:26 +0900: Memory Usage (977860K) : exchange0_pin has 0 polygons
2025-08-28 21:28:26 +0900: Memory Usage (977860K) : exchange0_text has 0 polygons
2025-08-28 21:28:26 +0900: Memory Usage (977860K) : exchange1_drw has 0 polygons
2025-08-28 21:28:26 +0900: Memory Usage (977860K) : exchange1_pin has 0 polygons
2025-08-28 21:28:26 +0900: Memory Usage (977860K) : exchange1_text has 0 polygons
2025-08-28 21:28:26 +0900: Memory Usage (977860K) : exchange2_drw has 0 polygons
2025-08-28 21:28:26 +0900: Memory Usage (977860K) : exchange2_pin has 0 polygons
2025-08-28 21:28:26 +0900: Memory Usage (977860K) : exchange2_text has 0 polygons
2025-08-28 21:28:26 +0900: Memory Usage (977860K) : exchange3_drw has 0 polygons
2025-08-28 21:28:26 +0900: Memory Usage (977860K) : exchange3_pin has 0 polygons
2025-08-28 21:28:26 +0900: Memory Usage (977860K) : exchange3_text has 0 polygons
2025-08-28 21:28:26 +0900: Memory Usage (977860K) : exchange4_drw has 0 polygons
2025-08-28 21:28:26 +0900: Memory Usage (977860K) : exchange4_pin has 0 polygons
2025-08-28 21:28:26 +0900: Memory Usage (977860K) : exchange4_text has 0 polygons
2025-08-28 21:28:26 +0900: Memory Usage (977860K) : isonwell_drw has 0 polygons
2025-08-28 21:28:26 +0900: Memory Usage (977860K) : Total no. of polygons in the design is 4018780
2025-08-28 21:28:26 +0900: Memory Usage (977860K) : Loaded TECH DRC rules values from /opt/ext/OpenPDKs/IHP-Open-PDK/ihp-sg13g2/libs.tech/klayout/python/sg13g2_pycell_lib/sg13g2_tech_mod.json
2025-08-28 21:28:26 +0900: Memory Usage (977860K) : Loaded default DRC rules values from /opt/ext/OpenPDKs/IHP-Open-PDK/ihp-sg13g2/libs.tech/klayout/tech/drc/rule_decks/sg13g2_tech_default.json
2025-08-28 21:28:26 +0900: Memory Usage (977860K) : Total area of the design is 1999995.5559999992 um^2.
2025-08-28 21:28:26 +0900: Memory Usage (977860K) : The design dimensions are 1432.5999999999997 µm * 1396.0599999999997 µm.
2025-08-28 21:28:26 +0900: Memory Usage (977860K) : Starting general IHP-SG13G2 derivations.
2025-08-28 21:28:26 +0900: Memory Usage (977860K) : Starting Pwell derivations
2025-08-28 21:28:26 +0900: Memory Usage (977860K) : Starting n-Activ derivations
2025-08-28 21:28:27 +0900: Memory Usage (977860K) : Starting p-Activ derivations
2025-08-28 21:28:28 +0900: Memory Usage (977860K) : Starting cont/contbar general derivations
2025-08-28 21:30:46 +0900: Memory Usage (1563504K) : Starting IHP-SG13G2 DRC rules.
2025-08-28 21:30:46 +0900: Memory Usage (1563504K) : Running all FEOL rules
2025-08-28 21:30:46 +0900: Memory Usage (1563504K) : Running all BEOL rules
2025-08-28 21:30:46 +0900: Memory Usage (1563504K) : Starting 5.14. Cont table
2025-08-28 21:30:46 +0900: Memory Usage (1563504K) : Executing rule Cnt.a
2025-08-28 21:30:57 +0900: Memory Usage (1563504K) : Executing rule Cnt.b
2025-08-28 21:31:42 +0900: Memory Usage (1917320K) : Executing rule Cnt.c
2025-08-28 21:34:25 +0900: Memory Usage (2203016K) : Executing rule Cnt.d
2025-08-28 21:34:30 +0900: Memory Usage (2203016K) : Executing rule Cnt.e
2025-08-28 21:35:20 +0900: Memory Usage (2203072K) : Executing rule Cnt.g1
2025-08-28 21:35:29 +0900: Memory Usage (499088K) : Starting running IHP-SG13G2 Klayout DRC runset on /home/ckdur/Documents/SymbioticEDA/asicone_sg13g2/chip/signoff/outputs/asicone_202508.fill.gds
2025-08-28 21:35:29 +0900: Memory Usage (499088K) : Ruby Version for klayout: 3.2.3
2025-08-28 21:35:31 +0900: Memory Usage (544904K) : Loading database to memory is complete.
2025-08-28 21:35:31 +0900: Memory Usage (544904K) : IHP-SG13G2 Klayout DRC runset output at: /home/ckdur/Documents/SymbioticEDA/asicone_sg13g2/chip/signoff/reports/asicone_202508.fill_asicone_202508_cont.lyrdb
2025-08-28 21:35:31 +0900: Memory Usage (544904K) : Evaluate switches.
2025-08-28 21:35:31 +0900: Memory Usage (544904K) : table_name selected  cont
2025-08-28 21:35:31 +0900: Memory Usage (544904K) : Klayout will use 10 thread(s)
2025-08-28 21:35:31 +0900: Memory Usage (544904K) : flat mode is enabled for cont table.
2025-08-28 21:35:31 +0900: Memory Usage (544904K) : FEOL enabled: true
2025-08-28 21:35:31 +0900: Memory Usage (544904K) : BEOL enabled: true
2025-08-28 21:35:31 +0900: Memory Usage (544904K) : OffGrid enabled: true
2025-08-28 21:35:31 +0900: Memory Usage (544904K) : PreCheck DRC enabled: false
2025-08-28 21:35:31 +0900: Memory Usage (544904K) : CONNECTIVITY_RULES enabled: false for table cont
2025-08-28 21:35:31 +0900: Memory Usage (544904K) : Read in polygons from layers.
2025-08-28 21:35:38 +0900: Memory Usage (554872K) : activ_drw has 10081 polygons
2025-08-28 21:35:38 +0900: Memory Usage (554872K) : activ_pin has 0 polygons
2025-08-28 21:35:38 +0900: Memory Usage (554872K) : activ_mask has 0 polygons
2025-08-28 21:35:39 +0900: Memory Usage (554872K) : activ_filler has 30337 polygons
2025-08-28 21:35:39 +0900: Memory Usage (554872K) : activ_nofill has 0 polygons
2025-08-28 21:35:39 +0900: Memory Usage (554872K) : activ_opc has 0 polygons
2025-08-28 21:35:39 +0900: Memory Usage (554872K) : activ_iopc has 0 polygons
2025-08-28 21:35:39 +0900: Memory Usage (554872K) : activ_noqrc has 0 polygons
2025-08-28 21:35:39 +0900: Memory Usage (554872K) : biwind_drw has 0 polygons
2025-08-28 21:35:39 +0900: Memory Usage (554872K) : biwind_opc has 0 polygons
2025-08-28 21:35:39 +0900: Memory Usage (554872K) : pemwind_drw has 0 polygons
2025-08-28 21:35:48 +0900: Memory Usage (620952K) : gatpoly_drw has 23583 polygons
2025-08-28 21:35:48 +0900: Memory Usage (620952K) : gatpoly_pin has 0 polygons
2025-08-28 21:35:49 +0900: Memory Usage (620952K) : gatpoly_filler has 30337 polygons
2025-08-28 21:35:49 +0900: Memory Usage (620952K) : gatpoly_nofill has 0 polygons
2025-08-28 21:35:49 +0900: Memory Usage (620952K) : gatpoly_opc has 0 polygons
2025-08-28 21:35:49 +0900: Memory Usage (620952K) : gatpoly_iopc has 0 polygons
2025-08-28 21:35:49 +0900: Memory Usage (620952K) : gatpoly_noqrc has 0 polygons
2025-08-28 21:37:16 +0900: Memory Usage (956008K) : cont_drw has 2901899 polygons
2025-08-28 21:37:16 +0900: Memory Usage (956008K) : cont_opc has 0 polygons
2025-08-28 21:37:16 +0900: Memory Usage (956008K) : nsd_drw has 0 polygons
2025-08-28 21:37:16 +0900: Memory Usage (956008K) : nsd_block has 0 polygons
2025-08-28 21:37:19 +0900: Memory Usage (2203648K) : Executing rule Cnt.g2
2025-08-28 21:37:28 +0900: Memory Usage (978024K) : metal1_drw has 16153 polygons
2025-08-28 21:37:28 +0900: Memory Usage (978024K) : metal1_pin has 794 polygons
2025-08-28 21:37:28 +0900: Memory Usage (978024K) : metal1_mask has 0 polygons
2025-08-28 21:37:30 +0900: Memory Usage (978024K) : metal1_filler has 60876 polygons
2025-08-28 21:37:30 +0900: Memory Usage (978024K) : metal1_nofill has 0 polygons
2025-08-28 21:37:30 +0900: Memory Usage (978024K) : metal1_slit has 0 polygons
2025-08-28 21:37:30 +0900: Memory Usage (978280K) : metal1_text has 85780 polygons
2025-08-28 21:37:30 +0900: Memory Usage (978280K) : metal1_opc has 0 polygons
2025-08-28 21:37:30 +0900: Memory Usage (978280K) : metal1_noqrc has 0 polygons
2025-08-28 21:37:30 +0900: Memory Usage (978280K) : metal1_res has 0 polygons
2025-08-28 21:37:30 +0900: Memory Usage (978280K) : metal1_iprobe has 0 polygons
2025-08-28 21:37:30 +0900: Memory Usage (978280K) : metal1_diffprb has 0 polygons
2025-08-28 21:37:31 +0900: Memory Usage (978280K) : passiv_drw has 39 polygons
2025-08-28 21:37:31 +0900: Memory Usage (978280K) : passiv_pin has 0 polygons
2025-08-28 21:37:31 +0900: Memory Usage (978280K) : passiv_sbump has 0 polygons
2025-08-28 21:37:31 +0900: Memory Usage (978280K) : passiv_pillar has 0 polygons
2025-08-28 21:37:31 +0900: Memory Usage (978280K) : passiv_pdl has 0 polygons
2025-08-28 21:37:33 +0900: Memory Usage (978280K) : metal2_drw has 9306 polygons
2025-08-28 21:37:33 +0900: Memory Usage (978280K) : metal2_pin has 691 polygons
2025-08-28 21:37:33 +0900: Memory Usage (978280K) : metal2_mask has 0 polygons
2025-08-28 21:37:36 +0900: Memory Usage (978280K) : metal2_filler has 66402 polygons
2025-08-28 21:37:36 +0900: Memory Usage (978280K) : metal2_nofill has 0 polygons
2025-08-28 21:37:36 +0900: Memory Usage (978280K) : metal2_slit has 0 polygons
2025-08-28 21:37:36 +0900: Memory Usage (978280K) : metal2_text has 1251 polygons
2025-08-28 21:37:36 +0900: Memory Usage (978280K) : metal2_opc has 0 polygons
2025-08-28 21:37:36 +0900: Memory Usage (978280K) : metal2_noqrc has 0 polygons
2025-08-28 21:37:36 +0900: Memory Usage (978280K) : metal2_res has 0 polygons
2025-08-28 21:37:36 +0900: Memory Usage (978280K) : metal2_iprobe has 0 polygons
2025-08-28 21:37:36 +0900: Memory Usage (978280K) : metal2_diffprb has 0 polygons
2025-08-28 21:37:36 +0900: Memory Usage (978280K) : baspoly_drw has 0 polygons
2025-08-28 21:37:36 +0900: Memory Usage (978280K) : baspoly_pin has 0 polygons
2025-08-28 21:37:40 +0900: Memory Usage (978280K) : psd_drw has 1631 polygons
2025-08-28 21:37:40 +0900: Memory Usage (978280K) : nldb_drw has 0 polygons
2025-08-28 21:37:40 +0900: Memory Usage (978280K) : digibnd_drw has 0 polygons
2025-08-28 21:37:43 +0900: Memory Usage (978280K) : via1_drw has 109916 polygons
2025-08-28 21:37:43 +0900: Memory Usage (978280K) : backmetal1_drw has 0 polygons
2025-08-28 21:37:43 +0900: Memory Usage (978280K) : backmetal1_pin has 0 polygons
2025-08-28 21:37:43 +0900: Memory Usage (978280K) : backmetal1_mask has 0 polygons
2025-08-28 21:37:43 +0900: Memory Usage (978280K) : backmetal1_filler has 0 polygons
2025-08-28 21:37:43 +0900: Memory Usage (978280K) : backmetal1_nofill has 0 polygons
2025-08-28 21:37:43 +0900: Memory Usage (978280K) : backmetal1_slit has 0 polygons
2025-08-28 21:37:43 +0900: Memory Usage (978280K) : backmetal1_text has 0 polygons
2025-08-28 21:37:43 +0900: Memory Usage (978280K) : backmetal1_opc has 0 polygons
2025-08-28 21:37:43 +0900: Memory Usage (978280K) : backmetal1_noqrc has 0 polygons
2025-08-28 21:37:43 +0900: Memory Usage (978280K) : backmetal1_res has 0 polygons
2025-08-28 21:37:43 +0900: Memory Usage (978280K) : backmetal1_iprobe has 0 polygons
2025-08-28 21:37:43 +0900: Memory Usage (978280K) : backmetal1_diffprb has 0 polygons
2025-08-28 21:37:43 +0900: Memory Usage (978280K) : backpassiv_drw has 0 polygons
2025-08-28 21:37:43 +0900: Memory Usage (978280K) : res_drw has 0 polygons
2025-08-28 21:37:43 +0900: Memory Usage (978280K) : sram_drw has 0 polygons
2025-08-28 21:37:43 +0900: Memory Usage (978280K) : trans_drw has 0 polygons
2025-08-28 21:37:43 +0900: Memory Usage (978280K) : ind_drw has 0 polygons
2025-08-28 21:37:43 +0900: Memory Usage (978280K) : ind_pin has 0 polygons
2025-08-28 21:37:43 +0900: Memory Usage (978280K) : ind_text has 0 polygons
2025-08-28 21:37:44 +0900: Memory Usage (978280K) : salblock_drw has 65 polygons
2025-08-28 21:37:47 +0900: Memory Usage (978280K) : via2_drw has 113723 polygons
2025-08-28 21:37:49 +0900: Memory Usage (978280K) : metal3_drw has 5065 polygons
2025-08-28 21:37:49 +0900: Memory Usage (978280K) : metal3_pin has 242 polygons
2025-08-28 21:37:49 +0900: Memory Usage (978280K) : metal3_mask has 0 polygons
2025-08-28 21:37:51 +0900: Memory Usage (978280K) : metal3_filler has 41149 polygons
2025-08-28 21:37:51 +0900: Memory Usage (978280K) : metal3_nofill has 0 polygons
2025-08-28 21:37:51 +0900: Memory Usage (978280K) : metal3_slit has 0 polygons
2025-08-28 21:37:51 +0900: Memory Usage (978280K) : metal3_text has 593 polygons
2025-08-28 21:37:51 +0900: Memory Usage (978280K) : metal3_opc has 0 polygons
2025-08-28 21:37:51 +0900: Memory Usage (978280K) : metal3_noqrc has 0 polygons
2025-08-28 21:37:51 +0900: Memory Usage (978280K) : metal3_res has 0 polygons
2025-08-28 21:37:51 +0900: Memory Usage (978280K) : metal3_iprobe has 0 polygons
2025-08-28 21:37:51 +0900: Memory Usage (978280K) : metal3_diffprb has 0 polygons
2025-08-28 21:37:53 +0900: Memory Usage (978280K) : nwell_drw has 226 polygons
2025-08-28 21:37:53 +0900: Memory Usage (978280K) : nwell_pin has 0 polygons
2025-08-28 21:37:53 +0900: Memory Usage (978280K) : nbulay_drw has 0 polygons
2025-08-28 21:37:53 +0900: Memory Usage (978280K) : nbulay_pin has 0 polygons
2025-08-28 21:37:53 +0900: Memory Usage (978280K) : nbulay_block has 0 polygons
2025-08-28 21:37:53 +0900: Memory Usage (978280K) : emwind_drw has 0 polygons
2025-08-28 21:37:53 +0900: Memory Usage (978280K) : emwind_opc has 0 polygons
2025-08-28 21:37:53 +0900: Memory Usage (978280K) : deepco_drw has 0 polygons
2025-08-28 21:37:53 +0900: Memory Usage (978280K) : deepco_drw has 0 polygons
2025-08-28 21:37:53 +0900: Memory Usage (978280K) : mim_drw has 0 polygons
2025-08-28 21:37:53 +0900: Memory Usage (978280K) : edgeseal_drw has 1 polygons
2025-08-28 21:37:54 +0900: Memory Usage (978280K) : edgeseal_bound has 1 polygons
2025-08-28 21:37:54 +0900: Memory Usage (978280K) : substrate_drw has 164 polygons
2025-08-28 21:37:54 +0900: Memory Usage (978280K) : substrate_text has 0 polygons
2025-08-28 21:37:54 +0900: Memory Usage (978280K) : dfpad_drw has 38 polygons
2025-08-28 21:37:54 +0900: Memory Usage (978280K) : dfpad_pillar has 0 polygons
2025-08-28 21:37:54 +0900: Memory Usage (978280K) : dfpad_sbump has 0 polygons
2025-08-28 21:37:54 +0900: Memory Usage (978280K) : thickgateox_drw has 74 polygons
2025-08-28 21:37:54 +0900: Memory Usage (978280K) : pldb_drw has 0 polygons
2025-08-28 21:37:54 +0900: Memory Usage (978280K) : pwell_drw has 0 polygons
2025-08-28 21:37:54 +0900: Memory Usage (978280K) : pwell_pin has 0 polygons
2025-08-28 21:37:54 +0900: Memory Usage (978280K) : pwell_block has 0 polygons
2025-08-28 21:37:54 +0900: Memory Usage (978280K) : ic_drw has 0 polygons
2025-08-28 21:37:58 +0900: Memory Usage (978280K) : via3_drw has 115220 polygons
2025-08-28 21:37:58 +0900: Memory Usage (978280K) : metal4_drw has 2679 polygons
2025-08-28 21:37:59 +0900: Memory Usage (978280K) : metal4_pin has 76 polygons
2025-08-28 21:37:59 +0900: Memory Usage (978280K) : metal4_mask has 0 polygons
2025-08-28 21:38:00 +0900: Memory Usage (978280K) : metal4_filler has 41725 polygons
2025-08-28 21:38:00 +0900: Memory Usage (978280K) : metal4_nofill has 0 polygons
2025-08-28 21:38:00 +0900: Memory Usage (978280K) : metal4_slit has 0 polygons
2025-08-28 21:38:00 +0900: Memory Usage (978280K) : metal4_text has 426 polygons
2025-08-28 21:38:00 +0900: Memory Usage (978280K) : metal4_opc has 0 polygons
2025-08-28 21:38:00 +0900: Memory Usage (978280K) : metal4_noqrc has 0 polygons
2025-08-28 21:38:00 +0900: Memory Usage (978280K) : metal4_res has 0 polygons
2025-08-28 21:38:00 +0900: Memory Usage (978280K) : metal4_iprobe has 0 polygons
2025-08-28 21:38:00 +0900: Memory Usage (978280K) : metal4_diffprb has 0 polygons
2025-08-28 21:38:00 +0900: Memory Usage (978280K) : heattrans_drw has 0 polygons
2025-08-28 21:38:00 +0900: Memory Usage (978280K) : heatres_drw has 38 polygons
2025-08-28 21:38:00 +0900: Memory Usage (978280K) : pempoly_drw has 0 polygons
2025-08-28 21:38:00 +0900: Memory Usage (978280K) : fbe_drw has 0 polygons
2025-08-28 21:38:00 +0900: Memory Usage (978280K) : empoly_drw has 0 polygons
2025-08-28 21:38:00 +0900: Memory Usage (978280K) : ldmos_drw has 0 polygons
2025-08-28 21:38:00 +0900: Memory Usage (978280K) : pbiwind_drw has 0 polygons
2025-08-28 21:38:00 +0900: Memory Usage (978280K) : digisub_drw has 0 polygons
2025-08-28 21:38:00 +0900: Memory Usage (978280K) : nodrc_drw has 0 polygons
2025-08-28 21:38:01 +0900: Memory Usage (978280K) : text_drw has 1117 polygons
2025-08-28 21:38:03 +0900: Memory Usage (978280K) : via4_drw has 122691 polygons
2025-08-28 21:38:04 +0900: Memory Usage (978280K) : metal5_drw has 544 polygons
2025-08-28 21:38:04 +0900: Memory Usage (978280K) : metal5_pin has 85 polygons
2025-08-28 21:38:04 +0900: Memory Usage (978280K) : metal5_mask has 0 polygons
2025-08-28 21:38:06 +0900: Memory Usage (978280K) : metal5_filler has 40838 polygons
2025-08-28 21:38:06 +0900: Memory Usage (978280K) : metal5_nofill has 0 polygons
2025-08-28 21:38:06 +0900: Memory Usage (978280K) : metal5_slit has 0 polygons
2025-08-28 21:38:06 +0900: Memory Usage (978280K) : metal5_text has 421 polygons
2025-08-28 21:38:06 +0900: Memory Usage (978280K) : metal5_opc has 0 polygons
2025-08-28 21:38:06 +0900: Memory Usage (978280K) : metal5_noqrc has 0 polygons
2025-08-28 21:38:06 +0900: Memory Usage (978280K) : metal5_res has 0 polygons
2025-08-28 21:38:06 +0900: Memory Usage (978280K) : metal5_iprobe has 0 polygons
2025-08-28 21:38:06 +0900: Memory Usage (978280K) : metal5_diffprb has 0 polygons
2025-08-28 21:38:06 +0900: Memory Usage (978280K) : radhard_drw has 0 polygons
2025-08-28 21:38:06 +0900: Memory Usage (978280K) : memcap_drw has 0 polygons
2025-08-28 21:38:06 +0900: Memory Usage (978280K) : varicap_drw has 0 polygons
2025-08-28 21:38:06 +0900: Memory Usage (978280K) : flash_drw has 0 polygons
2025-08-28 21:38:06 +0900: Memory Usage (978280K) : intbondvia_drw has 0 polygons
2025-08-28 21:38:06 +0900: Memory Usage (978280K) : intbondmet_drw has 0 polygons
2025-08-28 21:38:06 +0900: Memory Usage (978280K) : devbondvia_drw has 0 polygons
2025-08-28 21:38:06 +0900: Memory Usage (978280K) : devbondmet_drw has 0 polygons
2025-08-28 21:38:06 +0900: Memory Usage (978280K) : devtrench_drw has 0 polygons
2025-08-28 21:38:06 +0900: Memory Usage (978280K) : redist_drw has 0 polygons
2025-08-28 21:38:06 +0900: Memory Usage (978280K) : graphbot_drw has 0 polygons
2025-08-28 21:38:06 +0900: Memory Usage (978280K) : graphtop_drw has 0 polygons
2025-08-28 21:38:06 +0900: Memory Usage (978280K) : antvia1_drw has 0 polygons
2025-08-28 21:38:06 +0900: Memory Usage (978280K) : antmetal2_drw has 0 polygons
2025-08-28 21:38:06 +0900: Memory Usage (978280K) : graphcont_drw has 0 polygons
2025-08-28 21:38:06 +0900: Memory Usage (978280K) : siwg_drw has 0 polygons
2025-08-28 21:38:06 +0900: Memory Usage (978280K) : siwg_filler has 0 polygons
2025-08-28 21:38:06 +0900: Memory Usage (978280K) : siwg_nofill has 0 polygons
2025-08-28 21:38:06 +0900: Memory Usage (978280K) : sigrating_drw has 0 polygons
2025-08-28 21:38:06 +0900: Memory Usage (978280K) : singrating_drw has 0 polygons
2025-08-28 21:38:06 +0900: Memory Usage (978280K) : graphpas_drw has 0 polygons
2025-08-28 21:38:06 +0900: Memory Usage (978280K) : emwind3_drw has 0 polygons
2025-08-28 21:38:06 +0900: Memory Usage (978280K) : emwihv3_drw has 0 polygons
2025-08-28 21:38:06 +0900: Memory Usage (978280K) : redbulay_drw has 0 polygons
2025-08-28 21:38:06 +0900: Memory Usage (978280K) : smos_drw has 0 polygons
2025-08-28 21:38:06 +0900: Memory Usage (978280K) : graphpad_drw has 0 polygons
2025-08-28 21:38:06 +0900: Memory Usage (978280K) : polimide_drw has 0 polygons
2025-08-28 21:38:06 +0900: Memory Usage (978280K) : polimide_pin has 0 polygons
2025-08-28 21:38:06 +0900: Memory Usage (978280K) : recog_drw has 0 polygons
2025-08-28 21:38:06 +0900: Memory Usage (978280K) : recog_pin has 0 polygons
2025-08-28 21:38:06 +0900: Memory Usage (978280K) : recog_esd has 0 polygons
2025-08-28 21:38:06 +0900: Memory Usage (978280K) : recog_diode has 220 polygons
2025-08-28 21:38:06 +0900: Memory Usage (978280K) : recog_tsv has 0 polygons
2025-08-28 21:38:06 +0900: Memory Usage (978280K) : recog_iprobe has 0 polygons
2025-08-28 21:38:06 +0900: Memory Usage (978280K) : recog_diffprb has 0 polygons
2025-08-28 21:38:06 +0900: Memory Usage (978280K) : recog_pillar has 0 polygons
2025-08-28 21:38:06 +0900: Memory Usage (978280K) : recog_sbump has 0 polygons
2025-08-28 21:38:06 +0900: Memory Usage (978280K) : recog_otp has 0 polygons
2025-08-28 21:38:06 +0900: Memory Usage (978280K) : recog_pdiode has 0 polygons
2025-08-28 21:38:06 +0900: Memory Usage (978280K) : recog_mom has 0 polygons
2025-08-28 21:38:06 +0900: Memory Usage (978280K) : recog_pcm has 0 polygons
2025-08-28 21:38:06 +0900: Memory Usage (978280K) : colopen_drw has 0 polygons
2025-08-28 21:38:06 +0900: Memory Usage (978280K) : graphmetal1_drw has 0 polygons
2025-08-28 21:38:06 +0900: Memory Usage (978280K) : graphmetal1_filler has 0 polygons
2025-08-28 21:38:06 +0900: Memory Usage (978280K) : graphmetal1_nofill has 0 polygons
2025-08-28 21:38:06 +0900: Memory Usage (978280K) : graphmetal1_slit has 0 polygons
2025-08-28 21:38:06 +0900: Memory Usage (978280K) : graphmetal1_opc has 0 polygons
2025-08-28 21:38:06 +0900: Memory Usage (978280K) : graphmet1l_drw has 0 polygons
2025-08-28 21:38:06 +0900: Memory Usage (978280K) : graphmet1l_filler has 0 polygons
2025-08-28 21:38:06 +0900: Memory Usage (978280K) : graphmet1l_nofill has 0 polygons
2025-08-28 21:38:06 +0900: Memory Usage (978280K) : graphmet1l_slit has 0 polygons
2025-08-28 21:38:06 +0900: Memory Usage (978280K) : graphmet1l_opc has 0 polygons
2025-08-28 21:38:06 +0900: Memory Usage (978280K) : extblock_drw has 65 polygons
2025-08-28 21:38:06 +0900: Memory Usage (978280K) : nldd_drw has 0 polygons
2025-08-28 21:38:06 +0900: Memory Usage (978280K) : pldd_drw has 0 polygons
2025-08-28 21:38:06 +0900: Memory Usage (978280K) : next_drw has 0 polygons
2025-08-28 21:38:06 +0900: Memory Usage (978280K) : pext_drw has 0 polygons
2025-08-28 21:38:06 +0900: Memory Usage (978280K) : nexthv_drw has 0 polygons
2025-08-28 21:38:06 +0900: Memory Usage (978280K) : pexthv_drw has 0 polygons
2025-08-28 21:38:06 +0900: Memory Usage (978280K) : graphgate_drw has 0 polygons
2025-08-28 21:38:06 +0900: Memory Usage (978280K) : sinwg_drw has 0 polygons
2025-08-28 21:38:06 +0900: Memory Usage (978280K) : sinwg_filler has 0 polygons
2025-08-28 21:38:06 +0900: Memory Usage (978280K) : sinwg_nofill has 0 polygons
2025-08-28 21:38:06 +0900: Memory Usage (978280K) : mempad_drw has 0 polygons
2025-08-28 21:38:09 +0900: Memory Usage (978280K) : topvia1_drw has 101818 polygons
2025-08-28 21:38:09 +0900: Memory Usage (978280K) : topmetal1_drw has 87 polygons
2025-08-28 21:38:10 +0900: Memory Usage (978280K) : topmetal1_pin has 82 polygons
2025-08-28 21:38:10 +0900: Memory Usage (978280K) : topmetal1_mask has 0 polygons
2025-08-28 21:38:10 +0900: Memory Usage (978280K) : topmetal1_filler has 6540 polygons
2025-08-28 21:38:10 +0900: Memory Usage (978280K) : topmetal1_nofill has 0 polygons
2025-08-28 21:38:10 +0900: Memory Usage (978280K) : topmetal1_slit has 0 polygons
2025-08-28 21:38:10 +0900: Memory Usage (978280K) : topmetal1_text has 421 polygons
2025-08-28 21:38:10 +0900: Memory Usage (978280K) : topmetal1_noqrc has 0 polygons
2025-08-28 21:38:10 +0900: Memory Usage (978280K) : topmetal1_res has 0 polygons
2025-08-28 21:38:10 +0900: Memory Usage (978280K) : topmetal1_iprobe has 0 polygons
2025-08-28 21:38:10 +0900: Memory Usage (978280K) : topmetal1_diffprb has 0 polygons
2025-08-28 21:38:10 +0900: Memory Usage (978280K) : inldpwl_drw has 0 polygons
2025-08-28 21:38:10 +0900: Memory Usage (978280K) : polyres_drw has 115 polygons
2025-08-28 21:38:10 +0900: Memory Usage (978280K) : polyres_pin has 0 polygons
2025-08-28 21:38:10 +0900: Memory Usage (978280K) : vmim_drw has 0 polygons
2025-08-28 21:38:10 +0900: Memory Usage (978280K) : nbulaycut_drw has 0 polygons
2025-08-28 21:38:10 +0900: Memory Usage (978280K) : antmetal1_drw has 0 polygons
2025-08-28 21:38:12 +0900: Memory Usage (978280K) : topvia2_drw has 63729 polygons
2025-08-28 21:38:12 +0900: Memory Usage (978280K) : topmetal2_drw has 44 polygons
2025-08-28 21:38:12 +0900: Memory Usage (978280K) : topmetal2_pin has 89 polygons
2025-08-28 21:38:12 +0900: Memory Usage (978280K) : topmetal2_mask has 0 polygons
2025-08-28 21:38:13 +0900: Memory Usage (978280K) : topmetal2_filler has 8916 polygons
2025-08-28 21:38:13 +0900: Memory Usage (978280K) : topmetal2_nofill has 0 polygons
2025-08-28 21:38:13 +0900: Memory Usage (978280K) : topmetal2_slit has 0 polygons
2025-08-28 21:38:13 +0900: Memory Usage (978280K) : topmetal2_text has 339 polygons
2025-08-28 21:38:13 +0900: Memory Usage (978280K) : topmetal2_noqrc has 0 polygons
2025-08-28 21:38:13 +0900: Memory Usage (978280K) : topmetal2_res has 0 polygons
2025-08-28 21:38:13 +0900: Memory Usage (978280K) : topmetal2_iprobe has 0 polygons
2025-08-28 21:38:13 +0900: Memory Usage (978280K) : topmetal2_diffprb has 0 polygons
2025-08-28 21:38:13 +0900: Memory Usage (978280K) : snsring_drw has 0 polygons
2025-08-28 21:38:13 +0900: Memory Usage (978280K) : sensor_drw has 0 polygons
2025-08-28 21:38:13 +0900: Memory Usage (978280K) : snsarms_drw has 0 polygons
2025-08-28 21:38:13 +0900: Memory Usage (978280K) : snscmosvia_drw has 0 polygons
2025-08-28 21:38:13 +0900: Memory Usage (978280K) : colwind_drw has 0 polygons
2025-08-28 21:38:13 +0900: Memory Usage (978280K) : flm_drw has 0 polygons
2025-08-28 21:38:13 +0900: Memory Usage (978280K) : hafniumox_drw has 0 polygons
2025-08-28 21:38:13 +0900: Memory Usage (978280K) : memvia_drw has 0 polygons
2025-08-28 21:38:13 +0900: Memory Usage (978280K) : thinfilmres_drw has 0 polygons
2025-08-28 21:38:13 +0900: Memory Usage (978280K) : rfmem_drw has 0 polygons
2025-08-28 21:38:13 +0900: Memory Usage (978280K) : norcx_drw has 0 polygons
2025-08-28 21:38:13 +0900: Memory Usage (978280K) : norcx_m2m3 has 0 polygons
2025-08-28 21:38:13 +0900: Memory Usage (978280K) : norcx_m2m4 has 0 polygons
2025-08-28 21:38:13 +0900: Memory Usage (978280K) : norcx_m2m5 has 0 polygons
2025-08-28 21:38:13 +0900: Memory Usage (978280K) : norcx_m2tm1 has 0 polygons
2025-08-28 21:38:13 +0900: Memory Usage (978280K) : norcx_m2tm2 has 0 polygons
2025-08-28 21:38:13 +0900: Memory Usage (978280K) : norcx_m3m4 has 0 polygons
2025-08-28 21:38:13 +0900: Memory Usage (978280K) : norcx_m3m5 has 0 polygons
2025-08-28 21:38:13 +0900: Memory Usage (978280K) : norcx_m3tm1 has 0 polygons
2025-08-28 21:38:13 +0900: Memory Usage (978280K) : norcx_m3tm2 has 0 polygons
2025-08-28 21:38:13 +0900: Memory Usage (978280K) : norcx_m4m5 has 0 polygons
2025-08-28 21:38:13 +0900: Memory Usage (978280K) : norcx_m4tm1 has 0 polygons
2025-08-28 21:38:13 +0900: Memory Usage (978280K) : norcx_m4tm2 has 0 polygons
2025-08-28 21:38:13 +0900: Memory Usage (978280K) : norcx_m5tm1 has 0 polygons
2025-08-28 21:38:13 +0900: Memory Usage (978280K) : norcx_m5tm2 has 0 polygons
2025-08-28 21:38:13 +0900: Memory Usage (978280K) : norcx_tm1tm2 has 0 polygons
2025-08-28 21:38:13 +0900: Memory Usage (978280K) : norcx_m1sub has 0 polygons
2025-08-28 21:38:13 +0900: Memory Usage (978280K) : norcx_m2sub has 0 polygons
2025-08-28 21:38:13 +0900: Memory Usage (978280K) : norcx_m3sub has 0 polygons
2025-08-28 21:38:13 +0900: Memory Usage (978280K) : norcx_m4sub has 0 polygons
2025-08-28 21:38:13 +0900: Memory Usage (978280K) : norcx_m5sub has 0 polygons
2025-08-28 21:38:13 +0900: Memory Usage (978280K) : norcx_tm1sub has 0 polygons
2025-08-28 21:38:13 +0900: Memory Usage (978280K) : norcx_tm2sub has 0 polygons
2025-08-28 21:38:13 +0900: Memory Usage (978280K) : snsbotvia_drw has 0 polygons
2025-08-28 21:38:13 +0900: Memory Usage (978280K) : snstopvia_drw has 0 polygons
2025-08-28 21:38:13 +0900: Memory Usage (978280K) : deepvia_drw has 0 polygons
2025-08-28 21:38:13 +0900: Memory Usage (978280K) : fgetch_drw has 0 polygons
2025-08-28 21:38:13 +0900: Memory Usage (978280K) : ctrgat_drw has 0 polygons
2025-08-28 21:38:13 +0900: Memory Usage (978280K) : fgimp_drw has 0 polygons
2025-08-28 21:38:13 +0900: Memory Usage (978280K) : emwihv_drw has 0 polygons
2025-08-28 21:38:13 +0900: Memory Usage (978280K) : lbe_drw has 0 polygons
2025-08-28 21:38:13 +0900: Memory Usage (978280K) : alcustop_drw has 0 polygons
2025-08-28 21:38:13 +0900: Memory Usage (978280K) : nometfiller_drw has 0 polygons
2025-08-28 21:38:13 +0900: Memory Usage (978280K) : prboundary_drw has 38 polygons
2025-08-28 21:38:13 +0900: Memory Usage (978280K) : exchange0_drw has 0 polygons
2025-08-28 21:38:13 +0900: Memory Usage (978280K) : exchange0_pin has 0 polygons
2025-08-28 21:38:13 +0900: Memory Usage (978280K) : exchange0_text has 0 polygons
2025-08-28 21:38:13 +0900: Memory Usage (978280K) : exchange1_drw has 0 polygons
2025-08-28 21:38:13 +0900: Memory Usage (978280K) : exchange1_pin has 0 polygons
2025-08-28 21:38:13 +0900: Memory Usage (978280K) : exchange1_text has 0 polygons
2025-08-28 21:38:13 +0900: Memory Usage (978280K) : exchange2_drw has 0 polygons
2025-08-28 21:38:13 +0900: Memory Usage (978280K) : exchange2_pin has 0 polygons
2025-08-28 21:38:13 +0900: Memory Usage (978280K) : exchange2_text has 0 polygons
2025-08-28 21:38:13 +0900: Memory Usage (978280K) : exchange3_drw has 0 polygons
2025-08-28 21:38:13 +0900: Memory Usage (978280K) : exchange3_pin has 0 polygons
2025-08-28 21:38:13 +0900: Memory Usage (978280K) : exchange3_text has 0 polygons
2025-08-28 21:38:13 +0900: Memory Usage (978280K) : exchange4_drw has 0 polygons
2025-08-28 21:38:13 +0900: Memory Usage (978280K) : exchange4_pin has 0 polygons
2025-08-28 21:38:13 +0900: Memory Usage (978280K) : exchange4_text has 0 polygons
2025-08-28 21:38:13 +0900: Memory Usage (978280K) : isonwell_drw has 0 polygons
2025-08-28 21:38:13 +0900: Memory Usage (978280K) : Total no. of polygons in the design is 4018780
2025-08-28 21:38:13 +0900: Memory Usage (978536K) : Loaded TECH DRC rules values from /opt/ext/OpenPDKs/IHP-Open-PDK/ihp-sg13g2/libs.tech/klayout/python/sg13g2_pycell_lib/sg13g2_tech_mod.json
2025-08-28 21:38:13 +0900: Memory Usage (978536K) : Loaded default DRC rules values from /opt/ext/OpenPDKs/IHP-Open-PDK/ihp-sg13g2/libs.tech/klayout/tech/drc/rule_decks/sg13g2_tech_default.json
2025-08-28 21:38:13 +0900: Memory Usage (978536K) : Total area of the design is 1999995.5559999992 um^2.
2025-08-28 21:38:13 +0900: Memory Usage (978536K) : The design dimensions are 1432.5999999999997 µm * 1396.0599999999997 µm.
2025-08-28 21:38:13 +0900: Memory Usage (978536K) : Starting general IHP-SG13G2 derivations.
2025-08-28 21:38:13 +0900: Memory Usage (978536K) : Starting Pwell derivations
2025-08-28 21:38:13 +0900: Memory Usage (978792K) : Starting n-Activ derivations
2025-08-28 21:38:14 +0900: Memory Usage (978792K) : Starting p-Activ derivations
2025-08-28 21:38:15 +0900: Memory Usage (978792K) : Starting cont/contbar general derivations
2025-08-28 21:40:33 +0900: Memory Usage (1564420K) : Starting IHP-SG13G2 DRC rules.
2025-08-28 21:40:33 +0900: Memory Usage (1564420K) : Running all FEOL rules
2025-08-28 21:40:33 +0900: Memory Usage (1564420K) : Running all BEOL rules
2025-08-28 21:40:33 +0900: Memory Usage (1564420K) : Starting 5.14. Cont table
2025-08-28 21:40:33 +0900: Memory Usage (1564420K) : Executing rule Cnt.a
2025-08-28 21:40:44 +0900: Memory Usage (1564420K) : Executing rule Cnt.b
2025-08-28 21:41:29 +0900: Memory Usage (1918488K) : Executing rule Cnt.c
2025-08-28 21:43:13 +0900: Memory Usage (2203588K) : KLayout DRC run for table 'cont' completed in 1050.55 seconds
2025-08-28 21:44:00 +0900: Memory Usage (2203928K) : Executing rule Cnt.d
2025-08-28 21:44:05 +0900: Memory Usage (2203928K) : Executing rule Cnt.e
2025-08-28 21:44:51 +0900: Memory Usage (2204104K) : Executing rule Cnt.g1
2025-08-28 21:46:43 +0900: Memory Usage (2204352K) : Executing rule Cnt.g2
2025-08-28 21:52:25 +0900: Memory Usage (2204528K) : KLayout DRC run for table 'cont' completed in 1015.42 seconds
