# Logfile created on 2025-08-28 21:28:57 +0900 by logger.rb/v1.5.3
2025-08-28 21:28:57 +0900: Memory Usage (499520K) : Starting running IHP-SG13G2 Klayout DRC runset on /home/ckdur/Documents/SymbioticEDA/asicone_sg13g2/chip/signoff/outputs/asicone_202508.fill.gds
2025-08-28 21:28:57 +0900: Memory Usage (499520K) : Ruby Version for klayout: 3.2.3
2025-08-28 21:28:58 +0900: Memory Usage (545004K) : Loading database to memory is complete.
2025-08-28 21:28:58 +0900: Memory Usage (545004K) : IHP-SG13G2 Klayout DRC runset output at: /home/ckdur/Documents/SymbioticEDA/asicone_sg13g2/chip/signoff/reports/asicone_202508.fill_asicone_202508_vian.lyrdb
2025-08-28 21:28:58 +0900: Memory Usage (545004K) : Evaluate switches.
2025-08-28 21:28:58 +0900: Memory Usage (545004K) : table_name selected  vian
2025-08-28 21:28:58 +0900: Memory Usage (545004K) : Klayout will use 10 thread(s)
2025-08-28 21:28:58 +0900: Memory Usage (545004K) : flat mode is enabled for vian table.
2025-08-28 21:28:58 +0900: Memory Usage (545004K) : FEOL enabled: true
2025-08-28 21:28:58 +0900: Memory Usage (545004K) : BEOL enabled: true
2025-08-28 21:28:58 +0900: Memory Usage (545004K) : OffGrid enabled: true
2025-08-28 21:28:58 +0900: Memory Usage (545004K) : PreCheck DRC enabled: false
2025-08-28 21:28:58 +0900: Memory Usage (545004K) : CONNECTIVITY_RULES enabled: false for table vian
2025-08-28 21:28:58 +0900: Memory Usage (545004K) : Read in polygons from layers.
2025-08-28 21:29:05 +0900: Memory Usage (554280K) : activ_drw has 10081 polygons
2025-08-28 21:29:05 +0900: Memory Usage (554280K) : activ_pin has 0 polygons
2025-08-28 21:29:05 +0900: Memory Usage (554280K) : activ_mask has 0 polygons
2025-08-28 21:29:06 +0900: Memory Usage (554280K) : activ_filler has 30337 polygons
2025-08-28 21:29:06 +0900: Memory Usage (554280K) : activ_nofill has 0 polygons
2025-08-28 21:29:06 +0900: Memory Usage (554280K) : activ_opc has 0 polygons
2025-08-28 21:29:06 +0900: Memory Usage (554280K) : activ_iopc has 0 polygons
2025-08-28 21:29:06 +0900: Memory Usage (554280K) : activ_noqrc has 0 polygons
2025-08-28 21:29:06 +0900: Memory Usage (554280K) : biwind_drw has 0 polygons
2025-08-28 21:29:06 +0900: Memory Usage (554280K) : biwind_opc has 0 polygons
2025-08-28 21:29:06 +0900: Memory Usage (554280K) : pemwind_drw has 0 polygons
2025-08-28 21:29:15 +0900: Memory Usage (621128K) : gatpoly_drw has 23583 polygons
2025-08-28 21:29:15 +0900: Memory Usage (621128K) : gatpoly_pin has 0 polygons
2025-08-28 21:29:16 +0900: Memory Usage (621128K) : gatpoly_filler has 30337 polygons
2025-08-28 21:29:16 +0900: Memory Usage (621128K) : gatpoly_nofill has 0 polygons
2025-08-28 21:29:16 +0900: Memory Usage (621128K) : gatpoly_opc has 0 polygons
2025-08-28 21:29:16 +0900: Memory Usage (621128K) : gatpoly_iopc has 0 polygons
2025-08-28 21:29:16 +0900: Memory Usage (621128K) : gatpoly_noqrc has 0 polygons
2025-08-28 21:30:43 +0900: Memory Usage (955732K) : cont_drw has 2901899 polygons
2025-08-28 21:30:43 +0900: Memory Usage (955732K) : cont_opc has 0 polygons
2025-08-28 21:30:43 +0900: Memory Usage (955732K) : nsd_drw has 0 polygons
2025-08-28 21:30:43 +0900: Memory Usage (955732K) : nsd_block has 0 polygons
2025-08-28 21:30:54 +0900: Memory Usage (977748K) : metal1_drw has 16153 polygons
2025-08-28 21:30:54 +0900: Memory Usage (977748K) : metal1_pin has 794 polygons
2025-08-28 21:30:54 +0900: Memory Usage (977748K) : metal1_mask has 0 polygons
2025-08-28 21:30:56 +0900: Memory Usage (977748K) : metal1_filler has 60876 polygons
2025-08-28 21:30:56 +0900: Memory Usage (977748K) : metal1_nofill has 0 polygons
2025-08-28 21:30:56 +0900: Memory Usage (977748K) : metal1_slit has 0 polygons
2025-08-28 21:30:57 +0900: Memory Usage (978004K) : metal1_text has 85780 polygons
2025-08-28 21:30:57 +0900: Memory Usage (978004K) : metal1_opc has 0 polygons
2025-08-28 21:30:57 +0900: Memory Usage (978004K) : metal1_noqrc has 0 polygons
2025-08-28 21:30:57 +0900: Memory Usage (978004K) : metal1_res has 0 polygons
2025-08-28 21:30:57 +0900: Memory Usage (978004K) : metal1_iprobe has 0 polygons
2025-08-28 21:30:57 +0900: Memory Usage (978004K) : metal1_diffprb has 0 polygons
2025-08-28 21:30:57 +0900: Memory Usage (978004K) : passiv_drw has 39 polygons
2025-08-28 21:30:57 +0900: Memory Usage (978004K) : passiv_pin has 0 polygons
2025-08-28 21:30:57 +0900: Memory Usage (978004K) : passiv_sbump has 0 polygons
2025-08-28 21:30:57 +0900: Memory Usage (978004K) : passiv_pillar has 0 polygons
2025-08-28 21:30:57 +0900: Memory Usage (978004K) : passiv_pdl has 0 polygons
2025-08-28 21:30:59 +0900: Memory Usage (978004K) : metal2_drw has 9306 polygons
2025-08-28 21:31:00 +0900: Memory Usage (978004K) : metal2_pin has 691 polygons
2025-08-28 21:31:00 +0900: Memory Usage (978004K) : metal2_mask has 0 polygons
2025-08-28 21:31:02 +0900: Memory Usage (978004K) : metal2_filler has 66402 polygons
2025-08-28 21:31:02 +0900: Memory Usage (978004K) : metal2_nofill has 0 polygons
2025-08-28 21:31:02 +0900: Memory Usage (978004K) : metal2_slit has 0 polygons
2025-08-28 21:31:02 +0900: Memory Usage (978004K) : metal2_text has 1251 polygons
2025-08-28 21:31:02 +0900: Memory Usage (978004K) : metal2_opc has 0 polygons
2025-08-28 21:31:02 +0900: Memory Usage (978004K) : metal2_noqrc has 0 polygons
2025-08-28 21:31:02 +0900: Memory Usage (978004K) : metal2_res has 0 polygons
2025-08-28 21:31:02 +0900: Memory Usage (978004K) : metal2_iprobe has 0 polygons
2025-08-28 21:31:02 +0900: Memory Usage (978004K) : metal2_diffprb has 0 polygons
2025-08-28 21:31:02 +0900: Memory Usage (978004K) : baspoly_drw has 0 polygons
2025-08-28 21:31:02 +0900: Memory Usage (978004K) : baspoly_pin has 0 polygons
2025-08-28 21:31:06 +0900: Memory Usage (978004K) : psd_drw has 1631 polygons
2025-08-28 21:31:06 +0900: Memory Usage (978004K) : nldb_drw has 0 polygons
2025-08-28 21:31:06 +0900: Memory Usage (978004K) : digibnd_drw has 0 polygons
2025-08-28 21:31:10 +0900: Memory Usage (978004K) : via1_drw has 109916 polygons
2025-08-28 21:31:10 +0900: Memory Usage (978004K) : backmetal1_drw has 0 polygons
2025-08-28 21:31:10 +0900: Memory Usage (978004K) : backmetal1_pin has 0 polygons
2025-08-28 21:31:10 +0900: Memory Usage (978004K) : backmetal1_mask has 0 polygons
2025-08-28 21:31:10 +0900: Memory Usage (978004K) : backmetal1_filler has 0 polygons
2025-08-28 21:31:10 +0900: Memory Usage (978004K) : backmetal1_nofill has 0 polygons
2025-08-28 21:31:10 +0900: Memory Usage (978004K) : backmetal1_slit has 0 polygons
2025-08-28 21:31:10 +0900: Memory Usage (978004K) : backmetal1_text has 0 polygons
2025-08-28 21:31:10 +0900: Memory Usage (978004K) : backmetal1_opc has 0 polygons
2025-08-28 21:31:10 +0900: Memory Usage (978004K) : backmetal1_noqrc has 0 polygons
2025-08-28 21:31:10 +0900: Memory Usage (978004K) : backmetal1_res has 0 polygons
2025-08-28 21:31:10 +0900: Memory Usage (978004K) : backmetal1_iprobe has 0 polygons
2025-08-28 21:31:10 +0900: Memory Usage (978004K) : backmetal1_diffprb has 0 polygons
2025-08-28 21:31:10 +0900: Memory Usage (978004K) : backpassiv_drw has 0 polygons
2025-08-28 21:31:10 +0900: Memory Usage (978004K) : res_drw has 0 polygons
2025-08-28 21:31:10 +0900: Memory Usage (978004K) : sram_drw has 0 polygons
2025-08-28 21:31:10 +0900: Memory Usage (978004K) : trans_drw has 0 polygons
2025-08-28 21:31:10 +0900: Memory Usage (978004K) : ind_drw has 0 polygons
2025-08-28 21:31:10 +0900: Memory Usage (978004K) : ind_pin has 0 polygons
2025-08-28 21:31:10 +0900: Memory Usage (978004K) : ind_text has 0 polygons
2025-08-28 21:31:10 +0900: Memory Usage (978004K) : salblock_drw has 65 polygons
2025-08-28 21:31:13 +0900: Memory Usage (978004K) : via2_drw has 113723 polygons
2025-08-28 21:31:15 +0900: Memory Usage (978004K) : metal3_drw has 5065 polygons
2025-08-28 21:31:15 +0900: Memory Usage (978004K) : metal3_pin has 242 polygons
2025-08-28 21:31:15 +0900: Memory Usage (978004K) : metal3_mask has 0 polygons
2025-08-28 21:31:17 +0900: Memory Usage (978004K) : metal3_filler has 41149 polygons
2025-08-28 21:31:17 +0900: Memory Usage (978004K) : metal3_nofill has 0 polygons
2025-08-28 21:31:17 +0900: Memory Usage (978004K) : metal3_slit has 0 polygons
2025-08-28 21:31:17 +0900: Memory Usage (978004K) : metal3_text has 593 polygons
2025-08-28 21:31:17 +0900: Memory Usage (978004K) : metal3_opc has 0 polygons
2025-08-28 21:31:17 +0900: Memory Usage (978004K) : metal3_noqrc has 0 polygons
2025-08-28 21:31:17 +0900: Memory Usage (978004K) : metal3_res has 0 polygons
2025-08-28 21:31:17 +0900: Memory Usage (978004K) : metal3_iprobe has 0 polygons
2025-08-28 21:31:17 +0900: Memory Usage (978004K) : metal3_diffprb has 0 polygons
2025-08-28 21:31:19 +0900: Memory Usage (978004K) : nwell_drw has 226 polygons
2025-08-28 21:31:19 +0900: Memory Usage (978004K) : nwell_pin has 0 polygons
2025-08-28 21:31:19 +0900: Memory Usage (978004K) : nbulay_drw has 0 polygons
2025-08-28 21:31:19 +0900: Memory Usage (978004K) : nbulay_pin has 0 polygons
2025-08-28 21:31:19 +0900: Memory Usage (978004K) : nbulay_block has 0 polygons
2025-08-28 21:31:19 +0900: Memory Usage (978004K) : emwind_drw has 0 polygons
2025-08-28 21:31:19 +0900: Memory Usage (978004K) : emwind_opc has 0 polygons
2025-08-28 21:31:19 +0900: Memory Usage (978004K) : deepco_drw has 0 polygons
2025-08-28 21:31:19 +0900: Memory Usage (978004K) : deepco_drw has 0 polygons
2025-08-28 21:31:19 +0900: Memory Usage (978004K) : mim_drw has 0 polygons
2025-08-28 21:31:20 +0900: Memory Usage (978004K) : edgeseal_drw has 1 polygons
2025-08-28 21:31:20 +0900: Memory Usage (978004K) : edgeseal_bound has 1 polygons
2025-08-28 21:31:20 +0900: Memory Usage (978004K) : substrate_drw has 164 polygons
2025-08-28 21:31:20 +0900: Memory Usage (978004K) : substrate_text has 0 polygons
2025-08-28 21:31:20 +0900: Memory Usage (978004K) : dfpad_drw has 38 polygons
2025-08-28 21:31:20 +0900: Memory Usage (978004K) : dfpad_pillar has 0 polygons
2025-08-28 21:31:20 +0900: Memory Usage (978004K) : dfpad_sbump has 0 polygons
2025-08-28 21:31:21 +0900: Memory Usage (978004K) : thickgateox_drw has 74 polygons
2025-08-28 21:31:21 +0900: Memory Usage (978004K) : pldb_drw has 0 polygons
2025-08-28 21:31:21 +0900: Memory Usage (978004K) : pwell_drw has 0 polygons
2025-08-28 21:31:21 +0900: Memory Usage (978004K) : pwell_pin has 0 polygons
2025-08-28 21:31:21 +0900: Memory Usage (978004K) : pwell_block has 0 polygons
2025-08-28 21:31:21 +0900: Memory Usage (978004K) : ic_drw has 0 polygons
2025-08-28 21:31:24 +0900: Memory Usage (978004K) : via3_drw has 115220 polygons
2025-08-28 21:31:24 +0900: Memory Usage (978004K) : metal4_drw has 2679 polygons
2025-08-28 21:31:25 +0900: Memory Usage (978004K) : metal4_pin has 76 polygons
2025-08-28 21:31:25 +0900: Memory Usage (978004K) : metal4_mask has 0 polygons
2025-08-28 21:31:26 +0900: Memory Usage (978004K) : metal4_filler has 41725 polygons
2025-08-28 21:31:26 +0900: Memory Usage (978004K) : metal4_nofill has 0 polygons
2025-08-28 21:31:26 +0900: Memory Usage (978004K) : metal4_slit has 0 polygons
2025-08-28 21:31:26 +0900: Memory Usage (978004K) : metal4_text has 426 polygons
2025-08-28 21:31:26 +0900: Memory Usage (978004K) : metal4_opc has 0 polygons
2025-08-28 21:31:26 +0900: Memory Usage (978004K) : metal4_noqrc has 0 polygons
2025-08-28 21:31:26 +0900: Memory Usage (978004K) : metal4_res has 0 polygons
2025-08-28 21:31:26 +0900: Memory Usage (978004K) : metal4_iprobe has 0 polygons
2025-08-28 21:31:26 +0900: Memory Usage (978004K) : metal4_diffprb has 0 polygons
2025-08-28 21:31:26 +0900: Memory Usage (978004K) : heattrans_drw has 0 polygons
2025-08-28 21:31:26 +0900: Memory Usage (978004K) : heatres_drw has 38 polygons
2025-08-28 21:31:26 +0900: Memory Usage (978004K) : pempoly_drw has 0 polygons
2025-08-28 21:31:26 +0900: Memory Usage (978004K) : fbe_drw has 0 polygons
2025-08-28 21:31:26 +0900: Memory Usage (978004K) : empoly_drw has 0 polygons
2025-08-28 21:31:26 +0900: Memory Usage (978004K) : ldmos_drw has 0 polygons
2025-08-28 21:31:26 +0900: Memory Usage (978004K) : pbiwind_drw has 0 polygons
2025-08-28 21:31:26 +0900: Memory Usage (978004K) : digisub_drw has 0 polygons
2025-08-28 21:31:26 +0900: Memory Usage (978004K) : nodrc_drw has 0 polygons
2025-08-28 21:31:27 +0900: Memory Usage (978004K) : text_drw has 1117 polygons
2025-08-28 21:31:29 +0900: Memory Usage (978004K) : via4_drw has 122691 polygons
2025-08-28 21:31:30 +0900: Memory Usage (978004K) : metal5_drw has 544 polygons
2025-08-28 21:31:30 +0900: Memory Usage (978004K) : metal5_pin has 85 polygons
2025-08-28 21:31:30 +0900: Memory Usage (978004K) : metal5_mask has 0 polygons
2025-08-28 21:31:32 +0900: Memory Usage (978004K) : metal5_filler has 40838 polygons
2025-08-28 21:31:32 +0900: Memory Usage (978004K) : metal5_nofill has 0 polygons
2025-08-28 21:31:32 +0900: Memory Usage (978004K) : metal5_slit has 0 polygons
2025-08-28 21:31:32 +0900: Memory Usage (978004K) : metal5_text has 421 polygons
2025-08-28 21:31:32 +0900: Memory Usage (978004K) : metal5_opc has 0 polygons
2025-08-28 21:31:32 +0900: Memory Usage (978004K) : metal5_noqrc has 0 polygons
2025-08-28 21:31:32 +0900: Memory Usage (978004K) : metal5_res has 0 polygons
2025-08-28 21:31:32 +0900: Memory Usage (978004K) : metal5_iprobe has 0 polygons
2025-08-28 21:31:32 +0900: Memory Usage (978004K) : metal5_diffprb has 0 polygons
2025-08-28 21:31:32 +0900: Memory Usage (978004K) : radhard_drw has 0 polygons
2025-08-28 21:31:32 +0900: Memory Usage (978004K) : memcap_drw has 0 polygons
2025-08-28 21:31:32 +0900: Memory Usage (978004K) : varicap_drw has 0 polygons
2025-08-28 21:31:32 +0900: Memory Usage (978004K) : flash_drw has 0 polygons
2025-08-28 21:31:32 +0900: Memory Usage (978004K) : intbondvia_drw has 0 polygons
2025-08-28 21:31:32 +0900: Memory Usage (978004K) : intbondmet_drw has 0 polygons
2025-08-28 21:31:32 +0900: Memory Usage (978004K) : devbondvia_drw has 0 polygons
2025-08-28 21:31:32 +0900: Memory Usage (978004K) : devbondmet_drw has 0 polygons
2025-08-28 21:31:32 +0900: Memory Usage (978004K) : devtrench_drw has 0 polygons
2025-08-28 21:31:32 +0900: Memory Usage (978004K) : redist_drw has 0 polygons
2025-08-28 21:31:32 +0900: Memory Usage (978004K) : graphbot_drw has 0 polygons
2025-08-28 21:31:32 +0900: Memory Usage (978004K) : graphtop_drw has 0 polygons
2025-08-28 21:31:32 +0900: Memory Usage (978004K) : antvia1_drw has 0 polygons
2025-08-28 21:31:32 +0900: Memory Usage (978004K) : antmetal2_drw has 0 polygons
2025-08-28 21:31:32 +0900: Memory Usage (978004K) : graphcont_drw has 0 polygons
2025-08-28 21:31:32 +0900: Memory Usage (978004K) : siwg_drw has 0 polygons
2025-08-28 21:31:32 +0900: Memory Usage (978004K) : siwg_filler has 0 polygons
2025-08-28 21:31:32 +0900: Memory Usage (978004K) : siwg_nofill has 0 polygons
2025-08-28 21:31:32 +0900: Memory Usage (978004K) : sigrating_drw has 0 polygons
2025-08-28 21:31:32 +0900: Memory Usage (978004K) : singrating_drw has 0 polygons
2025-08-28 21:31:32 +0900: Memory Usage (978004K) : graphpas_drw has 0 polygons
2025-08-28 21:31:32 +0900: Memory Usage (978004K) : emwind3_drw has 0 polygons
2025-08-28 21:31:32 +0900: Memory Usage (978004K) : emwihv3_drw has 0 polygons
2025-08-28 21:31:32 +0900: Memory Usage (978004K) : redbulay_drw has 0 polygons
2025-08-28 21:31:32 +0900: Memory Usage (978004K) : smos_drw has 0 polygons
2025-08-28 21:31:32 +0900: Memory Usage (978004K) : graphpad_drw has 0 polygons
2025-08-28 21:31:32 +0900: Memory Usage (978004K) : polimide_drw has 0 polygons
2025-08-28 21:31:32 +0900: Memory Usage (978004K) : polimide_pin has 0 polygons
2025-08-28 21:31:32 +0900: Memory Usage (978004K) : recog_drw has 0 polygons
2025-08-28 21:31:32 +0900: Memory Usage (978004K) : recog_pin has 0 polygons
2025-08-28 21:31:32 +0900: Memory Usage (978004K) : recog_esd has 0 polygons
2025-08-28 21:31:32 +0900: Memory Usage (978004K) : recog_diode has 220 polygons
2025-08-28 21:31:32 +0900: Memory Usage (978004K) : recog_tsv has 0 polygons
2025-08-28 21:31:32 +0900: Memory Usage (978004K) : recog_iprobe has 0 polygons
2025-08-28 21:31:32 +0900: Memory Usage (978004K) : recog_diffprb has 0 polygons
2025-08-28 21:31:32 +0900: Memory Usage (978004K) : recog_pillar has 0 polygons
2025-08-28 21:31:32 +0900: Memory Usage (978004K) : recog_sbump has 0 polygons
2025-08-28 21:31:32 +0900: Memory Usage (978004K) : recog_otp has 0 polygons
2025-08-28 21:31:32 +0900: Memory Usage (978004K) : recog_pdiode has 0 polygons
2025-08-28 21:31:32 +0900: Memory Usage (978004K) : recog_mom has 0 polygons
2025-08-28 21:31:32 +0900: Memory Usage (978004K) : recog_pcm has 0 polygons
2025-08-28 21:31:32 +0900: Memory Usage (978004K) : colopen_drw has 0 polygons
2025-08-28 21:31:32 +0900: Memory Usage (978004K) : graphmetal1_drw has 0 polygons
2025-08-28 21:31:32 +0900: Memory Usage (978004K) : graphmetal1_filler has 0 polygons
2025-08-28 21:31:32 +0900: Memory Usage (978004K) : graphmetal1_nofill has 0 polygons
2025-08-28 21:31:32 +0900: Memory Usage (978004K) : graphmetal1_slit has 0 polygons
2025-08-28 21:31:32 +0900: Memory Usage (978004K) : graphmetal1_opc has 0 polygons
2025-08-28 21:31:32 +0900: Memory Usage (978004K) : graphmet1l_drw has 0 polygons
2025-08-28 21:31:32 +0900: Memory Usage (978004K) : graphmet1l_filler has 0 polygons
2025-08-28 21:31:32 +0900: Memory Usage (978004K) : graphmet1l_nofill has 0 polygons
2025-08-28 21:31:32 +0900: Memory Usage (978004K) : graphmet1l_slit has 0 polygons
2025-08-28 21:31:32 +0900: Memory Usage (978004K) : graphmet1l_opc has 0 polygons
2025-08-28 21:31:32 +0900: Memory Usage (978004K) : extblock_drw has 65 polygons
2025-08-28 21:31:32 +0900: Memory Usage (978004K) : nldd_drw has 0 polygons
2025-08-28 21:31:32 +0900: Memory Usage (978004K) : pldd_drw has 0 polygons
2025-08-28 21:31:32 +0900: Memory Usage (978004K) : next_drw has 0 polygons
2025-08-28 21:31:32 +0900: Memory Usage (978004K) : pext_drw has 0 polygons
2025-08-28 21:31:32 +0900: Memory Usage (978004K) : nexthv_drw has 0 polygons
2025-08-28 21:31:32 +0900: Memory Usage (978004K) : pexthv_drw has 0 polygons
2025-08-28 21:31:32 +0900: Memory Usage (978004K) : graphgate_drw has 0 polygons
2025-08-28 21:31:32 +0900: Memory Usage (978004K) : sinwg_drw has 0 polygons
2025-08-28 21:31:32 +0900: Memory Usage (978004K) : sinwg_filler has 0 polygons
2025-08-28 21:31:32 +0900: Memory Usage (978004K) : sinwg_nofill has 0 polygons
2025-08-28 21:31:32 +0900: Memory Usage (978004K) : mempad_drw has 0 polygons
2025-08-28 21:31:35 +0900: Memory Usage (978004K) : topvia1_drw has 101818 polygons
2025-08-28 21:31:35 +0900: Memory Usage (978004K) : topmetal1_drw has 87 polygons
2025-08-28 21:31:36 +0900: Memory Usage (978004K) : topmetal1_pin has 82 polygons
2025-08-28 21:31:36 +0900: Memory Usage (978004K) : topmetal1_mask has 0 polygons
2025-08-28 21:31:36 +0900: Memory Usage (978004K) : topmetal1_filler has 6540 polygons
2025-08-28 21:31:36 +0900: Memory Usage (978004K) : topmetal1_nofill has 0 polygons
2025-08-28 21:31:36 +0900: Memory Usage (978004K) : topmetal1_slit has 0 polygons
2025-08-28 21:31:36 +0900: Memory Usage (978004K) : topmetal1_text has 421 polygons
2025-08-28 21:31:36 +0900: Memory Usage (978004K) : topmetal1_noqrc has 0 polygons
2025-08-28 21:31:36 +0900: Memory Usage (978004K) : topmetal1_res has 0 polygons
2025-08-28 21:31:36 +0900: Memory Usage (978004K) : topmetal1_iprobe has 0 polygons
2025-08-28 21:31:36 +0900: Memory Usage (978004K) : topmetal1_diffprb has 0 polygons
2025-08-28 21:31:36 +0900: Memory Usage (978004K) : inldpwl_drw has 0 polygons
2025-08-28 21:31:36 +0900: Memory Usage (978004K) : polyres_drw has 115 polygons
2025-08-28 21:31:36 +0900: Memory Usage (978004K) : polyres_pin has 0 polygons
2025-08-28 21:31:36 +0900: Memory Usage (978004K) : vmim_drw has 0 polygons
2025-08-28 21:31:36 +0900: Memory Usage (978004K) : nbulaycut_drw has 0 polygons
2025-08-28 21:31:36 +0900: Memory Usage (978004K) : antmetal1_drw has 0 polygons
2025-08-28 21:31:38 +0900: Memory Usage (978004K) : topvia2_drw has 63729 polygons
2025-08-28 21:31:38 +0900: Memory Usage (978004K) : topmetal2_drw has 44 polygons
2025-08-28 21:31:38 +0900: Memory Usage (978004K) : topmetal2_pin has 89 polygons
2025-08-28 21:31:38 +0900: Memory Usage (978004K) : topmetal2_mask has 0 polygons
2025-08-28 21:31:39 +0900: Memory Usage (978004K) : topmetal2_filler has 8916 polygons
2025-08-28 21:31:39 +0900: Memory Usage (978004K) : topmetal2_nofill has 0 polygons
2025-08-28 21:31:39 +0900: Memory Usage (978004K) : topmetal2_slit has 0 polygons
2025-08-28 21:31:39 +0900: Memory Usage (978004K) : topmetal2_text has 339 polygons
2025-08-28 21:31:39 +0900: Memory Usage (978004K) : topmetal2_noqrc has 0 polygons
2025-08-28 21:31:39 +0900: Memory Usage (978004K) : topmetal2_res has 0 polygons
2025-08-28 21:31:39 +0900: Memory Usage (978004K) : topmetal2_iprobe has 0 polygons
2025-08-28 21:31:39 +0900: Memory Usage (978004K) : topmetal2_diffprb has 0 polygons
2025-08-28 21:31:39 +0900: Memory Usage (978004K) : snsring_drw has 0 polygons
2025-08-28 21:31:39 +0900: Memory Usage (978004K) : sensor_drw has 0 polygons
2025-08-28 21:31:39 +0900: Memory Usage (978004K) : snsarms_drw has 0 polygons
2025-08-28 21:31:39 +0900: Memory Usage (978004K) : snscmosvia_drw has 0 polygons
2025-08-28 21:31:39 +0900: Memory Usage (978004K) : colwind_drw has 0 polygons
2025-08-28 21:31:39 +0900: Memory Usage (978004K) : flm_drw has 0 polygons
2025-08-28 21:31:39 +0900: Memory Usage (978004K) : hafniumox_drw has 0 polygons
2025-08-28 21:31:39 +0900: Memory Usage (978004K) : memvia_drw has 0 polygons
2025-08-28 21:31:39 +0900: Memory Usage (978004K) : thinfilmres_drw has 0 polygons
2025-08-28 21:31:39 +0900: Memory Usage (978004K) : rfmem_drw has 0 polygons
2025-08-28 21:31:39 +0900: Memory Usage (978004K) : norcx_drw has 0 polygons
2025-08-28 21:31:39 +0900: Memory Usage (978004K) : norcx_m2m3 has 0 polygons
2025-08-28 21:31:39 +0900: Memory Usage (978004K) : norcx_m2m4 has 0 polygons
2025-08-28 21:31:39 +0900: Memory Usage (978004K) : norcx_m2m5 has 0 polygons
2025-08-28 21:31:39 +0900: Memory Usage (978004K) : norcx_m2tm1 has 0 polygons
2025-08-28 21:31:39 +0900: Memory Usage (978004K) : norcx_m2tm2 has 0 polygons
2025-08-28 21:31:39 +0900: Memory Usage (978004K) : norcx_m3m4 has 0 polygons
2025-08-28 21:31:39 +0900: Memory Usage (978004K) : norcx_m3m5 has 0 polygons
2025-08-28 21:31:39 +0900: Memory Usage (978004K) : norcx_m3tm1 has 0 polygons
2025-08-28 21:31:39 +0900: Memory Usage (978004K) : norcx_m3tm2 has 0 polygons
2025-08-28 21:31:39 +0900: Memory Usage (978004K) : norcx_m4m5 has 0 polygons
2025-08-28 21:31:39 +0900: Memory Usage (978004K) : norcx_m4tm1 has 0 polygons
2025-08-28 21:31:39 +0900: Memory Usage (978004K) : norcx_m4tm2 has 0 polygons
2025-08-28 21:31:39 +0900: Memory Usage (978004K) : norcx_m5tm1 has 0 polygons
2025-08-28 21:31:39 +0900: Memory Usage (978004K) : norcx_m5tm2 has 0 polygons
2025-08-28 21:31:39 +0900: Memory Usage (978004K) : norcx_tm1tm2 has 0 polygons
2025-08-28 21:31:39 +0900: Memory Usage (978004K) : norcx_m1sub has 0 polygons
2025-08-28 21:31:39 +0900: Memory Usage (978004K) : norcx_m2sub has 0 polygons
2025-08-28 21:31:39 +0900: Memory Usage (978004K) : norcx_m3sub has 0 polygons
2025-08-28 21:31:39 +0900: Memory Usage (978004K) : norcx_m4sub has 0 polygons
2025-08-28 21:31:39 +0900: Memory Usage (978004K) : norcx_m5sub has 0 polygons
2025-08-28 21:31:39 +0900: Memory Usage (978004K) : norcx_tm1sub has 0 polygons
2025-08-28 21:31:39 +0900: Memory Usage (978004K) : norcx_tm2sub has 0 polygons
2025-08-28 21:31:39 +0900: Memory Usage (978004K) : snsbotvia_drw has 0 polygons
2025-08-28 21:31:39 +0900: Memory Usage (978004K) : snstopvia_drw has 0 polygons
2025-08-28 21:31:39 +0900: Memory Usage (978004K) : deepvia_drw has 0 polygons
2025-08-28 21:31:39 +0900: Memory Usage (978004K) : fgetch_drw has 0 polygons
2025-08-28 21:31:39 +0900: Memory Usage (978004K) : ctrgat_drw has 0 polygons
2025-08-28 21:31:39 +0900: Memory Usage (978004K) : fgimp_drw has 0 polygons
2025-08-28 21:31:39 +0900: Memory Usage (978004K) : emwihv_drw has 0 polygons
2025-08-28 21:31:39 +0900: Memory Usage (978004K) : lbe_drw has 0 polygons
2025-08-28 21:31:39 +0900: Memory Usage (978004K) : alcustop_drw has 0 polygons
2025-08-28 21:31:39 +0900: Memory Usage (978004K) : nometfiller_drw has 0 polygons
2025-08-28 21:31:39 +0900: Memory Usage (978004K) : prboundary_drw has 38 polygons
2025-08-28 21:31:39 +0900: Memory Usage (978004K) : exchange0_drw has 0 polygons
2025-08-28 21:31:39 +0900: Memory Usage (978004K) : exchange0_pin has 0 polygons
2025-08-28 21:31:39 +0900: Memory Usage (978004K) : exchange0_text has 0 polygons
2025-08-28 21:31:39 +0900: Memory Usage (978004K) : exchange1_drw has 0 polygons
2025-08-28 21:31:39 +0900: Memory Usage (978004K) : exchange1_pin has 0 polygons
2025-08-28 21:31:39 +0900: Memory Usage (978004K) : exchange1_text has 0 polygons
2025-08-28 21:31:39 +0900: Memory Usage (978004K) : exchange2_drw has 0 polygons
2025-08-28 21:31:39 +0900: Memory Usage (978004K) : exchange2_pin has 0 polygons
2025-08-28 21:31:39 +0900: Memory Usage (978004K) : exchange2_text has 0 polygons
2025-08-28 21:31:39 +0900: Memory Usage (978004K) : exchange3_drw has 0 polygons
2025-08-28 21:31:39 +0900: Memory Usage (978004K) : exchange3_pin has 0 polygons
2025-08-28 21:31:39 +0900: Memory Usage (978004K) : exchange3_text has 0 polygons
2025-08-28 21:31:39 +0900: Memory Usage (978004K) : exchange4_drw has 0 polygons
2025-08-28 21:31:39 +0900: Memory Usage (978004K) : exchange4_pin has 0 polygons
2025-08-28 21:31:39 +0900: Memory Usage (978004K) : exchange4_text has 0 polygons
2025-08-28 21:31:39 +0900: Memory Usage (978004K) : isonwell_drw has 0 polygons
2025-08-28 21:31:39 +0900: Memory Usage (978004K) : Total no. of polygons in the design is 4018780
2025-08-28 21:31:39 +0900: Memory Usage (978004K) : Loaded TECH DRC rules values from /opt/ext/OpenPDKs/IHP-Open-PDK/ihp-sg13g2/libs.tech/klayout/python/sg13g2_pycell_lib/sg13g2_tech_mod.json
2025-08-28 21:31:39 +0900: Memory Usage (978004K) : Loaded default DRC rules values from /opt/ext/OpenPDKs/IHP-Open-PDK/ihp-sg13g2/libs.tech/klayout/tech/drc/rule_decks/sg13g2_tech_default.json
2025-08-28 21:31:39 +0900: Memory Usage (978004K) : Total area of the design is 1999995.5559999992 um^2.
2025-08-28 21:31:39 +0900: Memory Usage (978004K) : The design dimensions are 1432.5999999999997 µm * 1396.0599999999997 µm.
2025-08-28 21:31:39 +0900: Memory Usage (978004K) : Starting general IHP-SG13G2 derivations.
2025-08-28 21:31:39 +0900: Memory Usage (978004K) : Starting Pwell derivations
2025-08-28 21:31:39 +0900: Memory Usage (978260K) : Starting IHP-SG13G2 DRC rules.
2025-08-28 21:31:39 +0900: Memory Usage (978260K) : Running all FEOL rules
2025-08-28 21:31:39 +0900: Memory Usage (978260K) : Running all BEOL rules
2025-08-28 21:31:39 +0900: Memory Usage (978260K) : Starting 5.20. Vian table
2025-08-28 21:31:42 +0900: Memory Usage (990804K) : Executing rule V2.a
2025-08-28 21:31:42 +0900: Memory Usage (990804K) : Executing rule V2.b
2025-08-28 21:31:44 +0900: Memory Usage (999968K) : Executing rule V2.c
2025-08-28 21:31:50 +0900: Memory Usage (1025056K) : Executing rule V3.a
2025-08-28 21:31:51 +0900: Memory Usage (1025056K) : Executing rule V3.b
2025-08-28 21:31:52 +0900: Memory Usage (1025056K) : Executing rule V3.c
2025-08-28 21:32:16 +0900: Memory Usage (1033760K) : Executing rule V4.a
2025-08-28 21:32:17 +0900: Memory Usage (1033760K) : Executing rule V4.b
2025-08-28 21:32:19 +0900: Memory Usage (1033760K) : Executing rule V4.c
2025-08-28 21:32:24 +0900: Memory Usage (1033760K) : KLayout DRC run for table 'vian' completed in 207.05 seconds
