# Logfile created on 2025-09-12 21:23:49 +0900 by logger.rb/v1.5.3
2025-09-12 21:23:49 +0900: Memory Usage (500656K) : Starting running IHP-SG13G2 Klayout DRC runset on /home/ckdur/Documents/SymbioticEDA/asicone_sg13g2/chip/signoff/outputs/asicone_202508.fill.gds
2025-09-12 21:23:49 +0900: Memory Usage (500656K) : Ruby Version for klayout: 3.2.3
2025-09-12 21:23:50 +0900: Memory Usage (545944K) : Loading database to memory is complete.
2025-09-12 21:23:50 +0900: Memory Usage (545944K) : IHP-SG13G2 Klayout DRC runset output at: /home/ckdur/Documents/SymbioticEDA/asicone_sg13g2/chip/signoff/reports/asicone_202508.fill_asicone_202508_activfiller.lyrdb
2025-09-12 21:23:50 +0900: Memory Usage (545944K) : Evaluate switches.
2025-09-12 21:23:50 +0900: Memory Usage (545944K) : table_name selected  activfiller
2025-09-12 21:23:50 +0900: Memory Usage (545944K) : Klayout will use 10 thread(s)
2025-09-12 21:23:50 +0900: Memory Usage (545944K) : flat mode is enabled for activfiller table.
2025-09-12 21:23:50 +0900: Memory Usage (545944K) : FEOL enabled: true
2025-09-12 21:23:50 +0900: Memory Usage (545944K) : BEOL enabled: true
2025-09-12 21:23:50 +0900: Memory Usage (545944K) : OffGrid enabled: true
2025-09-12 21:23:50 +0900: Memory Usage (545944K) : PreCheck DRC enabled: false
2025-09-12 21:23:50 +0900: Memory Usage (545944K) : CONNECTIVITY_RULES enabled: false for table activfiller
2025-09-12 21:23:50 +0900: Memory Usage (545944K) : Read in polygons from layers.
2025-09-12 21:23:57 +0900: Memory Usage (556212K) : activ_drw has 12386 polygons
2025-09-12 21:23:57 +0900: Memory Usage (556212K) : activ_pin has 0 polygons
2025-09-12 21:23:57 +0900: Memory Usage (556212K) : activ_mask has 0 polygons
2025-09-12 21:23:58 +0900: Memory Usage (556724K) : activ_filler has 30752 polygons
2025-09-12 21:23:58 +0900: Memory Usage (556724K) : activ_nofill has 0 polygons
2025-09-12 21:23:58 +0900: Memory Usage (556724K) : activ_opc has 0 polygons
2025-09-12 21:23:58 +0900: Memory Usage (556724K) : activ_iopc has 0 polygons
2025-09-12 21:23:58 +0900: Memory Usage (556724K) : activ_noqrc has 0 polygons
2025-09-12 21:23:58 +0900: Memory Usage (556724K) : biwind_drw has 0 polygons
2025-09-12 21:23:58 +0900: Memory Usage (556724K) : biwind_opc has 0 polygons
2025-09-12 21:23:58 +0900: Memory Usage (556724K) : pemwind_drw has 0 polygons
2025-09-12 21:24:07 +0900: Memory Usage (623116K) : gatpoly_drw has 22203 polygons
2025-09-12 21:24:07 +0900: Memory Usage (623116K) : gatpoly_pin has 0 polygons
2025-09-12 21:24:08 +0900: Memory Usage (623116K) : gatpoly_filler has 30752 polygons
2025-09-12 21:24:08 +0900: Memory Usage (623116K) : gatpoly_nofill has 0 polygons
2025-09-12 21:24:08 +0900: Memory Usage (623116K) : gatpoly_opc has 0 polygons
2025-09-12 21:24:08 +0900: Memory Usage (623116K) : gatpoly_iopc has 0 polygons
2025-09-12 21:24:08 +0900: Memory Usage (623116K) : gatpoly_noqrc has 0 polygons
2025-09-12 21:25:35 +0900: Memory Usage (962556K) : cont_drw has 3031017 polygons
2025-09-12 21:25:35 +0900: Memory Usage (962556K) : cont_opc has 0 polygons
2025-09-12 21:25:35 +0900: Memory Usage (962556K) : nsd_drw has 0 polygons
2025-09-12 21:25:35 +0900: Memory Usage (962556K) : nsd_block has 0 polygons
2025-09-12 21:25:46 +0900: Memory Usage (984060K) : metal1_drw has 18812 polygons
2025-09-12 21:25:46 +0900: Memory Usage (984060K) : metal1_pin has 3000 polygons
2025-09-12 21:25:46 +0900: Memory Usage (984060K) : metal1_mask has 0 polygons
2025-09-12 21:25:48 +0900: Memory Usage (984060K) : metal1_filler has 58856 polygons
2025-09-12 21:25:48 +0900: Memory Usage (984060K) : metal1_nofill has 0 polygons
2025-09-12 21:25:48 +0900: Memory Usage (984060K) : metal1_slit has 0 polygons
2025-09-12 21:25:48 +0900: Memory Usage (984060K) : metal1_text has 74538 polygons
2025-09-12 21:25:48 +0900: Memory Usage (984060K) : metal1_opc has 0 polygons
2025-09-12 21:25:48 +0900: Memory Usage (984060K) : metal1_noqrc has 0 polygons
2025-09-12 21:25:48 +0900: Memory Usage (984060K) : metal1_res has 0 polygons
2025-09-12 21:25:48 +0900: Memory Usage (984060K) : metal1_iprobe has 0 polygons
2025-09-12 21:25:48 +0900: Memory Usage (984060K) : metal1_diffprb has 0 polygons
2025-09-12 21:25:49 +0900: Memory Usage (984060K) : passiv_drw has 39 polygons
2025-09-12 21:25:49 +0900: Memory Usage (984060K) : passiv_pin has 0 polygons
2025-09-12 21:25:49 +0900: Memory Usage (984060K) : passiv_sbump has 0 polygons
2025-09-12 21:25:49 +0900: Memory Usage (984060K) : passiv_pillar has 0 polygons
2025-09-12 21:25:49 +0900: Memory Usage (984060K) : passiv_pdl has 0 polygons
2025-09-12 21:25:51 +0900: Memory Usage (984060K) : metal2_drw has 10652 polygons
2025-09-12 21:25:52 +0900: Memory Usage (984060K) : metal2_pin has 1719 polygons
2025-09-12 21:25:52 +0900: Memory Usage (984060K) : metal2_mask has 0 polygons
2025-09-12 21:25:54 +0900: Memory Usage (984060K) : metal2_filler has 64947 polygons
2025-09-12 21:25:54 +0900: Memory Usage (984060K) : metal2_nofill has 0 polygons
2025-09-12 21:25:54 +0900: Memory Usage (984060K) : metal2_slit has 0 polygons
2025-09-12 21:25:54 +0900: Memory Usage (984060K) : metal2_text has 2418 polygons
2025-09-12 21:25:54 +0900: Memory Usage (984060K) : metal2_opc has 0 polygons
2025-09-12 21:25:54 +0900: Memory Usage (984060K) : metal2_noqrc has 0 polygons
2025-09-12 21:25:54 +0900: Memory Usage (984060K) : metal2_res has 0 polygons
2025-09-12 21:25:54 +0900: Memory Usage (984060K) : metal2_iprobe has 0 polygons
2025-09-12 21:25:54 +0900: Memory Usage (984060K) : metal2_diffprb has 0 polygons
2025-09-12 21:25:54 +0900: Memory Usage (984060K) : baspoly_drw has 0 polygons
2025-09-12 21:25:54 +0900: Memory Usage (984060K) : baspoly_pin has 0 polygons
2025-09-12 21:25:58 +0900: Memory Usage (984060K) : psd_drw has 2330 polygons
2025-09-12 21:25:58 +0900: Memory Usage (984060K) : nldb_drw has 0 polygons
2025-09-12 21:25:58 +0900: Memory Usage (984060K) : digibnd_drw has 0 polygons
2025-09-12 21:26:02 +0900: Memory Usage (984060K) : via1_drw has 128111 polygons
2025-09-12 21:26:02 +0900: Memory Usage (984060K) : backmetal1_drw has 0 polygons
2025-09-12 21:26:02 +0900: Memory Usage (984060K) : backmetal1_pin has 0 polygons
2025-09-12 21:26:02 +0900: Memory Usage (984060K) : backmetal1_mask has 0 polygons
2025-09-12 21:26:02 +0900: Memory Usage (984060K) : backmetal1_filler has 0 polygons
2025-09-12 21:26:02 +0900: Memory Usage (984060K) : backmetal1_nofill has 0 polygons
2025-09-12 21:26:02 +0900: Memory Usage (984060K) : backmetal1_slit has 0 polygons
2025-09-12 21:26:02 +0900: Memory Usage (984060K) : backmetal1_text has 0 polygons
2025-09-12 21:26:02 +0900: Memory Usage (984060K) : backmetal1_opc has 0 polygons
2025-09-12 21:26:02 +0900: Memory Usage (984060K) : backmetal1_noqrc has 0 polygons
2025-09-12 21:26:02 +0900: Memory Usage (984060K) : backmetal1_res has 0 polygons
2025-09-12 21:26:02 +0900: Memory Usage (984060K) : backmetal1_iprobe has 0 polygons
2025-09-12 21:26:02 +0900: Memory Usage (984060K) : backmetal1_diffprb has 0 polygons
2025-09-12 21:26:02 +0900: Memory Usage (984060K) : backpassiv_drw has 0 polygons
2025-09-12 21:26:02 +0900: Memory Usage (984060K) : res_drw has 0 polygons
2025-09-12 21:26:02 +0900: Memory Usage (984060K) : sram_drw has 0 polygons
2025-09-12 21:26:02 +0900: Memory Usage (984060K) : trans_drw has 0 polygons
2025-09-12 21:26:02 +0900: Memory Usage (984060K) : ind_drw has 0 polygons
2025-09-12 21:26:02 +0900: Memory Usage (984060K) : ind_pin has 0 polygons
2025-09-12 21:26:02 +0900: Memory Usage (984060K) : ind_text has 0 polygons
2025-09-12 21:26:02 +0900: Memory Usage (984060K) : salblock_drw has 50 polygons
2025-09-12 21:26:05 +0900: Memory Usage (984060K) : via2_drw has 120843 polygons
2025-09-12 21:26:07 +0900: Memory Usage (984060K) : metal3_drw has 5609 polygons
2025-09-12 21:26:08 +0900: Memory Usage (984060K) : metal3_pin has 267 polygons
2025-09-12 21:26:08 +0900: Memory Usage (984060K) : metal3_mask has 0 polygons
2025-09-12 21:26:09 +0900: Memory Usage (984060K) : metal3_filler has 40197 polygons
2025-09-12 21:26:09 +0900: Memory Usage (984060K) : metal3_nofill has 0 polygons
2025-09-12 21:26:09 +0900: Memory Usage (984060K) : metal3_slit has 0 polygons
2025-09-12 21:26:09 +0900: Memory Usage (984060K) : metal3_text has 629 polygons
2025-09-12 21:26:09 +0900: Memory Usage (984060K) : metal3_opc has 0 polygons
2025-09-12 21:26:09 +0900: Memory Usage (984060K) : metal3_noqrc has 0 polygons
2025-09-12 21:26:09 +0900: Memory Usage (984060K) : metal3_res has 0 polygons
2025-09-12 21:26:09 +0900: Memory Usage (984060K) : metal3_iprobe has 0 polygons
2025-09-12 21:26:09 +0900: Memory Usage (984060K) : metal3_diffprb has 0 polygons
2025-09-12 21:26:11 +0900: Memory Usage (984060K) : nwell_drw has 227 polygons
2025-09-12 21:26:11 +0900: Memory Usage (984060K) : nwell_pin has 0 polygons
2025-09-12 21:26:11 +0900: Memory Usage (984060K) : nbulay_drw has 0 polygons
2025-09-12 21:26:11 +0900: Memory Usage (984060K) : nbulay_pin has 0 polygons
2025-09-12 21:26:11 +0900: Memory Usage (984060K) : nbulay_block has 0 polygons
2025-09-12 21:26:11 +0900: Memory Usage (984060K) : emwind_drw has 0 polygons
2025-09-12 21:26:11 +0900: Memory Usage (984060K) : emwind_opc has 0 polygons
2025-09-12 21:26:11 +0900: Memory Usage (984060K) : deepco_drw has 0 polygons
2025-09-12 21:26:11 +0900: Memory Usage (984060K) : deepco_drw has 0 polygons
2025-09-12 21:26:11 +0900: Memory Usage (984060K) : mim_drw has 0 polygons
2025-09-12 21:26:12 +0900: Memory Usage (984060K) : edgeseal_drw has 1 polygons
2025-09-12 21:26:12 +0900: Memory Usage (984060K) : edgeseal_bound has 1 polygons
2025-09-12 21:26:12 +0900: Memory Usage (984060K) : substrate_drw has 143 polygons
2025-09-12 21:26:12 +0900: Memory Usage (984060K) : substrate_text has 0 polygons
2025-09-12 21:26:12 +0900: Memory Usage (984060K) : dfpad_drw has 38 polygons
2025-09-12 21:26:12 +0900: Memory Usage (984060K) : dfpad_pillar has 0 polygons
2025-09-12 21:26:12 +0900: Memory Usage (984060K) : dfpad_sbump has 0 polygons
2025-09-12 21:26:13 +0900: Memory Usage (984060K) : thickgateox_drw has 71 polygons
2025-09-12 21:26:13 +0900: Memory Usage (984060K) : pldb_drw has 0 polygons
2025-09-12 21:26:13 +0900: Memory Usage (984060K) : pwell_drw has 0 polygons
2025-09-12 21:26:13 +0900: Memory Usage (984060K) : pwell_pin has 0 polygons
2025-09-12 21:26:13 +0900: Memory Usage (984060K) : pwell_block has 0 polygons
2025-09-12 21:26:13 +0900: Memory Usage (984060K) : ic_drw has 0 polygons
2025-09-12 21:26:16 +0900: Memory Usage (984060K) : via3_drw has 118253 polygons
2025-09-12 21:26:17 +0900: Memory Usage (984060K) : metal4_drw has 2808 polygons
2025-09-12 21:26:17 +0900: Memory Usage (984060K) : metal4_pin has 188 polygons
2025-09-12 21:26:17 +0900: Memory Usage (984060K) : metal4_mask has 0 polygons
2025-09-12 21:26:18 +0900: Memory Usage (984060K) : metal4_filler has 41189 polygons
2025-09-12 21:26:18 +0900: Memory Usage (984060K) : metal4_nofill has 0 polygons
2025-09-12 21:26:18 +0900: Memory Usage (984060K) : metal4_slit has 0 polygons
2025-09-12 21:26:18 +0900: Memory Usage (984060K) : metal4_text has 527 polygons
2025-09-12 21:26:18 +0900: Memory Usage (984060K) : metal4_opc has 0 polygons
2025-09-12 21:26:18 +0900: Memory Usage (984060K) : metal4_noqrc has 0 polygons
2025-09-12 21:26:18 +0900: Memory Usage (984060K) : metal4_res has 0 polygons
2025-09-12 21:26:18 +0900: Memory Usage (984060K) : metal4_iprobe has 0 polygons
2025-09-12 21:26:18 +0900: Memory Usage (984060K) : metal4_diffprb has 0 polygons
2025-09-12 21:26:18 +0900: Memory Usage (984060K) : heattrans_drw has 0 polygons
2025-09-12 21:26:19 +0900: Memory Usage (984060K) : heatres_drw has 26 polygons
2025-09-12 21:26:19 +0900: Memory Usage (984060K) : pempoly_drw has 0 polygons
2025-09-12 21:26:19 +0900: Memory Usage (984060K) : fbe_drw has 0 polygons
2025-09-12 21:26:19 +0900: Memory Usage (984060K) : empoly_drw has 0 polygons
2025-09-12 21:26:19 +0900: Memory Usage (984060K) : ldmos_drw has 0 polygons
2025-09-12 21:26:19 +0900: Memory Usage (984060K) : pbiwind_drw has 0 polygons
2025-09-12 21:26:19 +0900: Memory Usage (984060K) : digisub_drw has 0 polygons
2025-09-12 21:26:19 +0900: Memory Usage (984060K) : nodrc_drw has 0 polygons
2025-09-12 21:26:19 +0900: Memory Usage (984060K) : text_drw has 2551 polygons
2025-09-12 21:26:22 +0900: Memory Usage (984060K) : via4_drw has 124301 polygons
2025-09-12 21:26:22 +0900: Memory Usage (984060K) : metal5_drw has 568 polygons
2025-09-12 21:26:23 +0900: Memory Usage (984060K) : metal5_pin has 85 polygons
2025-09-12 21:26:23 +0900: Memory Usage (984060K) : metal5_mask has 0 polygons
2025-09-12 21:26:24 +0900: Memory Usage (984060K) : metal5_filler has 39673 polygons
2025-09-12 21:26:24 +0900: Memory Usage (984060K) : metal5_nofill has 0 polygons
2025-09-12 21:26:24 +0900: Memory Usage (984060K) : metal5_slit has 0 polygons
2025-09-12 21:26:24 +0900: Memory Usage (984060K) : metal5_text has 421 polygons
2025-09-12 21:26:24 +0900: Memory Usage (984060K) : metal5_opc has 0 polygons
2025-09-12 21:26:24 +0900: Memory Usage (984060K) : metal5_noqrc has 0 polygons
2025-09-12 21:26:24 +0900: Memory Usage (984060K) : metal5_res has 0 polygons
2025-09-12 21:26:24 +0900: Memory Usage (984060K) : metal5_iprobe has 0 polygons
2025-09-12 21:26:24 +0900: Memory Usage (984060K) : metal5_diffprb has 0 polygons
2025-09-12 21:26:24 +0900: Memory Usage (984060K) : radhard_drw has 0 polygons
2025-09-12 21:26:24 +0900: Memory Usage (984060K) : memcap_drw has 0 polygons
2025-09-12 21:26:24 +0900: Memory Usage (984060K) : varicap_drw has 0 polygons
2025-09-12 21:26:24 +0900: Memory Usage (984060K) : flash_drw has 0 polygons
2025-09-12 21:26:24 +0900: Memory Usage (984060K) : intbondvia_drw has 0 polygons
2025-09-12 21:26:24 +0900: Memory Usage (984060K) : intbondmet_drw has 0 polygons
2025-09-12 21:26:24 +0900: Memory Usage (984060K) : devbondvia_drw has 0 polygons
2025-09-12 21:26:24 +0900: Memory Usage (984060K) : devbondmet_drw has 0 polygons
2025-09-12 21:26:24 +0900: Memory Usage (984060K) : devtrench_drw has 0 polygons
2025-09-12 21:26:24 +0900: Memory Usage (984060K) : redist_drw has 0 polygons
2025-09-12 21:26:24 +0900: Memory Usage (984060K) : graphbot_drw has 0 polygons
2025-09-12 21:26:24 +0900: Memory Usage (984060K) : graphtop_drw has 0 polygons
2025-09-12 21:26:24 +0900: Memory Usage (984060K) : antvia1_drw has 0 polygons
2025-09-12 21:26:24 +0900: Memory Usage (984060K) : antmetal2_drw has 0 polygons
2025-09-12 21:26:24 +0900: Memory Usage (984060K) : graphcont_drw has 0 polygons
2025-09-12 21:26:24 +0900: Memory Usage (984060K) : siwg_drw has 0 polygons
2025-09-12 21:26:24 +0900: Memory Usage (984060K) : siwg_filler has 0 polygons
2025-09-12 21:26:24 +0900: Memory Usage (984060K) : siwg_nofill has 0 polygons
2025-09-12 21:26:24 +0900: Memory Usage (984060K) : sigrating_drw has 0 polygons
2025-09-12 21:26:24 +0900: Memory Usage (984060K) : singrating_drw has 0 polygons
2025-09-12 21:26:24 +0900: Memory Usage (984060K) : graphpas_drw has 0 polygons
2025-09-12 21:26:24 +0900: Memory Usage (984060K) : emwind3_drw has 0 polygons
2025-09-12 21:26:24 +0900: Memory Usage (984060K) : emwihv3_drw has 0 polygons
2025-09-12 21:26:24 +0900: Memory Usage (984060K) : redbulay_drw has 0 polygons
2025-09-12 21:26:24 +0900: Memory Usage (984060K) : smos_drw has 0 polygons
2025-09-12 21:26:24 +0900: Memory Usage (984060K) : graphpad_drw has 0 polygons
2025-09-12 21:26:24 +0900: Memory Usage (984060K) : polimide_drw has 0 polygons
2025-09-12 21:26:24 +0900: Memory Usage (984060K) : polimide_pin has 0 polygons
2025-09-12 21:26:24 +0900: Memory Usage (984060K) : recog_drw has 0 polygons
2025-09-12 21:26:24 +0900: Memory Usage (984060K) : recog_pin has 0 polygons
2025-09-12 21:26:24 +0900: Memory Usage (984060K) : recog_esd has 0 polygons
2025-09-12 21:26:24 +0900: Memory Usage (984060K) : recog_diode has 214 polygons
2025-09-12 21:26:24 +0900: Memory Usage (984060K) : recog_tsv has 0 polygons
2025-09-12 21:26:24 +0900: Memory Usage (984060K) : recog_iprobe has 0 polygons
2025-09-12 21:26:24 +0900: Memory Usage (984060K) : recog_diffprb has 0 polygons
2025-09-12 21:26:24 +0900: Memory Usage (984060K) : recog_pillar has 0 polygons
2025-09-12 21:26:24 +0900: Memory Usage (984060K) : recog_sbump has 0 polygons
2025-09-12 21:26:24 +0900: Memory Usage (984060K) : recog_otp has 0 polygons
2025-09-12 21:26:24 +0900: Memory Usage (984060K) : recog_pdiode has 0 polygons
2025-09-12 21:26:24 +0900: Memory Usage (984060K) : recog_mom has 0 polygons
2025-09-12 21:26:24 +0900: Memory Usage (984060K) : recog_pcm has 0 polygons
2025-09-12 21:26:24 +0900: Memory Usage (984060K) : colopen_drw has 0 polygons
2025-09-12 21:26:24 +0900: Memory Usage (984060K) : graphmetal1_drw has 0 polygons
2025-09-12 21:26:24 +0900: Memory Usage (984060K) : graphmetal1_filler has 0 polygons
2025-09-12 21:26:24 +0900: Memory Usage (984060K) : graphmetal1_nofill has 0 polygons
2025-09-12 21:26:24 +0900: Memory Usage (984060K) : graphmetal1_slit has 0 polygons
2025-09-12 21:26:24 +0900: Memory Usage (984060K) : graphmetal1_opc has 0 polygons
2025-09-12 21:26:24 +0900: Memory Usage (984060K) : graphmet1l_drw has 0 polygons
2025-09-12 21:26:24 +0900: Memory Usage (984060K) : graphmet1l_filler has 0 polygons
2025-09-12 21:26:24 +0900: Memory Usage (984060K) : graphmet1l_nofill has 0 polygons
2025-09-12 21:26:24 +0900: Memory Usage (984060K) : graphmet1l_slit has 0 polygons
2025-09-12 21:26:24 +0900: Memory Usage (984060K) : graphmet1l_opc has 0 polygons
2025-09-12 21:26:25 +0900: Memory Usage (984060K) : extblock_drw has 50 polygons
2025-09-12 21:26:25 +0900: Memory Usage (984060K) : nldd_drw has 0 polygons
2025-09-12 21:26:25 +0900: Memory Usage (984060K) : pldd_drw has 0 polygons
2025-09-12 21:26:25 +0900: Memory Usage (984060K) : next_drw has 0 polygons
2025-09-12 21:26:25 +0900: Memory Usage (984060K) : pext_drw has 0 polygons
2025-09-12 21:26:25 +0900: Memory Usage (984060K) : nexthv_drw has 0 polygons
2025-09-12 21:26:25 +0900: Memory Usage (984060K) : pexthv_drw has 0 polygons
2025-09-12 21:26:25 +0900: Memory Usage (984060K) : graphgate_drw has 0 polygons
2025-09-12 21:26:25 +0900: Memory Usage (984060K) : sinwg_drw has 0 polygons
2025-09-12 21:26:25 +0900: Memory Usage (984060K) : sinwg_filler has 0 polygons
2025-09-12 21:26:25 +0900: Memory Usage (984060K) : sinwg_nofill has 0 polygons
2025-09-12 21:26:25 +0900: Memory Usage (984060K) : mempad_drw has 0 polygons
2025-09-12 21:26:27 +0900: Memory Usage (984060K) : topvia1_drw has 102463 polygons
2025-09-12 21:26:27 +0900: Memory Usage (984060K) : topmetal1_drw has 97 polygons
2025-09-12 21:26:28 +0900: Memory Usage (984060K) : topmetal1_pin has 82 polygons
2025-09-12 21:26:28 +0900: Memory Usage (984060K) : topmetal1_mask has 0 polygons
2025-09-12 21:26:28 +0900: Memory Usage (984060K) : topmetal1_filler has 6190 polygons
2025-09-12 21:26:28 +0900: Memory Usage (984060K) : topmetal1_nofill has 0 polygons
2025-09-12 21:26:28 +0900: Memory Usage (984060K) : topmetal1_slit has 0 polygons
2025-09-12 21:26:28 +0900: Memory Usage (984060K) : topmetal1_text has 421 polygons
2025-09-12 21:26:28 +0900: Memory Usage (984060K) : topmetal1_noqrc has 0 polygons
2025-09-12 21:26:28 +0900: Memory Usage (984060K) : topmetal1_res has 0 polygons
2025-09-12 21:26:28 +0900: Memory Usage (984060K) : topmetal1_iprobe has 0 polygons
2025-09-12 21:26:28 +0900: Memory Usage (984060K) : topmetal1_diffprb has 0 polygons
2025-09-12 21:26:28 +0900: Memory Usage (984060K) : inldpwl_drw has 0 polygons
2025-09-12 21:26:28 +0900: Memory Usage (984060K) : polyres_drw has 100 polygons
2025-09-12 21:26:28 +0900: Memory Usage (984060K) : polyres_pin has 0 polygons
2025-09-12 21:26:28 +0900: Memory Usage (984060K) : vmim_drw has 0 polygons
2025-09-12 21:26:28 +0900: Memory Usage (984060K) : nbulaycut_drw has 0 polygons
2025-09-12 21:26:28 +0900: Memory Usage (984060K) : antmetal1_drw has 0 polygons
2025-09-12 21:26:30 +0900: Memory Usage (984060K) : topvia2_drw has 63729 polygons
2025-09-12 21:26:30 +0900: Memory Usage (984060K) : topmetal2_drw has 44 polygons
2025-09-12 21:26:30 +0900: Memory Usage (984060K) : topmetal2_pin has 102 polygons
2025-09-12 21:26:30 +0900: Memory Usage (984060K) : topmetal2_mask has 0 polygons
2025-09-12 21:26:31 +0900: Memory Usage (984060K) : topmetal2_filler has 8916 polygons
2025-09-12 21:26:31 +0900: Memory Usage (984060K) : topmetal2_nofill has 0 polygons
2025-09-12 21:26:31 +0900: Memory Usage (984060K) : topmetal2_slit has 0 polygons
2025-09-12 21:26:31 +0900: Memory Usage (984060K) : topmetal2_text has 352 polygons
2025-09-12 21:26:31 +0900: Memory Usage (984060K) : topmetal2_noqrc has 0 polygons
2025-09-12 21:26:31 +0900: Memory Usage (984060K) : topmetal2_res has 0 polygons
2025-09-12 21:26:31 +0900: Memory Usage (984060K) : topmetal2_iprobe has 0 polygons
2025-09-12 21:26:31 +0900: Memory Usage (984060K) : topmetal2_diffprb has 0 polygons
2025-09-12 21:26:31 +0900: Memory Usage (984060K) : snsring_drw has 0 polygons
2025-09-12 21:26:31 +0900: Memory Usage (984060K) : sensor_drw has 0 polygons
2025-09-12 21:26:31 +0900: Memory Usage (984060K) : snsarms_drw has 0 polygons
2025-09-12 21:26:31 +0900: Memory Usage (984060K) : snscmosvia_drw has 0 polygons
2025-09-12 21:26:31 +0900: Memory Usage (984060K) : colwind_drw has 0 polygons
2025-09-12 21:26:31 +0900: Memory Usage (984060K) : flm_drw has 0 polygons
2025-09-12 21:26:31 +0900: Memory Usage (984060K) : hafniumox_drw has 0 polygons
2025-09-12 21:26:31 +0900: Memory Usage (984060K) : memvia_drw has 0 polygons
2025-09-12 21:26:31 +0900: Memory Usage (984060K) : thinfilmres_drw has 0 polygons
2025-09-12 21:26:31 +0900: Memory Usage (984060K) : rfmem_drw has 0 polygons
2025-09-12 21:26:31 +0900: Memory Usage (984060K) : norcx_drw has 0 polygons
2025-09-12 21:26:31 +0900: Memory Usage (984060K) : norcx_m2m3 has 0 polygons
2025-09-12 21:26:31 +0900: Memory Usage (984060K) : norcx_m2m4 has 0 polygons
2025-09-12 21:26:31 +0900: Memory Usage (984060K) : norcx_m2m5 has 0 polygons
2025-09-12 21:26:31 +0900: Memory Usage (984060K) : norcx_m2tm1 has 0 polygons
2025-09-12 21:26:31 +0900: Memory Usage (984060K) : norcx_m2tm2 has 0 polygons
2025-09-12 21:26:31 +0900: Memory Usage (984060K) : norcx_m3m4 has 0 polygons
2025-09-12 21:26:31 +0900: Memory Usage (984060K) : norcx_m3m5 has 0 polygons
2025-09-12 21:26:31 +0900: Memory Usage (984060K) : norcx_m3tm1 has 0 polygons
2025-09-12 21:26:31 +0900: Memory Usage (984060K) : norcx_m3tm2 has 0 polygons
2025-09-12 21:26:31 +0900: Memory Usage (984060K) : norcx_m4m5 has 0 polygons
2025-09-12 21:26:31 +0900: Memory Usage (984060K) : norcx_m4tm1 has 0 polygons
2025-09-12 21:26:31 +0900: Memory Usage (984060K) : norcx_m4tm2 has 0 polygons
2025-09-12 21:26:31 +0900: Memory Usage (984060K) : norcx_m5tm1 has 0 polygons
2025-09-12 21:26:31 +0900: Memory Usage (984060K) : norcx_m5tm2 has 0 polygons
2025-09-12 21:26:31 +0900: Memory Usage (984060K) : norcx_tm1tm2 has 0 polygons
2025-09-12 21:26:31 +0900: Memory Usage (984060K) : norcx_m1sub has 0 polygons
2025-09-12 21:26:31 +0900: Memory Usage (984060K) : norcx_m2sub has 0 polygons
2025-09-12 21:26:31 +0900: Memory Usage (984060K) : norcx_m3sub has 0 polygons
2025-09-12 21:26:31 +0900: Memory Usage (984060K) : norcx_m4sub has 0 polygons
2025-09-12 21:26:31 +0900: Memory Usage (984060K) : norcx_m5sub has 0 polygons
2025-09-12 21:26:31 +0900: Memory Usage (984060K) : norcx_tm1sub has 0 polygons
2025-09-12 21:26:31 +0900: Memory Usage (984060K) : norcx_tm2sub has 0 polygons
2025-09-12 21:26:31 +0900: Memory Usage (984060K) : snsbotvia_drw has 0 polygons
2025-09-12 21:26:31 +0900: Memory Usage (984060K) : snstopvia_drw has 0 polygons
2025-09-12 21:26:31 +0900: Memory Usage (984060K) : deepvia_drw has 0 polygons
2025-09-12 21:26:31 +0900: Memory Usage (984060K) : fgetch_drw has 0 polygons
2025-09-12 21:26:31 +0900: Memory Usage (984060K) : ctrgat_drw has 0 polygons
2025-09-12 21:26:31 +0900: Memory Usage (984060K) : fgimp_drw has 0 polygons
2025-09-12 21:26:31 +0900: Memory Usage (984060K) : emwihv_drw has 0 polygons
2025-09-12 21:26:31 +0900: Memory Usage (984060K) : lbe_drw has 0 polygons
2025-09-12 21:26:31 +0900: Memory Usage (984060K) : alcustop_drw has 0 polygons
2025-09-12 21:26:31 +0900: Memory Usage (984060K) : nometfiller_drw has 0 polygons
2025-09-12 21:26:31 +0900: Memory Usage (984060K) : prboundary_drw has 38 polygons
2025-09-12 21:26:31 +0900: Memory Usage (984060K) : exchange0_drw has 0 polygons
2025-09-12 21:26:31 +0900: Memory Usage (984060K) : exchange0_pin has 0 polygons
2025-09-12 21:26:31 +0900: Memory Usage (984060K) : exchange0_text has 0 polygons
2025-09-12 21:26:31 +0900: Memory Usage (984060K) : exchange1_drw has 0 polygons
2025-09-12 21:26:31 +0900: Memory Usage (984060K) : exchange1_pin has 0 polygons
2025-09-12 21:26:31 +0900: Memory Usage (984060K) : exchange1_text has 0 polygons
2025-09-12 21:26:31 +0900: Memory Usage (984060K) : exchange2_drw has 0 polygons
2025-09-12 21:26:31 +0900: Memory Usage (984060K) : exchange2_pin has 0 polygons
2025-09-12 21:26:31 +0900: Memory Usage (984060K) : exchange2_text has 0 polygons
2025-09-12 21:26:31 +0900: Memory Usage (984060K) : exchange3_drw has 0 polygons
2025-09-12 21:26:31 +0900: Memory Usage (984060K) : exchange3_pin has 0 polygons
2025-09-12 21:26:31 +0900: Memory Usage (984060K) : exchange3_text has 0 polygons
2025-09-12 21:26:31 +0900: Memory Usage (984060K) : exchange4_drw has 0 polygons
2025-09-12 21:26:31 +0900: Memory Usage (984060K) : exchange4_pin has 0 polygons
2025-09-12 21:26:31 +0900: Memory Usage (984060K) : exchange4_text has 0 polygons
2025-09-12 21:26:31 +0900: Memory Usage (984060K) : isonwell_drw has 0 polygons
2025-09-12 21:26:31 +0900: Memory Usage (984060K) : Total no. of polygons in the design is 4173996
2025-09-12 21:26:31 +0900: Memory Usage (984060K) : Loaded TECH DRC rules values from /opt/ext/OpenPDKs/IHP-Open-PDK/ihp-sg13g2/libs.tech/klayout/python/sg13g2_pycell_lib/sg13g2_tech_mod.json
2025-09-12 21:26:31 +0900: Memory Usage (984060K) : Loaded default DRC rules values from /opt/ext/OpenPDKs/IHP-Open-PDK/ihp-sg13g2/libs.tech/klayout/tech/drc/rule_decks/sg13g2_tech_default.json
2025-09-12 21:26:31 +0900: Memory Usage (984060K) : Total area of the design is 1999995.5559999999 um^2.
2025-09-12 21:26:31 +0900: Memory Usage (984060K) : The design dimensions are 1432.6 µm * 1396.06 µm.
2025-09-12 21:26:31 +0900: Memory Usage (984060K) : Starting general IHP-SG13G2 derivations.
2025-09-12 21:26:31 +0900: Memory Usage (984060K) : Starting Pwell derivations
2025-09-12 21:26:31 +0900: Memory Usage (984372K) : Starting IHP-SG13G2 DRC rules.
2025-09-12 21:26:31 +0900: Memory Usage (984372K) : Running all FEOL rules
2025-09-12 21:26:31 +0900: Memory Usage (984372K) : Running all BEOL rules
2025-09-12 21:26:31 +0900: Memory Usage (984372K) : Starting 5.6 Activ:filler table
2025-09-12 21:26:32 +0900: Memory Usage (1475208K) : Tiling mode is enabled for Activ:filler table.
2025-09-12 21:26:32 +0900: Memory Usage (1475208K) : Executing rule AFil.c1
2025-09-12 21:26:33 +0900: Memory Usage (1515968K) : Executing rule AFil.c
2025-09-12 21:27:01 +0900: Memory Usage (1425112K) : Executing rule AFil.d
2025-09-12 21:27:02 +0900: Memory Usage (1429464K) : Executing rule AFil.e
2025-09-12 21:27:02 +0900: Memory Usage (1429464K) : Executing rule AFil.j
2025-09-12 21:27:02 +0900: Memory Usage (1429464K) : flat mode is enabled after Activ:filler table.
2025-09-12 21:27:02 +0900: Memory Usage (1429464K) : KLayout DRC run for table 'activfiller' completed in 193.29 seconds
