# Logfile created on 2025-08-28 21:36:58 +0900 by logger.rb/v1.5.3
2025-08-28 21:36:58 +0900: Memory Usage (500020K) : Starting running IHP-SG13G2 Klayout DRC runset on /home/ckdur/Documents/SymbioticEDA/asicone_sg13g2/chip/signoff/outputs/asicone_202508.fill.gds
2025-08-28 21:36:58 +0900: Memory Usage (500020K) : Ruby Version for klayout: 3.2.3
2025-08-28 21:37:00 +0900: Memory Usage (546264K) : Loading database to memory is complete.
2025-08-28 21:37:00 +0900: Memory Usage (546264K) : IHP-SG13G2 Klayout DRC runset output at: /home/ckdur/Documents/SymbioticEDA/asicone_sg13g2/chip/signoff/reports/asicone_202508.fill_asicone_202508_forbidden.lyrdb
2025-08-28 21:37:00 +0900: Memory Usage (546264K) : Evaluate switches.
2025-08-28 21:37:00 +0900: Memory Usage (546264K) : table_name selected  forbidden
2025-08-28 21:37:00 +0900: Memory Usage (546264K) : Klayout will use 10 thread(s)
2025-08-28 21:37:00 +0900: Memory Usage (546264K) : flat mode is enabled for forbidden table.
2025-08-28 21:37:00 +0900: Memory Usage (546264K) : FEOL enabled: true
2025-08-28 21:37:00 +0900: Memory Usage (546264K) : BEOL enabled: true
2025-08-28 21:37:00 +0900: Memory Usage (546264K) : OffGrid enabled: true
2025-08-28 21:37:00 +0900: Memory Usage (546264K) : PreCheck DRC enabled: false
2025-08-28 21:37:00 +0900: Memory Usage (546264K) : CONNECTIVITY_RULES enabled: false for table forbidden
2025-08-28 21:37:00 +0900: Memory Usage (546264K) : Read in polygons from layers.
2025-08-28 21:37:07 +0900: Memory Usage (554524K) : activ_drw has 10081 polygons
2025-08-28 21:37:07 +0900: Memory Usage (554524K) : activ_pin has 0 polygons
2025-08-28 21:37:07 +0900: Memory Usage (554524K) : activ_mask has 0 polygons
2025-08-28 21:37:08 +0900: Memory Usage (554524K) : activ_filler has 30337 polygons
2025-08-28 21:37:08 +0900: Memory Usage (554524K) : activ_nofill has 0 polygons
2025-08-28 21:37:08 +0900: Memory Usage (554524K) : activ_opc has 0 polygons
2025-08-28 21:37:08 +0900: Memory Usage (554524K) : activ_iopc has 0 polygons
2025-08-28 21:37:08 +0900: Memory Usage (554524K) : activ_noqrc has 0 polygons
2025-08-28 21:37:08 +0900: Memory Usage (554524K) : biwind_drw has 0 polygons
2025-08-28 21:37:08 +0900: Memory Usage (554524K) : biwind_opc has 0 polygons
2025-08-28 21:37:08 +0900: Memory Usage (554524K) : pemwind_drw has 0 polygons
2025-08-28 21:37:17 +0900: Memory Usage (621068K) : gatpoly_drw has 23583 polygons
2025-08-28 21:37:17 +0900: Memory Usage (621068K) : gatpoly_pin has 0 polygons
2025-08-28 21:37:18 +0900: Memory Usage (621068K) : gatpoly_filler has 30337 polygons
2025-08-28 21:37:18 +0900: Memory Usage (621068K) : gatpoly_nofill has 0 polygons
2025-08-28 21:37:18 +0900: Memory Usage (621068K) : gatpoly_opc has 0 polygons
2025-08-28 21:37:18 +0900: Memory Usage (621068K) : gatpoly_iopc has 0 polygons
2025-08-28 21:37:18 +0900: Memory Usage (621068K) : gatpoly_noqrc has 0 polygons
2025-08-28 21:38:45 +0900: Memory Usage (955832K) : cont_drw has 2901899 polygons
2025-08-28 21:38:45 +0900: Memory Usage (955832K) : cont_opc has 0 polygons
2025-08-28 21:38:45 +0900: Memory Usage (955832K) : nsd_drw has 0 polygons
2025-08-28 21:38:45 +0900: Memory Usage (955832K) : nsd_block has 0 polygons
2025-08-28 21:38:57 +0900: Memory Usage (977848K) : metal1_drw has 16153 polygons
2025-08-28 21:38:57 +0900: Memory Usage (977848K) : metal1_pin has 794 polygons
2025-08-28 21:38:57 +0900: Memory Usage (977848K) : metal1_mask has 0 polygons
2025-08-28 21:38:59 +0900: Memory Usage (977848K) : metal1_filler has 60876 polygons
2025-08-28 21:38:59 +0900: Memory Usage (977848K) : metal1_nofill has 0 polygons
2025-08-28 21:38:59 +0900: Memory Usage (977848K) : metal1_slit has 0 polygons
2025-08-28 21:39:00 +0900: Memory Usage (978104K) : metal1_text has 85780 polygons
2025-08-28 21:39:00 +0900: Memory Usage (978104K) : metal1_opc has 0 polygons
2025-08-28 21:39:00 +0900: Memory Usage (978104K) : metal1_noqrc has 0 polygons
2025-08-28 21:39:00 +0900: Memory Usage (978104K) : metal1_res has 0 polygons
2025-08-28 21:39:00 +0900: Memory Usage (978104K) : metal1_iprobe has 0 polygons
2025-08-28 21:39:00 +0900: Memory Usage (978104K) : metal1_diffprb has 0 polygons
2025-08-28 21:39:00 +0900: Memory Usage (978104K) : passiv_drw has 39 polygons
2025-08-28 21:39:00 +0900: Memory Usage (978104K) : passiv_pin has 0 polygons
2025-08-28 21:39:00 +0900: Memory Usage (978104K) : passiv_sbump has 0 polygons
2025-08-28 21:39:00 +0900: Memory Usage (978104K) : passiv_pillar has 0 polygons
2025-08-28 21:39:00 +0900: Memory Usage (978104K) : passiv_pdl has 0 polygons
2025-08-28 21:39:02 +0900: Memory Usage (978104K) : metal2_drw has 9306 polygons
2025-08-28 21:39:03 +0900: Memory Usage (978104K) : metal2_pin has 691 polygons
2025-08-28 21:39:03 +0900: Memory Usage (978104K) : metal2_mask has 0 polygons
2025-08-28 21:39:05 +0900: Memory Usage (978104K) : metal2_filler has 66402 polygons
2025-08-28 21:39:05 +0900: Memory Usage (978104K) : metal2_nofill has 0 polygons
2025-08-28 21:39:05 +0900: Memory Usage (978104K) : metal2_slit has 0 polygons
2025-08-28 21:39:05 +0900: Memory Usage (978104K) : metal2_text has 1251 polygons
2025-08-28 21:39:05 +0900: Memory Usage (978104K) : metal2_opc has 0 polygons
2025-08-28 21:39:05 +0900: Memory Usage (978104K) : metal2_noqrc has 0 polygons
2025-08-28 21:39:05 +0900: Memory Usage (978104K) : metal2_res has 0 polygons
2025-08-28 21:39:05 +0900: Memory Usage (978104K) : metal2_iprobe has 0 polygons
2025-08-28 21:39:05 +0900: Memory Usage (978104K) : metal2_diffprb has 0 polygons
2025-08-28 21:39:05 +0900: Memory Usage (978104K) : baspoly_drw has 0 polygons
2025-08-28 21:39:05 +0900: Memory Usage (978104K) : baspoly_pin has 0 polygons
2025-08-28 21:39:09 +0900: Memory Usage (978104K) : psd_drw has 1631 polygons
2025-08-28 21:39:09 +0900: Memory Usage (978104K) : nldb_drw has 0 polygons
2025-08-28 21:39:09 +0900: Memory Usage (978104K) : digibnd_drw has 0 polygons
2025-08-28 21:39:13 +0900: Memory Usage (978104K) : via1_drw has 109916 polygons
2025-08-28 21:39:13 +0900: Memory Usage (978104K) : backmetal1_drw has 0 polygons
2025-08-28 21:39:13 +0900: Memory Usage (978104K) : backmetal1_pin has 0 polygons
2025-08-28 21:39:13 +0900: Memory Usage (978104K) : backmetal1_mask has 0 polygons
2025-08-28 21:39:13 +0900: Memory Usage (978104K) : backmetal1_filler has 0 polygons
2025-08-28 21:39:13 +0900: Memory Usage (978104K) : backmetal1_nofill has 0 polygons
2025-08-28 21:39:13 +0900: Memory Usage (978104K) : backmetal1_slit has 0 polygons
2025-08-28 21:39:13 +0900: Memory Usage (978104K) : backmetal1_text has 0 polygons
2025-08-28 21:39:13 +0900: Memory Usage (978104K) : backmetal1_opc has 0 polygons
2025-08-28 21:39:13 +0900: Memory Usage (978104K) : backmetal1_noqrc has 0 polygons
2025-08-28 21:39:13 +0900: Memory Usage (978104K) : backmetal1_res has 0 polygons
2025-08-28 21:39:13 +0900: Memory Usage (978104K) : backmetal1_iprobe has 0 polygons
2025-08-28 21:39:13 +0900: Memory Usage (978104K) : backmetal1_diffprb has 0 polygons
2025-08-28 21:39:13 +0900: Memory Usage (978104K) : backpassiv_drw has 0 polygons
2025-08-28 21:39:13 +0900: Memory Usage (978104K) : res_drw has 0 polygons
2025-08-28 21:39:13 +0900: Memory Usage (978104K) : sram_drw has 0 polygons
2025-08-28 21:39:13 +0900: Memory Usage (978104K) : trans_drw has 0 polygons
2025-08-28 21:39:13 +0900: Memory Usage (978104K) : ind_drw has 0 polygons
2025-08-28 21:39:13 +0900: Memory Usage (978104K) : ind_pin has 0 polygons
2025-08-28 21:39:13 +0900: Memory Usage (978104K) : ind_text has 0 polygons
2025-08-28 21:39:13 +0900: Memory Usage (978104K) : salblock_drw has 65 polygons
2025-08-28 21:39:16 +0900: Memory Usage (978104K) : via2_drw has 113723 polygons
2025-08-28 21:39:18 +0900: Memory Usage (978104K) : metal3_drw has 5065 polygons
2025-08-28 21:39:19 +0900: Memory Usage (978104K) : metal3_pin has 242 polygons
2025-08-28 21:39:19 +0900: Memory Usage (978104K) : metal3_mask has 0 polygons
2025-08-28 21:39:20 +0900: Memory Usage (978104K) : metal3_filler has 41149 polygons
2025-08-28 21:39:20 +0900: Memory Usage (978104K) : metal3_nofill has 0 polygons
2025-08-28 21:39:20 +0900: Memory Usage (978104K) : metal3_slit has 0 polygons
2025-08-28 21:39:20 +0900: Memory Usage (978104K) : metal3_text has 593 polygons
2025-08-28 21:39:20 +0900: Memory Usage (978104K) : metal3_opc has 0 polygons
2025-08-28 21:39:20 +0900: Memory Usage (978104K) : metal3_noqrc has 0 polygons
2025-08-28 21:39:20 +0900: Memory Usage (978104K) : metal3_res has 0 polygons
2025-08-28 21:39:20 +0900: Memory Usage (978104K) : metal3_iprobe has 0 polygons
2025-08-28 21:39:20 +0900: Memory Usage (978104K) : metal3_diffprb has 0 polygons
2025-08-28 21:39:23 +0900: Memory Usage (978104K) : nwell_drw has 226 polygons
2025-08-28 21:39:23 +0900: Memory Usage (978104K) : nwell_pin has 0 polygons
2025-08-28 21:39:23 +0900: Memory Usage (978104K) : nbulay_drw has 0 polygons
2025-08-28 21:39:23 +0900: Memory Usage (978104K) : nbulay_pin has 0 polygons
2025-08-28 21:39:23 +0900: Memory Usage (978104K) : nbulay_block has 0 polygons
2025-08-28 21:39:23 +0900: Memory Usage (978104K) : emwind_drw has 0 polygons
2025-08-28 21:39:23 +0900: Memory Usage (978104K) : emwind_opc has 0 polygons
2025-08-28 21:39:23 +0900: Memory Usage (978104K) : deepco_drw has 0 polygons
2025-08-28 21:39:23 +0900: Memory Usage (978104K) : deepco_drw has 0 polygons
2025-08-28 21:39:23 +0900: Memory Usage (978104K) : mim_drw has 0 polygons
2025-08-28 21:39:23 +0900: Memory Usage (978104K) : edgeseal_drw has 1 polygons
2025-08-28 21:39:23 +0900: Memory Usage (978104K) : edgeseal_bound has 1 polygons
2025-08-28 21:39:23 +0900: Memory Usage (978104K) : substrate_drw has 164 polygons
2025-08-28 21:39:23 +0900: Memory Usage (978104K) : substrate_text has 0 polygons
2025-08-28 21:39:24 +0900: Memory Usage (978104K) : dfpad_drw has 38 polygons
2025-08-28 21:39:24 +0900: Memory Usage (978104K) : dfpad_pillar has 0 polygons
2025-08-28 21:39:24 +0900: Memory Usage (978104K) : dfpad_sbump has 0 polygons
2025-08-28 21:39:24 +0900: Memory Usage (978104K) : thickgateox_drw has 74 polygons
2025-08-28 21:39:24 +0900: Memory Usage (978104K) : pldb_drw has 0 polygons
2025-08-28 21:39:24 +0900: Memory Usage (978104K) : pwell_drw has 0 polygons
2025-08-28 21:39:24 +0900: Memory Usage (978104K) : pwell_pin has 0 polygons
2025-08-28 21:39:24 +0900: Memory Usage (978104K) : pwell_block has 0 polygons
2025-08-28 21:39:24 +0900: Memory Usage (978104K) : ic_drw has 0 polygons
2025-08-28 21:39:27 +0900: Memory Usage (978104K) : via3_drw has 115220 polygons
2025-08-28 21:39:28 +0900: Memory Usage (978104K) : metal4_drw has 2679 polygons
2025-08-28 21:39:28 +0900: Memory Usage (978104K) : metal4_pin has 76 polygons
2025-08-28 21:39:28 +0900: Memory Usage (978104K) : metal4_mask has 0 polygons
2025-08-28 21:39:30 +0900: Memory Usage (978104K) : metal4_filler has 41725 polygons
2025-08-28 21:39:30 +0900: Memory Usage (978104K) : metal4_nofill has 0 polygons
2025-08-28 21:39:30 +0900: Memory Usage (978104K) : metal4_slit has 0 polygons
2025-08-28 21:39:30 +0900: Memory Usage (978104K) : metal4_text has 426 polygons
2025-08-28 21:39:30 +0900: Memory Usage (978104K) : metal4_opc has 0 polygons
2025-08-28 21:39:30 +0900: Memory Usage (978104K) : metal4_noqrc has 0 polygons
2025-08-28 21:39:30 +0900: Memory Usage (978104K) : metal4_res has 0 polygons
2025-08-28 21:39:30 +0900: Memory Usage (978104K) : metal4_iprobe has 0 polygons
2025-08-28 21:39:30 +0900: Memory Usage (978104K) : metal4_diffprb has 0 polygons
2025-08-28 21:39:30 +0900: Memory Usage (978104K) : heattrans_drw has 0 polygons
2025-08-28 21:39:30 +0900: Memory Usage (978104K) : heatres_drw has 38 polygons
2025-08-28 21:39:30 +0900: Memory Usage (978104K) : pempoly_drw has 0 polygons
2025-08-28 21:39:30 +0900: Memory Usage (978104K) : fbe_drw has 0 polygons
2025-08-28 21:39:30 +0900: Memory Usage (978104K) : empoly_drw has 0 polygons
2025-08-28 21:39:30 +0900: Memory Usage (978104K) : ldmos_drw has 0 polygons
2025-08-28 21:39:30 +0900: Memory Usage (978104K) : pbiwind_drw has 0 polygons
2025-08-28 21:39:30 +0900: Memory Usage (978104K) : digisub_drw has 0 polygons
2025-08-28 21:39:30 +0900: Memory Usage (978104K) : nodrc_drw has 0 polygons
2025-08-28 21:39:30 +0900: Memory Usage (978104K) : text_drw has 1117 polygons
2025-08-28 21:39:33 +0900: Memory Usage (978104K) : via4_drw has 122691 polygons
2025-08-28 21:39:34 +0900: Memory Usage (978104K) : metal5_drw has 544 polygons
2025-08-28 21:39:34 +0900: Memory Usage (978104K) : metal5_pin has 85 polygons
2025-08-28 21:39:34 +0900: Memory Usage (978104K) : metal5_mask has 0 polygons
2025-08-28 21:39:35 +0900: Memory Usage (978104K) : metal5_filler has 40838 polygons
2025-08-28 21:39:35 +0900: Memory Usage (978104K) : metal5_nofill has 0 polygons
2025-08-28 21:39:35 +0900: Memory Usage (978104K) : metal5_slit has 0 polygons
2025-08-28 21:39:35 +0900: Memory Usage (978104K) : metal5_text has 421 polygons
2025-08-28 21:39:35 +0900: Memory Usage (978104K) : metal5_opc has 0 polygons
2025-08-28 21:39:35 +0900: Memory Usage (978104K) : metal5_noqrc has 0 polygons
2025-08-28 21:39:35 +0900: Memory Usage (978104K) : metal5_res has 0 polygons
2025-08-28 21:39:35 +0900: Memory Usage (978104K) : metal5_iprobe has 0 polygons
2025-08-28 21:39:35 +0900: Memory Usage (978104K) : metal5_diffprb has 0 polygons
2025-08-28 21:39:35 +0900: Memory Usage (978104K) : radhard_drw has 0 polygons
2025-08-28 21:39:35 +0900: Memory Usage (978104K) : memcap_drw has 0 polygons
2025-08-28 21:39:35 +0900: Memory Usage (978104K) : varicap_drw has 0 polygons
2025-08-28 21:39:35 +0900: Memory Usage (978104K) : flash_drw has 0 polygons
2025-08-28 21:39:35 +0900: Memory Usage (978104K) : intbondvia_drw has 0 polygons
2025-08-28 21:39:35 +0900: Memory Usage (978104K) : intbondmet_drw has 0 polygons
2025-08-28 21:39:35 +0900: Memory Usage (978104K) : devbondvia_drw has 0 polygons
2025-08-28 21:39:35 +0900: Memory Usage (978104K) : devbondmet_drw has 0 polygons
2025-08-28 21:39:35 +0900: Memory Usage (978104K) : devtrench_drw has 0 polygons
2025-08-28 21:39:35 +0900: Memory Usage (978104K) : redist_drw has 0 polygons
2025-08-28 21:39:36 +0900: Memory Usage (978104K) : graphbot_drw has 0 polygons
2025-08-28 21:39:36 +0900: Memory Usage (978104K) : graphtop_drw has 0 polygons
2025-08-28 21:39:36 +0900: Memory Usage (978104K) : antvia1_drw has 0 polygons
2025-08-28 21:39:36 +0900: Memory Usage (978104K) : antmetal2_drw has 0 polygons
2025-08-28 21:39:36 +0900: Memory Usage (978104K) : graphcont_drw has 0 polygons
2025-08-28 21:39:36 +0900: Memory Usage (978104K) : siwg_drw has 0 polygons
2025-08-28 21:39:36 +0900: Memory Usage (978104K) : siwg_filler has 0 polygons
2025-08-28 21:39:36 +0900: Memory Usage (978104K) : siwg_nofill has 0 polygons
2025-08-28 21:39:36 +0900: Memory Usage (978104K) : sigrating_drw has 0 polygons
2025-08-28 21:39:36 +0900: Memory Usage (978104K) : singrating_drw has 0 polygons
2025-08-28 21:39:36 +0900: Memory Usage (978104K) : graphpas_drw has 0 polygons
2025-08-28 21:39:36 +0900: Memory Usage (978104K) : emwind3_drw has 0 polygons
2025-08-28 21:39:36 +0900: Memory Usage (978104K) : emwihv3_drw has 0 polygons
2025-08-28 21:39:36 +0900: Memory Usage (978104K) : redbulay_drw has 0 polygons
2025-08-28 21:39:36 +0900: Memory Usage (978104K) : smos_drw has 0 polygons
2025-08-28 21:39:36 +0900: Memory Usage (978104K) : graphpad_drw has 0 polygons
2025-08-28 21:39:36 +0900: Memory Usage (978104K) : polimide_drw has 0 polygons
2025-08-28 21:39:36 +0900: Memory Usage (978104K) : polimide_pin has 0 polygons
2025-08-28 21:39:36 +0900: Memory Usage (978104K) : recog_drw has 0 polygons
2025-08-28 21:39:36 +0900: Memory Usage (978104K) : recog_pin has 0 polygons
2025-08-28 21:39:36 +0900: Memory Usage (978104K) : recog_esd has 0 polygons
2025-08-28 21:39:36 +0900: Memory Usage (978104K) : recog_diode has 220 polygons
2025-08-28 21:39:36 +0900: Memory Usage (978104K) : recog_tsv has 0 polygons
2025-08-28 21:39:36 +0900: Memory Usage (978104K) : recog_iprobe has 0 polygons
2025-08-28 21:39:36 +0900: Memory Usage (978104K) : recog_diffprb has 0 polygons
2025-08-28 21:39:36 +0900: Memory Usage (978104K) : recog_pillar has 0 polygons
2025-08-28 21:39:36 +0900: Memory Usage (978104K) : recog_sbump has 0 polygons
2025-08-28 21:39:36 +0900: Memory Usage (978104K) : recog_otp has 0 polygons
2025-08-28 21:39:36 +0900: Memory Usage (978104K) : recog_pdiode has 0 polygons
2025-08-28 21:39:36 +0900: Memory Usage (978104K) : recog_mom has 0 polygons
2025-08-28 21:39:36 +0900: Memory Usage (978104K) : recog_pcm has 0 polygons
2025-08-28 21:39:36 +0900: Memory Usage (978104K) : colopen_drw has 0 polygons
2025-08-28 21:39:36 +0900: Memory Usage (978104K) : graphmetal1_drw has 0 polygons
2025-08-28 21:39:36 +0900: Memory Usage (978104K) : graphmetal1_filler has 0 polygons
2025-08-28 21:39:36 +0900: Memory Usage (978104K) : graphmetal1_nofill has 0 polygons
2025-08-28 21:39:36 +0900: Memory Usage (978104K) : graphmetal1_slit has 0 polygons
2025-08-28 21:39:36 +0900: Memory Usage (978104K) : graphmetal1_opc has 0 polygons
2025-08-28 21:39:36 +0900: Memory Usage (978104K) : graphmet1l_drw has 0 polygons
2025-08-28 21:39:36 +0900: Memory Usage (978104K) : graphmet1l_filler has 0 polygons
2025-08-28 21:39:36 +0900: Memory Usage (978104K) : graphmet1l_nofill has 0 polygons
2025-08-28 21:39:36 +0900: Memory Usage (978104K) : graphmet1l_slit has 0 polygons
2025-08-28 21:39:36 +0900: Memory Usage (978104K) : graphmet1l_opc has 0 polygons
2025-08-28 21:39:36 +0900: Memory Usage (978104K) : extblock_drw has 65 polygons
2025-08-28 21:39:36 +0900: Memory Usage (978104K) : nldd_drw has 0 polygons
2025-08-28 21:39:36 +0900: Memory Usage (978104K) : pldd_drw has 0 polygons
2025-08-28 21:39:36 +0900: Memory Usage (978104K) : next_drw has 0 polygons
2025-08-28 21:39:36 +0900: Memory Usage (978104K) : pext_drw has 0 polygons
2025-08-28 21:39:36 +0900: Memory Usage (978104K) : nexthv_drw has 0 polygons
2025-08-28 21:39:36 +0900: Memory Usage (978104K) : pexthv_drw has 0 polygons
2025-08-28 21:39:36 +0900: Memory Usage (978104K) : graphgate_drw has 0 polygons
2025-08-28 21:39:36 +0900: Memory Usage (978104K) : sinwg_drw has 0 polygons
2025-08-28 21:39:36 +0900: Memory Usage (978104K) : sinwg_filler has 0 polygons
2025-08-28 21:39:36 +0900: Memory Usage (978104K) : sinwg_nofill has 0 polygons
2025-08-28 21:39:36 +0900: Memory Usage (978104K) : mempad_drw has 0 polygons
2025-08-28 21:39:39 +0900: Memory Usage (978104K) : topvia1_drw has 101818 polygons
2025-08-28 21:39:39 +0900: Memory Usage (978104K) : topmetal1_drw has 87 polygons
2025-08-28 21:39:39 +0900: Memory Usage (978104K) : topmetal1_pin has 82 polygons
2025-08-28 21:39:39 +0900: Memory Usage (978104K) : topmetal1_mask has 0 polygons
2025-08-28 21:39:40 +0900: Memory Usage (978104K) : topmetal1_filler has 6540 polygons
2025-08-28 21:39:40 +0900: Memory Usage (978104K) : topmetal1_nofill has 0 polygons
2025-08-28 21:39:40 +0900: Memory Usage (978104K) : topmetal1_slit has 0 polygons
2025-08-28 21:39:40 +0900: Memory Usage (978104K) : topmetal1_text has 421 polygons
2025-08-28 21:39:40 +0900: Memory Usage (978104K) : topmetal1_noqrc has 0 polygons
2025-08-28 21:39:40 +0900: Memory Usage (978104K) : topmetal1_res has 0 polygons
2025-08-28 21:39:40 +0900: Memory Usage (978104K) : topmetal1_iprobe has 0 polygons
2025-08-28 21:39:40 +0900: Memory Usage (978104K) : topmetal1_diffprb has 0 polygons
2025-08-28 21:39:40 +0900: Memory Usage (978104K) : inldpwl_drw has 0 polygons
2025-08-28 21:39:40 +0900: Memory Usage (978104K) : polyres_drw has 115 polygons
2025-08-28 21:39:40 +0900: Memory Usage (978104K) : polyres_pin has 0 polygons
2025-08-28 21:39:40 +0900: Memory Usage (978104K) : vmim_drw has 0 polygons
2025-08-28 21:39:40 +0900: Memory Usage (978104K) : nbulaycut_drw has 0 polygons
2025-08-28 21:39:40 +0900: Memory Usage (978104K) : antmetal1_drw has 0 polygons
2025-08-28 21:39:42 +0900: Memory Usage (978104K) : topvia2_drw has 63729 polygons
2025-08-28 21:39:42 +0900: Memory Usage (978104K) : topmetal2_drw has 44 polygons
2025-08-28 21:39:42 +0900: Memory Usage (978104K) : topmetal2_pin has 89 polygons
2025-08-28 21:39:42 +0900: Memory Usage (978104K) : topmetal2_mask has 0 polygons
2025-08-28 21:39:43 +0900: Memory Usage (978104K) : topmetal2_filler has 8916 polygons
2025-08-28 21:39:43 +0900: Memory Usage (978104K) : topmetal2_nofill has 0 polygons
2025-08-28 21:39:43 +0900: Memory Usage (978104K) : topmetal2_slit has 0 polygons
2025-08-28 21:39:43 +0900: Memory Usage (978104K) : topmetal2_text has 339 polygons
2025-08-28 21:39:43 +0900: Memory Usage (978104K) : topmetal2_noqrc has 0 polygons
2025-08-28 21:39:43 +0900: Memory Usage (978104K) : topmetal2_res has 0 polygons
2025-08-28 21:39:43 +0900: Memory Usage (978104K) : topmetal2_iprobe has 0 polygons
2025-08-28 21:39:43 +0900: Memory Usage (978104K) : topmetal2_diffprb has 0 polygons
2025-08-28 21:39:43 +0900: Memory Usage (978104K) : snsring_drw has 0 polygons
2025-08-28 21:39:43 +0900: Memory Usage (978104K) : sensor_drw has 0 polygons
2025-08-28 21:39:43 +0900: Memory Usage (978104K) : snsarms_drw has 0 polygons
2025-08-28 21:39:43 +0900: Memory Usage (978104K) : snscmosvia_drw has 0 polygons
2025-08-28 21:39:43 +0900: Memory Usage (978104K) : colwind_drw has 0 polygons
2025-08-28 21:39:43 +0900: Memory Usage (978104K) : flm_drw has 0 polygons
2025-08-28 21:39:43 +0900: Memory Usage (978104K) : hafniumox_drw has 0 polygons
2025-08-28 21:39:43 +0900: Memory Usage (978104K) : memvia_drw has 0 polygons
2025-08-28 21:39:43 +0900: Memory Usage (978104K) : thinfilmres_drw has 0 polygons
2025-08-28 21:39:43 +0900: Memory Usage (978104K) : rfmem_drw has 0 polygons
2025-08-28 21:39:43 +0900: Memory Usage (978104K) : norcx_drw has 0 polygons
2025-08-28 21:39:43 +0900: Memory Usage (978104K) : norcx_m2m3 has 0 polygons
2025-08-28 21:39:43 +0900: Memory Usage (978104K) : norcx_m2m4 has 0 polygons
2025-08-28 21:39:43 +0900: Memory Usage (978104K) : norcx_m2m5 has 0 polygons
2025-08-28 21:39:43 +0900: Memory Usage (978104K) : norcx_m2tm1 has 0 polygons
2025-08-28 21:39:43 +0900: Memory Usage (978104K) : norcx_m2tm2 has 0 polygons
2025-08-28 21:39:43 +0900: Memory Usage (978104K) : norcx_m3m4 has 0 polygons
2025-08-28 21:39:43 +0900: Memory Usage (978104K) : norcx_m3m5 has 0 polygons
2025-08-28 21:39:43 +0900: Memory Usage (978104K) : norcx_m3tm1 has 0 polygons
2025-08-28 21:39:43 +0900: Memory Usage (978104K) : norcx_m3tm2 has 0 polygons
2025-08-28 21:39:43 +0900: Memory Usage (978104K) : norcx_m4m5 has 0 polygons
2025-08-28 21:39:43 +0900: Memory Usage (978104K) : norcx_m4tm1 has 0 polygons
2025-08-28 21:39:43 +0900: Memory Usage (978104K) : norcx_m4tm2 has 0 polygons
2025-08-28 21:39:43 +0900: Memory Usage (978104K) : norcx_m5tm1 has 0 polygons
2025-08-28 21:39:43 +0900: Memory Usage (978104K) : norcx_m5tm2 has 0 polygons
2025-08-28 21:39:43 +0900: Memory Usage (978104K) : norcx_tm1tm2 has 0 polygons
2025-08-28 21:39:43 +0900: Memory Usage (978104K) : norcx_m1sub has 0 polygons
2025-08-28 21:39:43 +0900: Memory Usage (978104K) : norcx_m2sub has 0 polygons
2025-08-28 21:39:43 +0900: Memory Usage (978104K) : norcx_m3sub has 0 polygons
2025-08-28 21:39:43 +0900: Memory Usage (978104K) : norcx_m4sub has 0 polygons
2025-08-28 21:39:43 +0900: Memory Usage (978104K) : norcx_m5sub has 0 polygons
2025-08-28 21:39:43 +0900: Memory Usage (978104K) : norcx_tm1sub has 0 polygons
2025-08-28 21:39:43 +0900: Memory Usage (978104K) : norcx_tm2sub has 0 polygons
2025-08-28 21:39:43 +0900: Memory Usage (978104K) : snsbotvia_drw has 0 polygons
2025-08-28 21:39:43 +0900: Memory Usage (978104K) : snstopvia_drw has 0 polygons
2025-08-28 21:39:43 +0900: Memory Usage (978104K) : deepvia_drw has 0 polygons
2025-08-28 21:39:43 +0900: Memory Usage (978104K) : fgetch_drw has 0 polygons
2025-08-28 21:39:43 +0900: Memory Usage (978104K) : ctrgat_drw has 0 polygons
2025-08-28 21:39:43 +0900: Memory Usage (978104K) : fgimp_drw has 0 polygons
2025-08-28 21:39:43 +0900: Memory Usage (978104K) : emwihv_drw has 0 polygons
2025-08-28 21:39:43 +0900: Memory Usage (978104K) : lbe_drw has 0 polygons
2025-08-28 21:39:43 +0900: Memory Usage (978104K) : alcustop_drw has 0 polygons
2025-08-28 21:39:43 +0900: Memory Usage (978104K) : nometfiller_drw has 0 polygons
2025-08-28 21:39:43 +0900: Memory Usage (978104K) : prboundary_drw has 38 polygons
2025-08-28 21:39:43 +0900: Memory Usage (978104K) : exchange0_drw has 0 polygons
2025-08-28 21:39:43 +0900: Memory Usage (978104K) : exchange0_pin has 0 polygons
2025-08-28 21:39:43 +0900: Memory Usage (978104K) : exchange0_text has 0 polygons
2025-08-28 21:39:43 +0900: Memory Usage (978104K) : exchange1_drw has 0 polygons
2025-08-28 21:39:43 +0900: Memory Usage (978104K) : exchange1_pin has 0 polygons
2025-08-28 21:39:43 +0900: Memory Usage (978104K) : exchange1_text has 0 polygons
2025-08-28 21:39:43 +0900: Memory Usage (978104K) : exchange2_drw has 0 polygons
2025-08-28 21:39:43 +0900: Memory Usage (978104K) : exchange2_pin has 0 polygons
2025-08-28 21:39:43 +0900: Memory Usage (978104K) : exchange2_text has 0 polygons
2025-08-28 21:39:43 +0900: Memory Usage (978104K) : exchange3_drw has 0 polygons
2025-08-28 21:39:43 +0900: Memory Usage (978104K) : exchange3_pin has 0 polygons
2025-08-28 21:39:43 +0900: Memory Usage (978104K) : exchange3_text has 0 polygons
2025-08-28 21:39:43 +0900: Memory Usage (978104K) : exchange4_drw has 0 polygons
2025-08-28 21:39:43 +0900: Memory Usage (978104K) : exchange4_pin has 0 polygons
2025-08-28 21:39:43 +0900: Memory Usage (978104K) : exchange4_text has 0 polygons
2025-08-28 21:39:43 +0900: Memory Usage (978104K) : isonwell_drw has 0 polygons
2025-08-28 21:39:43 +0900: Memory Usage (978104K) : Total no. of polygons in the design is 4018780
2025-08-28 21:39:43 +0900: Memory Usage (978104K) : Loaded TECH DRC rules values from /opt/ext/OpenPDKs/IHP-Open-PDK/ihp-sg13g2/libs.tech/klayout/python/sg13g2_pycell_lib/sg13g2_tech_mod.json
2025-08-28 21:39:43 +0900: Memory Usage (978104K) : Loaded default DRC rules values from /opt/ext/OpenPDKs/IHP-Open-PDK/ihp-sg13g2/libs.tech/klayout/tech/drc/rule_decks/sg13g2_tech_default.json
2025-08-28 21:39:43 +0900: Memory Usage (978104K) : Total area of the design is 1999995.5559999992 um^2.
2025-08-28 21:39:43 +0900: Memory Usage (978104K) : The design dimensions are 1432.5999999999997 µm * 1396.0599999999997 µm.
2025-08-28 21:39:43 +0900: Memory Usage (978104K) : Starting general IHP-SG13G2 derivations.
2025-08-28 21:39:43 +0900: Memory Usage (978104K) : Starting Pwell derivations
2025-08-28 21:39:43 +0900: Memory Usage (978360K) : Starting IHP-SG13G2 DRC rules.
2025-08-28 21:39:43 +0900: Memory Usage (978360K) : Running all FEOL rules
2025-08-28 21:39:43 +0900: Memory Usage (978360K) : Running all BEOL rules
2025-08-28 21:39:43 +0900: Memory Usage (978360K) : Starting 3.2. FORBIDDEN table
2025-08-28 21:39:43 +0900: Memory Usage (978360K) : Executing rule forbidden.biwind
2025-08-28 21:39:43 +0900: Memory Usage (978360K) : Executing rule forbidden.pemwind
2025-08-28 21:39:43 +0900: Memory Usage (978360K) : Executing rule forbidden.baspoly
2025-08-28 21:39:43 +0900: Memory Usage (978360K) : Executing rule forbidden.deepco
2025-08-28 21:39:43 +0900: Memory Usage (978360K) : Executing rule forbidden.pempoly
2025-08-28 21:39:43 +0900: Memory Usage (978360K) : Executing rule forbidden.empoly
2025-08-28 21:39:43 +0900: Memory Usage (978360K) : Executing rule forbidden.ldmos
2025-08-28 21:39:43 +0900: Memory Usage (978360K) : Executing rule forbidden.pbiwind
2025-08-28 21:39:43 +0900: Memory Usage (978360K) : Executing rule forbidden.nodrc
2025-08-28 21:39:43 +0900: Memory Usage (978360K) : Executing rule forbidden.flash
2025-08-28 21:39:43 +0900: Memory Usage (978360K) : Executing rule forbidden.colwind
2025-08-28 21:39:43 +0900: Memory Usage (978360K) : KLayout DRC run for table 'forbidden' completed in 164.84 seconds
