# Logfile created on 2025-09-12 21:31:15 +0900 by logger.rb/v1.5.3
2025-09-12 21:31:15 +0900: Memory Usage (499564K) : Starting running IHP-SG13G2 Klayout DRC runset on /home/ckdur/Documents/SymbioticEDA/asicone_sg13g2/chip/signoff/outputs/asicone_202508.fill.gds
2025-09-12 21:31:15 +0900: Memory Usage (499564K) : Ruby Version for klayout: 3.2.3
2025-09-12 21:31:17 +0900: Memory Usage (543840K) : Loading database to memory is complete.
2025-09-12 21:31:17 +0900: Memory Usage (543840K) : IHP-SG13G2 Klayout DRC runset output at: /home/ckdur/Documents/SymbioticEDA/asicone_sg13g2/chip/signoff/reports/asicone_202508.fill_asicone_202508_topvia1.lyrdb
2025-09-12 21:31:17 +0900: Memory Usage (543840K) : Evaluate switches.
2025-09-12 21:31:17 +0900: Memory Usage (543840K) : table_name selected  topvia1
2025-09-12 21:31:17 +0900: Memory Usage (543840K) : Klayout will use 10 thread(s)
2025-09-12 21:31:17 +0900: Memory Usage (543840K) : flat mode is enabled for topvia1 table.
2025-09-12 21:31:17 +0900: Memory Usage (543840K) : FEOL enabled: true
2025-09-12 21:31:17 +0900: Memory Usage (543840K) : BEOL enabled: true
2025-09-12 21:31:17 +0900: Memory Usage (543840K) : OffGrid enabled: true
2025-09-12 21:31:17 +0900: Memory Usage (543840K) : PreCheck DRC enabled: false
2025-09-12 21:31:17 +0900: Memory Usage (543840K) : CONNECTIVITY_RULES enabled: false for table topvia1
2025-09-12 21:31:17 +0900: Memory Usage (543840K) : Read in polygons from layers.
2025-09-12 21:31:23 +0900: Memory Usage (554056K) : activ_drw has 12386 polygons
2025-09-12 21:31:23 +0900: Memory Usage (554056K) : activ_pin has 0 polygons
2025-09-12 21:31:23 +0900: Memory Usage (554056K) : activ_mask has 0 polygons
2025-09-12 21:31:24 +0900: Memory Usage (554568K) : activ_filler has 30752 polygons
2025-09-12 21:31:24 +0900: Memory Usage (554568K) : activ_nofill has 0 polygons
2025-09-12 21:31:24 +0900: Memory Usage (554568K) : activ_opc has 0 polygons
2025-09-12 21:31:24 +0900: Memory Usage (554568K) : activ_iopc has 0 polygons
2025-09-12 21:31:24 +0900: Memory Usage (554568K) : activ_noqrc has 0 polygons
2025-09-12 21:31:24 +0900: Memory Usage (554568K) : biwind_drw has 0 polygons
2025-09-12 21:31:24 +0900: Memory Usage (554568K) : biwind_opc has 0 polygons
2025-09-12 21:31:24 +0900: Memory Usage (554568K) : pemwind_drw has 0 polygons
2025-09-12 21:31:33 +0900: Memory Usage (620220K) : gatpoly_drw has 22203 polygons
2025-09-12 21:31:33 +0900: Memory Usage (620220K) : gatpoly_pin has 0 polygons
2025-09-12 21:31:34 +0900: Memory Usage (620220K) : gatpoly_filler has 30752 polygons
2025-09-12 21:31:34 +0900: Memory Usage (620220K) : gatpoly_nofill has 0 polygons
2025-09-12 21:31:34 +0900: Memory Usage (620220K) : gatpoly_opc has 0 polygons
2025-09-12 21:31:34 +0900: Memory Usage (620220K) : gatpoly_iopc has 0 polygons
2025-09-12 21:31:34 +0900: Memory Usage (620220K) : gatpoly_noqrc has 0 polygons
2025-09-12 21:33:00 +0900: Memory Usage (960760K) : cont_drw has 3031017 polygons
2025-09-12 21:33:00 +0900: Memory Usage (960760K) : cont_opc has 0 polygons
2025-09-12 21:33:00 +0900: Memory Usage (960760K) : nsd_drw has 0 polygons
2025-09-12 21:33:00 +0900: Memory Usage (960760K) : nsd_block has 0 polygons
2025-09-12 21:33:11 +0900: Memory Usage (982520K) : metal1_drw has 18812 polygons
2025-09-12 21:33:12 +0900: Memory Usage (982520K) : metal1_pin has 3000 polygons
2025-09-12 21:33:12 +0900: Memory Usage (982520K) : metal1_mask has 0 polygons
2025-09-12 21:33:14 +0900: Memory Usage (982520K) : metal1_filler has 58856 polygons
2025-09-12 21:33:14 +0900: Memory Usage (982520K) : metal1_nofill has 0 polygons
2025-09-12 21:33:14 +0900: Memory Usage (982520K) : metal1_slit has 0 polygons
2025-09-12 21:33:14 +0900: Memory Usage (982520K) : metal1_text has 74538 polygons
2025-09-12 21:33:14 +0900: Memory Usage (982520K) : metal1_opc has 0 polygons
2025-09-12 21:33:14 +0900: Memory Usage (982520K) : metal1_noqrc has 0 polygons
2025-09-12 21:33:14 +0900: Memory Usage (982520K) : metal1_res has 0 polygons
2025-09-12 21:33:14 +0900: Memory Usage (982520K) : metal1_iprobe has 0 polygons
2025-09-12 21:33:14 +0900: Memory Usage (982520K) : metal1_diffprb has 0 polygons
2025-09-12 21:33:14 +0900: Memory Usage (982520K) : passiv_drw has 39 polygons
2025-09-12 21:33:14 +0900: Memory Usage (982520K) : passiv_pin has 0 polygons
2025-09-12 21:33:14 +0900: Memory Usage (982520K) : passiv_sbump has 0 polygons
2025-09-12 21:33:14 +0900: Memory Usage (982520K) : passiv_pillar has 0 polygons
2025-09-12 21:33:14 +0900: Memory Usage (982520K) : passiv_pdl has 0 polygons
2025-09-12 21:33:17 +0900: Memory Usage (982520K) : metal2_drw has 10652 polygons
2025-09-12 21:33:18 +0900: Memory Usage (982520K) : metal2_pin has 1719 polygons
2025-09-12 21:33:18 +0900: Memory Usage (982520K) : metal2_mask has 0 polygons
2025-09-12 21:33:20 +0900: Memory Usage (982520K) : metal2_filler has 64947 polygons
2025-09-12 21:33:20 +0900: Memory Usage (982520K) : metal2_nofill has 0 polygons
2025-09-12 21:33:20 +0900: Memory Usage (982520K) : metal2_slit has 0 polygons
2025-09-12 21:33:20 +0900: Memory Usage (982520K) : metal2_text has 2418 polygons
2025-09-12 21:33:20 +0900: Memory Usage (982520K) : metal2_opc has 0 polygons
2025-09-12 21:33:20 +0900: Memory Usage (982520K) : metal2_noqrc has 0 polygons
2025-09-12 21:33:20 +0900: Memory Usage (982520K) : metal2_res has 0 polygons
2025-09-12 21:33:20 +0900: Memory Usage (982520K) : metal2_iprobe has 0 polygons
2025-09-12 21:33:20 +0900: Memory Usage (982520K) : metal2_diffprb has 0 polygons
2025-09-12 21:33:20 +0900: Memory Usage (982520K) : baspoly_drw has 0 polygons
2025-09-12 21:33:20 +0900: Memory Usage (982520K) : baspoly_pin has 0 polygons
2025-09-12 21:33:23 +0900: Memory Usage (982520K) : psd_drw has 2330 polygons
2025-09-12 21:33:23 +0900: Memory Usage (982520K) : nldb_drw has 0 polygons
2025-09-12 21:33:23 +0900: Memory Usage (982520K) : digibnd_drw has 0 polygons
2025-09-12 21:33:27 +0900: Memory Usage (982520K) : via1_drw has 128111 polygons
2025-09-12 21:33:27 +0900: Memory Usage (982520K) : backmetal1_drw has 0 polygons
2025-09-12 21:33:27 +0900: Memory Usage (982520K) : backmetal1_pin has 0 polygons
2025-09-12 21:33:27 +0900: Memory Usage (982520K) : backmetal1_mask has 0 polygons
2025-09-12 21:33:27 +0900: Memory Usage (982520K) : backmetal1_filler has 0 polygons
2025-09-12 21:33:27 +0900: Memory Usage (982520K) : backmetal1_nofill has 0 polygons
2025-09-12 21:33:27 +0900: Memory Usage (982520K) : backmetal1_slit has 0 polygons
2025-09-12 21:33:27 +0900: Memory Usage (982520K) : backmetal1_text has 0 polygons
2025-09-12 21:33:27 +0900: Memory Usage (982520K) : backmetal1_opc has 0 polygons
2025-09-12 21:33:27 +0900: Memory Usage (982520K) : backmetal1_noqrc has 0 polygons
2025-09-12 21:33:27 +0900: Memory Usage (982520K) : backmetal1_res has 0 polygons
2025-09-12 21:33:27 +0900: Memory Usage (982520K) : backmetal1_iprobe has 0 polygons
2025-09-12 21:33:27 +0900: Memory Usage (982520K) : backmetal1_diffprb has 0 polygons
2025-09-12 21:33:27 +0900: Memory Usage (982520K) : backpassiv_drw has 0 polygons
2025-09-12 21:33:27 +0900: Memory Usage (982520K) : res_drw has 0 polygons
2025-09-12 21:33:27 +0900: Memory Usage (982520K) : sram_drw has 0 polygons
2025-09-12 21:33:27 +0900: Memory Usage (982520K) : trans_drw has 0 polygons
2025-09-12 21:33:27 +0900: Memory Usage (982520K) : ind_drw has 0 polygons
2025-09-12 21:33:27 +0900: Memory Usage (982520K) : ind_pin has 0 polygons
2025-09-12 21:33:27 +0900: Memory Usage (982520K) : ind_text has 0 polygons
2025-09-12 21:33:27 +0900: Memory Usage (982520K) : salblock_drw has 50 polygons
2025-09-12 21:33:31 +0900: Memory Usage (982520K) : via2_drw has 120843 polygons
2025-09-12 21:33:32 +0900: Memory Usage (982520K) : metal3_drw has 5609 polygons
2025-09-12 21:33:33 +0900: Memory Usage (982520K) : metal3_pin has 267 polygons
2025-09-12 21:33:33 +0900: Memory Usage (982520K) : metal3_mask has 0 polygons
2025-09-12 21:33:34 +0900: Memory Usage (982520K) : metal3_filler has 40197 polygons
2025-09-12 21:33:34 +0900: Memory Usage (982520K) : metal3_nofill has 0 polygons
2025-09-12 21:33:34 +0900: Memory Usage (982520K) : metal3_slit has 0 polygons
2025-09-12 21:33:34 +0900: Memory Usage (982520K) : metal3_text has 629 polygons
2025-09-12 21:33:34 +0900: Memory Usage (982520K) : metal3_opc has 0 polygons
2025-09-12 21:33:34 +0900: Memory Usage (982520K) : metal3_noqrc has 0 polygons
2025-09-12 21:33:34 +0900: Memory Usage (982520K) : metal3_res has 0 polygons
2025-09-12 21:33:34 +0900: Memory Usage (982520K) : metal3_iprobe has 0 polygons
2025-09-12 21:33:34 +0900: Memory Usage (982520K) : metal3_diffprb has 0 polygons
2025-09-12 21:33:36 +0900: Memory Usage (982520K) : nwell_drw has 227 polygons
2025-09-12 21:33:36 +0900: Memory Usage (982520K) : nwell_pin has 0 polygons
2025-09-12 21:33:36 +0900: Memory Usage (982520K) : nbulay_drw has 0 polygons
2025-09-12 21:33:36 +0900: Memory Usage (982520K) : nbulay_pin has 0 polygons
2025-09-12 21:33:36 +0900: Memory Usage (982520K) : nbulay_block has 0 polygons
2025-09-12 21:33:36 +0900: Memory Usage (982520K) : emwind_drw has 0 polygons
2025-09-12 21:33:36 +0900: Memory Usage (982520K) : emwind_opc has 0 polygons
2025-09-12 21:33:36 +0900: Memory Usage (982520K) : deepco_drw has 0 polygons
2025-09-12 21:33:36 +0900: Memory Usage (982520K) : deepco_drw has 0 polygons
2025-09-12 21:33:36 +0900: Memory Usage (982520K) : mim_drw has 0 polygons
2025-09-12 21:33:37 +0900: Memory Usage (982520K) : edgeseal_drw has 1 polygons
2025-09-12 21:33:37 +0900: Memory Usage (982520K) : edgeseal_bound has 1 polygons
2025-09-12 21:33:37 +0900: Memory Usage (982520K) : substrate_drw has 143 polygons
2025-09-12 21:33:37 +0900: Memory Usage (982520K) : substrate_text has 0 polygons
2025-09-12 21:33:37 +0900: Memory Usage (982520K) : dfpad_drw has 38 polygons
2025-09-12 21:33:37 +0900: Memory Usage (982520K) : dfpad_pillar has 0 polygons
2025-09-12 21:33:37 +0900: Memory Usage (982520K) : dfpad_sbump has 0 polygons
2025-09-12 21:33:38 +0900: Memory Usage (982520K) : thickgateox_drw has 71 polygons
2025-09-12 21:33:38 +0900: Memory Usage (982520K) : pldb_drw has 0 polygons
2025-09-12 21:33:38 +0900: Memory Usage (982520K) : pwell_drw has 0 polygons
2025-09-12 21:33:38 +0900: Memory Usage (982520K) : pwell_pin has 0 polygons
2025-09-12 21:33:38 +0900: Memory Usage (982520K) : pwell_block has 0 polygons
2025-09-12 21:33:38 +0900: Memory Usage (982520K) : ic_drw has 0 polygons
2025-09-12 21:33:40 +0900: Memory Usage (982520K) : via3_drw has 118253 polygons
2025-09-12 21:33:41 +0900: Memory Usage (982520K) : metal4_drw has 2808 polygons
2025-09-12 21:33:42 +0900: Memory Usage (982520K) : metal4_pin has 188 polygons
2025-09-12 21:33:42 +0900: Memory Usage (982520K) : metal4_mask has 0 polygons
2025-09-12 21:33:43 +0900: Memory Usage (982520K) : metal4_filler has 41189 polygons
2025-09-12 21:33:43 +0900: Memory Usage (982520K) : metal4_nofill has 0 polygons
2025-09-12 21:33:43 +0900: Memory Usage (982520K) : metal4_slit has 0 polygons
2025-09-12 21:33:43 +0900: Memory Usage (982520K) : metal4_text has 527 polygons
2025-09-12 21:33:43 +0900: Memory Usage (982520K) : metal4_opc has 0 polygons
2025-09-12 21:33:43 +0900: Memory Usage (982520K) : metal4_noqrc has 0 polygons
2025-09-12 21:33:43 +0900: Memory Usage (982520K) : metal4_res has 0 polygons
2025-09-12 21:33:43 +0900: Memory Usage (982520K) : metal4_iprobe has 0 polygons
2025-09-12 21:33:43 +0900: Memory Usage (982520K) : metal4_diffprb has 0 polygons
2025-09-12 21:33:43 +0900: Memory Usage (982520K) : heattrans_drw has 0 polygons
2025-09-12 21:33:43 +0900: Memory Usage (982520K) : heatres_drw has 26 polygons
2025-09-12 21:33:43 +0900: Memory Usage (982520K) : pempoly_drw has 0 polygons
2025-09-12 21:33:43 +0900: Memory Usage (982520K) : fbe_drw has 0 polygons
2025-09-12 21:33:43 +0900: Memory Usage (982520K) : empoly_drw has 0 polygons
2025-09-12 21:33:43 +0900: Memory Usage (982520K) : ldmos_drw has 0 polygons
2025-09-12 21:33:43 +0900: Memory Usage (982520K) : pbiwind_drw has 0 polygons
2025-09-12 21:33:43 +0900: Memory Usage (982520K) : digisub_drw has 0 polygons
2025-09-12 21:33:43 +0900: Memory Usage (982520K) : nodrc_drw has 0 polygons
2025-09-12 21:33:43 +0900: Memory Usage (982520K) : text_drw has 2551 polygons
2025-09-12 21:33:46 +0900: Memory Usage (982520K) : via4_drw has 124301 polygons
2025-09-12 21:33:47 +0900: Memory Usage (982520K) : metal5_drw has 568 polygons
2025-09-12 21:33:47 +0900: Memory Usage (982520K) : metal5_pin has 85 polygons
2025-09-12 21:33:47 +0900: Memory Usage (982520K) : metal5_mask has 0 polygons
2025-09-12 21:33:48 +0900: Memory Usage (982520K) : metal5_filler has 39673 polygons
2025-09-12 21:33:48 +0900: Memory Usage (982520K) : metal5_nofill has 0 polygons
2025-09-12 21:33:48 +0900: Memory Usage (982520K) : metal5_slit has 0 polygons
2025-09-12 21:33:48 +0900: Memory Usage (982520K) : metal5_text has 421 polygons
2025-09-12 21:33:48 +0900: Memory Usage (982520K) : metal5_opc has 0 polygons
2025-09-12 21:33:48 +0900: Memory Usage (982520K) : metal5_noqrc has 0 polygons
2025-09-12 21:33:48 +0900: Memory Usage (982520K) : metal5_res has 0 polygons
2025-09-12 21:33:48 +0900: Memory Usage (982520K) : metal5_iprobe has 0 polygons
2025-09-12 21:33:48 +0900: Memory Usage (982520K) : metal5_diffprb has 0 polygons
2025-09-12 21:33:48 +0900: Memory Usage (982520K) : radhard_drw has 0 polygons
2025-09-12 21:33:48 +0900: Memory Usage (982520K) : memcap_drw has 0 polygons
2025-09-12 21:33:48 +0900: Memory Usage (982520K) : varicap_drw has 0 polygons
2025-09-12 21:33:48 +0900: Memory Usage (982520K) : flash_drw has 0 polygons
2025-09-12 21:33:48 +0900: Memory Usage (982520K) : intbondvia_drw has 0 polygons
2025-09-12 21:33:48 +0900: Memory Usage (982520K) : intbondmet_drw has 0 polygons
2025-09-12 21:33:48 +0900: Memory Usage (982520K) : devbondvia_drw has 0 polygons
2025-09-12 21:33:48 +0900: Memory Usage (982520K) : devbondmet_drw has 0 polygons
2025-09-12 21:33:48 +0900: Memory Usage (982520K) : devtrench_drw has 0 polygons
2025-09-12 21:33:48 +0900: Memory Usage (982520K) : redist_drw has 0 polygons
2025-09-12 21:33:48 +0900: Memory Usage (982520K) : graphbot_drw has 0 polygons
2025-09-12 21:33:48 +0900: Memory Usage (982520K) : graphtop_drw has 0 polygons
2025-09-12 21:33:48 +0900: Memory Usage (982520K) : antvia1_drw has 0 polygons
2025-09-12 21:33:48 +0900: Memory Usage (982520K) : antmetal2_drw has 0 polygons
2025-09-12 21:33:48 +0900: Memory Usage (982520K) : graphcont_drw has 0 polygons
2025-09-12 21:33:48 +0900: Memory Usage (982520K) : siwg_drw has 0 polygons
2025-09-12 21:33:48 +0900: Memory Usage (982520K) : siwg_filler has 0 polygons
2025-09-12 21:33:48 +0900: Memory Usage (982520K) : siwg_nofill has 0 polygons
2025-09-12 21:33:48 +0900: Memory Usage (982520K) : sigrating_drw has 0 polygons
2025-09-12 21:33:48 +0900: Memory Usage (982520K) : singrating_drw has 0 polygons
2025-09-12 21:33:48 +0900: Memory Usage (982520K) : graphpas_drw has 0 polygons
2025-09-12 21:33:48 +0900: Memory Usage (982520K) : emwind3_drw has 0 polygons
2025-09-12 21:33:48 +0900: Memory Usage (982520K) : emwihv3_drw has 0 polygons
2025-09-12 21:33:48 +0900: Memory Usage (982520K) : redbulay_drw has 0 polygons
2025-09-12 21:33:48 +0900: Memory Usage (982520K) : smos_drw has 0 polygons
2025-09-12 21:33:48 +0900: Memory Usage (982520K) : graphpad_drw has 0 polygons
2025-09-12 21:33:48 +0900: Memory Usage (982520K) : polimide_drw has 0 polygons
2025-09-12 21:33:48 +0900: Memory Usage (982520K) : polimide_pin has 0 polygons
2025-09-12 21:33:48 +0900: Memory Usage (982520K) : recog_drw has 0 polygons
2025-09-12 21:33:48 +0900: Memory Usage (982520K) : recog_pin has 0 polygons
2025-09-12 21:33:48 +0900: Memory Usage (982520K) : recog_esd has 0 polygons
2025-09-12 21:33:49 +0900: Memory Usage (982520K) : recog_diode has 214 polygons
2025-09-12 21:33:49 +0900: Memory Usage (982520K) : recog_tsv has 0 polygons
2025-09-12 21:33:49 +0900: Memory Usage (982520K) : recog_iprobe has 0 polygons
2025-09-12 21:33:49 +0900: Memory Usage (982520K) : recog_diffprb has 0 polygons
2025-09-12 21:33:49 +0900: Memory Usage (982520K) : recog_pillar has 0 polygons
2025-09-12 21:33:49 +0900: Memory Usage (982520K) : recog_sbump has 0 polygons
2025-09-12 21:33:49 +0900: Memory Usage (982520K) : recog_otp has 0 polygons
2025-09-12 21:33:49 +0900: Memory Usage (982520K) : recog_pdiode has 0 polygons
2025-09-12 21:33:49 +0900: Memory Usage (982520K) : recog_mom has 0 polygons
2025-09-12 21:33:49 +0900: Memory Usage (982520K) : recog_pcm has 0 polygons
2025-09-12 21:33:49 +0900: Memory Usage (982520K) : colopen_drw has 0 polygons
2025-09-12 21:33:49 +0900: Memory Usage (982520K) : graphmetal1_drw has 0 polygons
2025-09-12 21:33:49 +0900: Memory Usage (982520K) : graphmetal1_filler has 0 polygons
2025-09-12 21:33:49 +0900: Memory Usage (982520K) : graphmetal1_nofill has 0 polygons
2025-09-12 21:33:49 +0900: Memory Usage (982520K) : graphmetal1_slit has 0 polygons
2025-09-12 21:33:49 +0900: Memory Usage (982520K) : graphmetal1_opc has 0 polygons
2025-09-12 21:33:49 +0900: Memory Usage (982520K) : graphmet1l_drw has 0 polygons
2025-09-12 21:33:49 +0900: Memory Usage (982520K) : graphmet1l_filler has 0 polygons
2025-09-12 21:33:49 +0900: Memory Usage (982520K) : graphmet1l_nofill has 0 polygons
2025-09-12 21:33:49 +0900: Memory Usage (982520K) : graphmet1l_slit has 0 polygons
2025-09-12 21:33:49 +0900: Memory Usage (982520K) : graphmet1l_opc has 0 polygons
2025-09-12 21:33:49 +0900: Memory Usage (982520K) : extblock_drw has 50 polygons
2025-09-12 21:33:49 +0900: Memory Usage (982520K) : nldd_drw has 0 polygons
2025-09-12 21:33:49 +0900: Memory Usage (982520K) : pldd_drw has 0 polygons
2025-09-12 21:33:49 +0900: Memory Usage (982520K) : next_drw has 0 polygons
2025-09-12 21:33:49 +0900: Memory Usage (982520K) : pext_drw has 0 polygons
2025-09-12 21:33:49 +0900: Memory Usage (982520K) : nexthv_drw has 0 polygons
2025-09-12 21:33:49 +0900: Memory Usage (982520K) : pexthv_drw has 0 polygons
2025-09-12 21:33:49 +0900: Memory Usage (982520K) : graphgate_drw has 0 polygons
2025-09-12 21:33:49 +0900: Memory Usage (982520K) : sinwg_drw has 0 polygons
2025-09-12 21:33:49 +0900: Memory Usage (982520K) : sinwg_filler has 0 polygons
2025-09-12 21:33:49 +0900: Memory Usage (982520K) : sinwg_nofill has 0 polygons
2025-09-12 21:33:49 +0900: Memory Usage (982520K) : mempad_drw has 0 polygons
2025-09-12 21:33:51 +0900: Memory Usage (982520K) : topvia1_drw has 102463 polygons
2025-09-12 21:33:52 +0900: Memory Usage (982520K) : topmetal1_drw has 97 polygons
2025-09-12 21:33:52 +0900: Memory Usage (982520K) : topmetal1_pin has 82 polygons
2025-09-12 21:33:52 +0900: Memory Usage (982520K) : topmetal1_mask has 0 polygons
2025-09-12 21:33:52 +0900: Memory Usage (982520K) : topmetal1_filler has 6190 polygons
2025-09-12 21:33:52 +0900: Memory Usage (982520K) : topmetal1_nofill has 0 polygons
2025-09-12 21:33:52 +0900: Memory Usage (982520K) : topmetal1_slit has 0 polygons
2025-09-12 21:33:52 +0900: Memory Usage (982520K) : topmetal1_text has 421 polygons
2025-09-12 21:33:52 +0900: Memory Usage (982520K) : topmetal1_noqrc has 0 polygons
2025-09-12 21:33:52 +0900: Memory Usage (982520K) : topmetal1_res has 0 polygons
2025-09-12 21:33:52 +0900: Memory Usage (982520K) : topmetal1_iprobe has 0 polygons
2025-09-12 21:33:52 +0900: Memory Usage (982520K) : topmetal1_diffprb has 0 polygons
2025-09-12 21:33:52 +0900: Memory Usage (982520K) : inldpwl_drw has 0 polygons
2025-09-12 21:33:53 +0900: Memory Usage (982520K) : polyres_drw has 100 polygons
2025-09-12 21:33:53 +0900: Memory Usage (982520K) : polyres_pin has 0 polygons
2025-09-12 21:33:53 +0900: Memory Usage (982520K) : vmim_drw has 0 polygons
2025-09-12 21:33:53 +0900: Memory Usage (982520K) : nbulaycut_drw has 0 polygons
2025-09-12 21:33:53 +0900: Memory Usage (982520K) : antmetal1_drw has 0 polygons
2025-09-12 21:33:54 +0900: Memory Usage (982520K) : topvia2_drw has 63729 polygons
2025-09-12 21:33:54 +0900: Memory Usage (982520K) : topmetal2_drw has 44 polygons
2025-09-12 21:33:55 +0900: Memory Usage (982520K) : topmetal2_pin has 102 polygons
2025-09-12 21:33:55 +0900: Memory Usage (982520K) : topmetal2_mask has 0 polygons
2025-09-12 21:33:55 +0900: Memory Usage (982520K) : topmetal2_filler has 8916 polygons
2025-09-12 21:33:55 +0900: Memory Usage (982520K) : topmetal2_nofill has 0 polygons
2025-09-12 21:33:55 +0900: Memory Usage (982520K) : topmetal2_slit has 0 polygons
2025-09-12 21:33:55 +0900: Memory Usage (982520K) : topmetal2_text has 352 polygons
2025-09-12 21:33:55 +0900: Memory Usage (982520K) : topmetal2_noqrc has 0 polygons
2025-09-12 21:33:55 +0900: Memory Usage (982520K) : topmetal2_res has 0 polygons
2025-09-12 21:33:55 +0900: Memory Usage (982520K) : topmetal2_iprobe has 0 polygons
2025-09-12 21:33:55 +0900: Memory Usage (982520K) : topmetal2_diffprb has 0 polygons
2025-09-12 21:33:55 +0900: Memory Usage (982520K) : snsring_drw has 0 polygons
2025-09-12 21:33:55 +0900: Memory Usage (982520K) : sensor_drw has 0 polygons
2025-09-12 21:33:55 +0900: Memory Usage (982520K) : snsarms_drw has 0 polygons
2025-09-12 21:33:55 +0900: Memory Usage (982520K) : snscmosvia_drw has 0 polygons
2025-09-12 21:33:55 +0900: Memory Usage (982520K) : colwind_drw has 0 polygons
2025-09-12 21:33:55 +0900: Memory Usage (982520K) : flm_drw has 0 polygons
2025-09-12 21:33:55 +0900: Memory Usage (982520K) : hafniumox_drw has 0 polygons
2025-09-12 21:33:55 +0900: Memory Usage (982520K) : memvia_drw has 0 polygons
2025-09-12 21:33:55 +0900: Memory Usage (982520K) : thinfilmres_drw has 0 polygons
2025-09-12 21:33:55 +0900: Memory Usage (982520K) : rfmem_drw has 0 polygons
2025-09-12 21:33:55 +0900: Memory Usage (982520K) : norcx_drw has 0 polygons
2025-09-12 21:33:55 +0900: Memory Usage (982520K) : norcx_m2m3 has 0 polygons
2025-09-12 21:33:55 +0900: Memory Usage (982520K) : norcx_m2m4 has 0 polygons
2025-09-12 21:33:55 +0900: Memory Usage (982520K) : norcx_m2m5 has 0 polygons
2025-09-12 21:33:55 +0900: Memory Usage (982520K) : norcx_m2tm1 has 0 polygons
2025-09-12 21:33:55 +0900: Memory Usage (982520K) : norcx_m2tm2 has 0 polygons
2025-09-12 21:33:55 +0900: Memory Usage (982520K) : norcx_m3m4 has 0 polygons
2025-09-12 21:33:55 +0900: Memory Usage (982520K) : norcx_m3m5 has 0 polygons
2025-09-12 21:33:55 +0900: Memory Usage (982520K) : norcx_m3tm1 has 0 polygons
2025-09-12 21:33:55 +0900: Memory Usage (982520K) : norcx_m3tm2 has 0 polygons
2025-09-12 21:33:55 +0900: Memory Usage (982520K) : norcx_m4m5 has 0 polygons
2025-09-12 21:33:55 +0900: Memory Usage (982520K) : norcx_m4tm1 has 0 polygons
2025-09-12 21:33:55 +0900: Memory Usage (982520K) : norcx_m4tm2 has 0 polygons
2025-09-12 21:33:55 +0900: Memory Usage (982520K) : norcx_m5tm1 has 0 polygons
2025-09-12 21:33:55 +0900: Memory Usage (982520K) : norcx_m5tm2 has 0 polygons
2025-09-12 21:33:55 +0900: Memory Usage (982520K) : norcx_tm1tm2 has 0 polygons
2025-09-12 21:33:55 +0900: Memory Usage (982520K) : norcx_m1sub has 0 polygons
2025-09-12 21:33:55 +0900: Memory Usage (982520K) : norcx_m2sub has 0 polygons
2025-09-12 21:33:55 +0900: Memory Usage (982520K) : norcx_m3sub has 0 polygons
2025-09-12 21:33:55 +0900: Memory Usage (982520K) : norcx_m4sub has 0 polygons
2025-09-12 21:33:55 +0900: Memory Usage (982520K) : norcx_m5sub has 0 polygons
2025-09-12 21:33:55 +0900: Memory Usage (982520K) : norcx_tm1sub has 0 polygons
2025-09-12 21:33:55 +0900: Memory Usage (982520K) : norcx_tm2sub has 0 polygons
2025-09-12 21:33:55 +0900: Memory Usage (982520K) : snsbotvia_drw has 0 polygons
2025-09-12 21:33:55 +0900: Memory Usage (982520K) : snstopvia_drw has 0 polygons
2025-09-12 21:33:55 +0900: Memory Usage (982520K) : deepvia_drw has 0 polygons
2025-09-12 21:33:55 +0900: Memory Usage (982520K) : fgetch_drw has 0 polygons
2025-09-12 21:33:55 +0900: Memory Usage (982520K) : ctrgat_drw has 0 polygons
2025-09-12 21:33:55 +0900: Memory Usage (982520K) : fgimp_drw has 0 polygons
2025-09-12 21:33:55 +0900: Memory Usage (982520K) : emwihv_drw has 0 polygons
2025-09-12 21:33:55 +0900: Memory Usage (982520K) : lbe_drw has 0 polygons
2025-09-12 21:33:55 +0900: Memory Usage (982520K) : alcustop_drw has 0 polygons
2025-09-12 21:33:55 +0900: Memory Usage (982520K) : nometfiller_drw has 0 polygons
2025-09-12 21:33:55 +0900: Memory Usage (982520K) : prboundary_drw has 38 polygons
2025-09-12 21:33:55 +0900: Memory Usage (982520K) : exchange0_drw has 0 polygons
2025-09-12 21:33:55 +0900: Memory Usage (982520K) : exchange0_pin has 0 polygons
2025-09-12 21:33:55 +0900: Memory Usage (982520K) : exchange0_text has 0 polygons
2025-09-12 21:33:55 +0900: Memory Usage (982520K) : exchange1_drw has 0 polygons
2025-09-12 21:33:55 +0900: Memory Usage (982520K) : exchange1_pin has 0 polygons
2025-09-12 21:33:55 +0900: Memory Usage (982520K) : exchange1_text has 0 polygons
2025-09-12 21:33:55 +0900: Memory Usage (982520K) : exchange2_drw has 0 polygons
2025-09-12 21:33:55 +0900: Memory Usage (982520K) : exchange2_pin has 0 polygons
2025-09-12 21:33:55 +0900: Memory Usage (982520K) : exchange2_text has 0 polygons
2025-09-12 21:33:55 +0900: Memory Usage (982520K) : exchange3_drw has 0 polygons
2025-09-12 21:33:55 +0900: Memory Usage (982520K) : exchange3_pin has 0 polygons
2025-09-12 21:33:55 +0900: Memory Usage (982520K) : exchange3_text has 0 polygons
2025-09-12 21:33:55 +0900: Memory Usage (982520K) : exchange4_drw has 0 polygons
2025-09-12 21:33:55 +0900: Memory Usage (982520K) : exchange4_pin has 0 polygons
2025-09-12 21:33:55 +0900: Memory Usage (982520K) : exchange4_text has 0 polygons
2025-09-12 21:33:55 +0900: Memory Usage (982520K) : isonwell_drw has 0 polygons
2025-09-12 21:33:55 +0900: Memory Usage (982520K) : Total no. of polygons in the design is 4173996
2025-09-12 21:33:55 +0900: Memory Usage (982520K) : Loaded TECH DRC rules values from /opt/ext/OpenPDKs/IHP-Open-PDK/ihp-sg13g2/libs.tech/klayout/python/sg13g2_pycell_lib/sg13g2_tech_mod.json
2025-09-12 21:33:55 +0900: Memory Usage (982520K) : Loaded default DRC rules values from /opt/ext/OpenPDKs/IHP-Open-PDK/ihp-sg13g2/libs.tech/klayout/tech/drc/rule_decks/sg13g2_tech_default.json
2025-09-12 21:33:55 +0900: Memory Usage (982520K) : Total area of the design is 1999995.5559999999 um^2.
2025-09-12 21:33:55 +0900: Memory Usage (982520K) : The design dimensions are 1432.6 µm * 1396.06 µm.
2025-09-12 21:33:55 +0900: Memory Usage (982520K) : Starting general IHP-SG13G2 derivations.
2025-09-12 21:33:55 +0900: Memory Usage (982520K) : Starting Pwell derivations
2025-09-12 21:33:55 +0900: Memory Usage (982832K) : Starting IHP-SG13G2 DRC rules.
2025-09-12 21:33:55 +0900: Memory Usage (982832K) : Running all FEOL rules
2025-09-12 21:33:55 +0900: Memory Usage (982832K) : Running all BEOL rules
2025-09-12 21:33:55 +0900: Memory Usage (982832K) : Starting 5.21. TopVia1 table
2025-09-12 21:33:57 +0900: Memory Usage (1002032K) : Executing rule TV1.a
2025-09-12 21:33:58 +0900: Memory Usage (1002032K) : Executing rule TV1.b
2025-09-12 21:33:59 +0900: Memory Usage (1010168K) : Executing rule TV1.c
2025-09-12 21:34:03 +0900: Memory Usage (1026860K) : Executing rule TV1.d
2025-09-12 21:34:06 +0900: Memory Usage (1028140K) : KLayout DRC run for table 'topvia1' completed in 170.89 seconds
