# Logfile created on 2025-08-28 21:34:27 +0900 by logger.rb/v1.5.3
2025-08-28 21:34:27 +0900: Memory Usage (499236K) : Starting running IHP-SG13G2 Klayout DRC runset on /home/ckdur/Documents/SymbioticEDA/asicone_sg13g2/chip/signoff/outputs/asicone_202508.fill.gds
2025-08-28 21:34:27 +0900: Memory Usage (499236K) : Ruby Version for klayout: 3.2.3
2025-08-28 21:34:29 +0900: Memory Usage (544364K) : Loading database to memory is complete.
2025-08-28 21:34:29 +0900: Memory Usage (544364K) : IHP-SG13G2 Klayout DRC runset output at: /home/ckdur/Documents/SymbioticEDA/asicone_sg13g2/chip/signoff/reports/asicone_202508.fill_asicone_202508_metaln.lyrdb
2025-08-28 21:34:29 +0900: Memory Usage (544364K) : Evaluate switches.
2025-08-28 21:34:29 +0900: Memory Usage (544364K) : table_name selected  metaln
2025-08-28 21:34:29 +0900: Memory Usage (544364K) : Klayout will use 10 thread(s)
2025-08-28 21:34:29 +0900: Memory Usage (544364K) : flat mode is enabled for metaln table.
2025-08-28 21:34:29 +0900: Memory Usage (544364K) : FEOL enabled: true
2025-08-28 21:34:29 +0900: Memory Usage (544364K) : BEOL enabled: true
2025-08-28 21:34:29 +0900: Memory Usage (544364K) : OffGrid enabled: true
2025-08-28 21:34:29 +0900: Memory Usage (544364K) : PreCheck DRC enabled: false
2025-08-28 21:34:29 +0900: Memory Usage (544364K) : CONNECTIVITY_RULES enabled: false for table metaln
2025-08-28 21:34:29 +0900: Memory Usage (544364K) : Read in polygons from layers.
2025-08-28 21:34:36 +0900: Memory Usage (553496K) : activ_drw has 10081 polygons
2025-08-28 21:34:36 +0900: Memory Usage (553496K) : activ_pin has 0 polygons
2025-08-28 21:34:36 +0900: Memory Usage (553496K) : activ_mask has 0 polygons
2025-08-28 21:34:37 +0900: Memory Usage (553496K) : activ_filler has 30337 polygons
2025-08-28 21:34:37 +0900: Memory Usage (553496K) : activ_nofill has 0 polygons
2025-08-28 21:34:37 +0900: Memory Usage (553496K) : activ_opc has 0 polygons
2025-08-28 21:34:37 +0900: Memory Usage (553496K) : activ_iopc has 0 polygons
2025-08-28 21:34:37 +0900: Memory Usage (553496K) : activ_noqrc has 0 polygons
2025-08-28 21:34:37 +0900: Memory Usage (553496K) : biwind_drw has 0 polygons
2025-08-28 21:34:37 +0900: Memory Usage (553496K) : biwind_opc has 0 polygons
2025-08-28 21:34:37 +0900: Memory Usage (553496K) : pemwind_drw has 0 polygons
2025-08-28 21:34:49 +0900: Memory Usage (620240K) : gatpoly_drw has 23583 polygons
2025-08-28 21:34:49 +0900: Memory Usage (620240K) : gatpoly_pin has 0 polygons
2025-08-28 21:34:51 +0900: Memory Usage (620240K) : gatpoly_filler has 30337 polygons
2025-08-28 21:34:51 +0900: Memory Usage (620240K) : gatpoly_nofill has 0 polygons
2025-08-28 21:34:51 +0900: Memory Usage (620240K) : gatpoly_opc has 0 polygons
2025-08-28 21:34:51 +0900: Memory Usage (620240K) : gatpoly_iopc has 0 polygons
2025-08-28 21:34:51 +0900: Memory Usage (620240K) : gatpoly_noqrc has 0 polygons
2025-08-28 21:36:19 +0900: Memory Usage (955580K) : cont_drw has 2901899 polygons
2025-08-28 21:36:19 +0900: Memory Usage (955580K) : cont_opc has 0 polygons
2025-08-28 21:36:19 +0900: Memory Usage (955580K) : nsd_drw has 0 polygons
2025-08-28 21:36:19 +0900: Memory Usage (955580K) : nsd_block has 0 polygons
2025-08-28 21:36:30 +0900: Memory Usage (977596K) : metal1_drw has 16153 polygons
2025-08-28 21:36:30 +0900: Memory Usage (977596K) : metal1_pin has 794 polygons
2025-08-28 21:36:31 +0900: Memory Usage (977596K) : metal1_mask has 0 polygons
2025-08-28 21:36:33 +0900: Memory Usage (977596K) : metal1_filler has 60876 polygons
2025-08-28 21:36:33 +0900: Memory Usage (977596K) : metal1_nofill has 0 polygons
2025-08-28 21:36:33 +0900: Memory Usage (977596K) : metal1_slit has 0 polygons
2025-08-28 21:36:33 +0900: Memory Usage (977868K) : metal1_text has 85780 polygons
2025-08-28 21:36:33 +0900: Memory Usage (977868K) : metal1_opc has 0 polygons
2025-08-28 21:36:33 +0900: Memory Usage (977868K) : metal1_noqrc has 0 polygons
2025-08-28 21:36:33 +0900: Memory Usage (977868K) : metal1_res has 0 polygons
2025-08-28 21:36:33 +0900: Memory Usage (977868K) : metal1_iprobe has 0 polygons
2025-08-28 21:36:33 +0900: Memory Usage (977868K) : metal1_diffprb has 0 polygons
2025-08-28 21:36:33 +0900: Memory Usage (977868K) : passiv_drw has 39 polygons
2025-08-28 21:36:33 +0900: Memory Usage (977868K) : passiv_pin has 0 polygons
2025-08-28 21:36:33 +0900: Memory Usage (977868K) : passiv_sbump has 0 polygons
2025-08-28 21:36:33 +0900: Memory Usage (977868K) : passiv_pillar has 0 polygons
2025-08-28 21:36:33 +0900: Memory Usage (977868K) : passiv_pdl has 0 polygons
2025-08-28 21:36:36 +0900: Memory Usage (977868K) : metal2_drw has 9306 polygons
2025-08-28 21:36:36 +0900: Memory Usage (977868K) : metal2_pin has 691 polygons
2025-08-28 21:36:36 +0900: Memory Usage (977868K) : metal2_mask has 0 polygons
2025-08-28 21:36:38 +0900: Memory Usage (977868K) : metal2_filler has 66402 polygons
2025-08-28 21:36:38 +0900: Memory Usage (977868K) : metal2_nofill has 0 polygons
2025-08-28 21:36:38 +0900: Memory Usage (977868K) : metal2_slit has 0 polygons
2025-08-28 21:36:38 +0900: Memory Usage (977868K) : metal2_text has 1251 polygons
2025-08-28 21:36:38 +0900: Memory Usage (977868K) : metal2_opc has 0 polygons
2025-08-28 21:36:38 +0900: Memory Usage (977868K) : metal2_noqrc has 0 polygons
2025-08-28 21:36:38 +0900: Memory Usage (977868K) : metal2_res has 0 polygons
2025-08-28 21:36:38 +0900: Memory Usage (977868K) : metal2_iprobe has 0 polygons
2025-08-28 21:36:38 +0900: Memory Usage (977868K) : metal2_diffprb has 0 polygons
2025-08-28 21:36:38 +0900: Memory Usage (977868K) : baspoly_drw has 0 polygons
2025-08-28 21:36:38 +0900: Memory Usage (977868K) : baspoly_pin has 0 polygons
2025-08-28 21:36:42 +0900: Memory Usage (977868K) : psd_drw has 1631 polygons
2025-08-28 21:36:42 +0900: Memory Usage (977868K) : nldb_drw has 0 polygons
2025-08-28 21:36:42 +0900: Memory Usage (977868K) : digibnd_drw has 0 polygons
2025-08-28 21:36:46 +0900: Memory Usage (977868K) : via1_drw has 109916 polygons
2025-08-28 21:36:46 +0900: Memory Usage (977868K) : backmetal1_drw has 0 polygons
2025-08-28 21:36:46 +0900: Memory Usage (977868K) : backmetal1_pin has 0 polygons
2025-08-28 21:36:46 +0900: Memory Usage (977868K) : backmetal1_mask has 0 polygons
2025-08-28 21:36:46 +0900: Memory Usage (977868K) : backmetal1_filler has 0 polygons
2025-08-28 21:36:46 +0900: Memory Usage (977868K) : backmetal1_nofill has 0 polygons
2025-08-28 21:36:46 +0900: Memory Usage (977868K) : backmetal1_slit has 0 polygons
2025-08-28 21:36:46 +0900: Memory Usage (977868K) : backmetal1_text has 0 polygons
2025-08-28 21:36:46 +0900: Memory Usage (977868K) : backmetal1_opc has 0 polygons
2025-08-28 21:36:46 +0900: Memory Usage (977868K) : backmetal1_noqrc has 0 polygons
2025-08-28 21:36:46 +0900: Memory Usage (977868K) : backmetal1_res has 0 polygons
2025-08-28 21:36:46 +0900: Memory Usage (977868K) : backmetal1_iprobe has 0 polygons
2025-08-28 21:36:46 +0900: Memory Usage (977868K) : backmetal1_diffprb has 0 polygons
2025-08-28 21:36:46 +0900: Memory Usage (977868K) : backpassiv_drw has 0 polygons
2025-08-28 21:36:46 +0900: Memory Usage (977868K) : res_drw has 0 polygons
2025-08-28 21:36:46 +0900: Memory Usage (977868K) : sram_drw has 0 polygons
2025-08-28 21:36:46 +0900: Memory Usage (977868K) : trans_drw has 0 polygons
2025-08-28 21:36:46 +0900: Memory Usage (977868K) : ind_drw has 0 polygons
2025-08-28 21:36:46 +0900: Memory Usage (977868K) : ind_pin has 0 polygons
2025-08-28 21:36:46 +0900: Memory Usage (977868K) : ind_text has 0 polygons
2025-08-28 21:36:46 +0900: Memory Usage (977868K) : salblock_drw has 65 polygons
2025-08-28 21:36:50 +0900: Memory Usage (977868K) : via2_drw has 113723 polygons
2025-08-28 21:36:51 +0900: Memory Usage (977868K) : metal3_drw has 5065 polygons
2025-08-28 21:36:52 +0900: Memory Usage (977868K) : metal3_pin has 242 polygons
2025-08-28 21:36:52 +0900: Memory Usage (977868K) : metal3_mask has 0 polygons
2025-08-28 21:36:53 +0900: Memory Usage (977868K) : metal3_filler has 41149 polygons
2025-08-28 21:36:53 +0900: Memory Usage (977868K) : metal3_nofill has 0 polygons
2025-08-28 21:36:53 +0900: Memory Usage (977868K) : metal3_slit has 0 polygons
2025-08-28 21:36:53 +0900: Memory Usage (977868K) : metal3_text has 593 polygons
2025-08-28 21:36:53 +0900: Memory Usage (977868K) : metal3_opc has 0 polygons
2025-08-28 21:36:53 +0900: Memory Usage (977868K) : metal3_noqrc has 0 polygons
2025-08-28 21:36:53 +0900: Memory Usage (977868K) : metal3_res has 0 polygons
2025-08-28 21:36:53 +0900: Memory Usage (977868K) : metal3_iprobe has 0 polygons
2025-08-28 21:36:53 +0900: Memory Usage (977868K) : metal3_diffprb has 0 polygons
2025-08-28 21:36:56 +0900: Memory Usage (977868K) : nwell_drw has 226 polygons
2025-08-28 21:36:56 +0900: Memory Usage (977868K) : nwell_pin has 0 polygons
2025-08-28 21:36:56 +0900: Memory Usage (977868K) : nbulay_drw has 0 polygons
2025-08-28 21:36:56 +0900: Memory Usage (977868K) : nbulay_pin has 0 polygons
2025-08-28 21:36:56 +0900: Memory Usage (977868K) : nbulay_block has 0 polygons
2025-08-28 21:36:56 +0900: Memory Usage (977868K) : emwind_drw has 0 polygons
2025-08-28 21:36:56 +0900: Memory Usage (977868K) : emwind_opc has 0 polygons
2025-08-28 21:36:56 +0900: Memory Usage (977868K) : deepco_drw has 0 polygons
2025-08-28 21:36:56 +0900: Memory Usage (977868K) : deepco_drw has 0 polygons
2025-08-28 21:36:56 +0900: Memory Usage (977868K) : mim_drw has 0 polygons
2025-08-28 21:36:56 +0900: Memory Usage (977868K) : edgeseal_drw has 1 polygons
2025-08-28 21:36:56 +0900: Memory Usage (977868K) : edgeseal_bound has 1 polygons
2025-08-28 21:36:56 +0900: Memory Usage (977868K) : substrate_drw has 164 polygons
2025-08-28 21:36:56 +0900: Memory Usage (977868K) : substrate_text has 0 polygons
2025-08-28 21:36:57 +0900: Memory Usage (977868K) : dfpad_drw has 38 polygons
2025-08-28 21:36:57 +0900: Memory Usage (977868K) : dfpad_pillar has 0 polygons
2025-08-28 21:36:57 +0900: Memory Usage (977868K) : dfpad_sbump has 0 polygons
2025-08-28 21:36:57 +0900: Memory Usage (977868K) : thickgateox_drw has 74 polygons
2025-08-28 21:36:57 +0900: Memory Usage (977868K) : pldb_drw has 0 polygons
2025-08-28 21:36:57 +0900: Memory Usage (977868K) : pwell_drw has 0 polygons
2025-08-28 21:36:57 +0900: Memory Usage (977868K) : pwell_pin has 0 polygons
2025-08-28 21:36:57 +0900: Memory Usage (977868K) : pwell_block has 0 polygons
2025-08-28 21:36:57 +0900: Memory Usage (977868K) : ic_drw has 0 polygons
2025-08-28 21:37:00 +0900: Memory Usage (977868K) : via3_drw has 115220 polygons
2025-08-28 21:37:01 +0900: Memory Usage (977868K) : metal4_drw has 2679 polygons
2025-08-28 21:37:01 +0900: Memory Usage (977868K) : metal4_pin has 76 polygons
2025-08-28 21:37:01 +0900: Memory Usage (977868K) : metal4_mask has 0 polygons
2025-08-28 21:37:02 +0900: Memory Usage (977868K) : metal4_filler has 41725 polygons
2025-08-28 21:37:03 +0900: Memory Usage (977868K) : metal4_nofill has 0 polygons
2025-08-28 21:37:03 +0900: Memory Usage (977868K) : metal4_slit has 0 polygons
2025-08-28 21:37:03 +0900: Memory Usage (977868K) : metal4_text has 426 polygons
2025-08-28 21:37:03 +0900: Memory Usage (977868K) : metal4_opc has 0 polygons
2025-08-28 21:37:03 +0900: Memory Usage (977868K) : metal4_noqrc has 0 polygons
2025-08-28 21:37:03 +0900: Memory Usage (977868K) : metal4_res has 0 polygons
2025-08-28 21:37:03 +0900: Memory Usage (977868K) : metal4_iprobe has 0 polygons
2025-08-28 21:37:03 +0900: Memory Usage (977868K) : metal4_diffprb has 0 polygons
2025-08-28 21:37:03 +0900: Memory Usage (977868K) : heattrans_drw has 0 polygons
2025-08-28 21:37:03 +0900: Memory Usage (977868K) : heatres_drw has 38 polygons
2025-08-28 21:37:03 +0900: Memory Usage (977868K) : pempoly_drw has 0 polygons
2025-08-28 21:37:03 +0900: Memory Usage (977868K) : fbe_drw has 0 polygons
2025-08-28 21:37:03 +0900: Memory Usage (977868K) : empoly_drw has 0 polygons
2025-08-28 21:37:03 +0900: Memory Usage (977868K) : ldmos_drw has 0 polygons
2025-08-28 21:37:03 +0900: Memory Usage (977868K) : pbiwind_drw has 0 polygons
2025-08-28 21:37:03 +0900: Memory Usage (977868K) : digisub_drw has 0 polygons
2025-08-28 21:37:03 +0900: Memory Usage (977868K) : nodrc_drw has 0 polygons
2025-08-28 21:37:03 +0900: Memory Usage (977868K) : text_drw has 1117 polygons
2025-08-28 21:37:06 +0900: Memory Usage (977868K) : via4_drw has 122691 polygons
2025-08-28 21:37:07 +0900: Memory Usage (977868K) : metal5_drw has 544 polygons
2025-08-28 21:37:07 +0900: Memory Usage (977868K) : metal5_pin has 85 polygons
2025-08-28 21:37:07 +0900: Memory Usage (977868K) : metal5_mask has 0 polygons
2025-08-28 21:37:08 +0900: Memory Usage (977868K) : metal5_filler has 40838 polygons
2025-08-28 21:37:08 +0900: Memory Usage (977868K) : metal5_nofill has 0 polygons
2025-08-28 21:37:08 +0900: Memory Usage (977868K) : metal5_slit has 0 polygons
2025-08-28 21:37:08 +0900: Memory Usage (977868K) : metal5_text has 421 polygons
2025-08-28 21:37:08 +0900: Memory Usage (977868K) : metal5_opc has 0 polygons
2025-08-28 21:37:08 +0900: Memory Usage (977868K) : metal5_noqrc has 0 polygons
2025-08-28 21:37:08 +0900: Memory Usage (977868K) : metal5_res has 0 polygons
2025-08-28 21:37:08 +0900: Memory Usage (977868K) : metal5_iprobe has 0 polygons
2025-08-28 21:37:08 +0900: Memory Usage (977868K) : metal5_diffprb has 0 polygons
2025-08-28 21:37:08 +0900: Memory Usage (977868K) : radhard_drw has 0 polygons
2025-08-28 21:37:08 +0900: Memory Usage (977868K) : memcap_drw has 0 polygons
2025-08-28 21:37:08 +0900: Memory Usage (977868K) : varicap_drw has 0 polygons
2025-08-28 21:37:08 +0900: Memory Usage (977868K) : flash_drw has 0 polygons
2025-08-28 21:37:08 +0900: Memory Usage (977868K) : intbondvia_drw has 0 polygons
2025-08-28 21:37:08 +0900: Memory Usage (977868K) : intbondmet_drw has 0 polygons
2025-08-28 21:37:08 +0900: Memory Usage (977868K) : devbondvia_drw has 0 polygons
2025-08-28 21:37:08 +0900: Memory Usage (977868K) : devbondmet_drw has 0 polygons
2025-08-28 21:37:08 +0900: Memory Usage (977868K) : devtrench_drw has 0 polygons
2025-08-28 21:37:08 +0900: Memory Usage (977868K) : redist_drw has 0 polygons
2025-08-28 21:37:08 +0900: Memory Usage (977868K) : graphbot_drw has 0 polygons
2025-08-28 21:37:08 +0900: Memory Usage (977868K) : graphtop_drw has 0 polygons
2025-08-28 21:37:08 +0900: Memory Usage (977868K) : antvia1_drw has 0 polygons
2025-08-28 21:37:08 +0900: Memory Usage (977868K) : antmetal2_drw has 0 polygons
2025-08-28 21:37:08 +0900: Memory Usage (977868K) : graphcont_drw has 0 polygons
2025-08-28 21:37:08 +0900: Memory Usage (977868K) : siwg_drw has 0 polygons
2025-08-28 21:37:08 +0900: Memory Usage (977868K) : siwg_filler has 0 polygons
2025-08-28 21:37:08 +0900: Memory Usage (977868K) : siwg_nofill has 0 polygons
2025-08-28 21:37:08 +0900: Memory Usage (977868K) : sigrating_drw has 0 polygons
2025-08-28 21:37:08 +0900: Memory Usage (977868K) : singrating_drw has 0 polygons
2025-08-28 21:37:08 +0900: Memory Usage (977868K) : graphpas_drw has 0 polygons
2025-08-28 21:37:08 +0900: Memory Usage (977868K) : emwind3_drw has 0 polygons
2025-08-28 21:37:08 +0900: Memory Usage (977868K) : emwihv3_drw has 0 polygons
2025-08-28 21:37:08 +0900: Memory Usage (977868K) : redbulay_drw has 0 polygons
2025-08-28 21:37:08 +0900: Memory Usage (977868K) : smos_drw has 0 polygons
2025-08-28 21:37:08 +0900: Memory Usage (977868K) : graphpad_drw has 0 polygons
2025-08-28 21:37:08 +0900: Memory Usage (977868K) : polimide_drw has 0 polygons
2025-08-28 21:37:08 +0900: Memory Usage (977868K) : polimide_pin has 0 polygons
2025-08-28 21:37:08 +0900: Memory Usage (977868K) : recog_drw has 0 polygons
2025-08-28 21:37:08 +0900: Memory Usage (977868K) : recog_pin has 0 polygons
2025-08-28 21:37:08 +0900: Memory Usage (977868K) : recog_esd has 0 polygons
2025-08-28 21:37:09 +0900: Memory Usage (977868K) : recog_diode has 220 polygons
2025-08-28 21:37:09 +0900: Memory Usage (977868K) : recog_tsv has 0 polygons
2025-08-28 21:37:09 +0900: Memory Usage (977868K) : recog_iprobe has 0 polygons
2025-08-28 21:37:09 +0900: Memory Usage (977868K) : recog_diffprb has 0 polygons
2025-08-28 21:37:09 +0900: Memory Usage (977868K) : recog_pillar has 0 polygons
2025-08-28 21:37:09 +0900: Memory Usage (977868K) : recog_sbump has 0 polygons
2025-08-28 21:37:09 +0900: Memory Usage (977868K) : recog_otp has 0 polygons
2025-08-28 21:37:09 +0900: Memory Usage (977868K) : recog_pdiode has 0 polygons
2025-08-28 21:37:09 +0900: Memory Usage (977868K) : recog_mom has 0 polygons
2025-08-28 21:37:09 +0900: Memory Usage (977868K) : recog_pcm has 0 polygons
2025-08-28 21:37:09 +0900: Memory Usage (977868K) : colopen_drw has 0 polygons
2025-08-28 21:37:09 +0900: Memory Usage (977868K) : graphmetal1_drw has 0 polygons
2025-08-28 21:37:09 +0900: Memory Usage (977868K) : graphmetal1_filler has 0 polygons
2025-08-28 21:37:09 +0900: Memory Usage (977868K) : graphmetal1_nofill has 0 polygons
2025-08-28 21:37:09 +0900: Memory Usage (977868K) : graphmetal1_slit has 0 polygons
2025-08-28 21:37:09 +0900: Memory Usage (977868K) : graphmetal1_opc has 0 polygons
2025-08-28 21:37:09 +0900: Memory Usage (977868K) : graphmet1l_drw has 0 polygons
2025-08-28 21:37:09 +0900: Memory Usage (977868K) : graphmet1l_filler has 0 polygons
2025-08-28 21:37:09 +0900: Memory Usage (977868K) : graphmet1l_nofill has 0 polygons
2025-08-28 21:37:09 +0900: Memory Usage (977868K) : graphmet1l_slit has 0 polygons
2025-08-28 21:37:09 +0900: Memory Usage (977868K) : graphmet1l_opc has 0 polygons
2025-08-28 21:37:09 +0900: Memory Usage (977868K) : extblock_drw has 65 polygons
2025-08-28 21:37:09 +0900: Memory Usage (977868K) : nldd_drw has 0 polygons
2025-08-28 21:37:09 +0900: Memory Usage (977868K) : pldd_drw has 0 polygons
2025-08-28 21:37:09 +0900: Memory Usage (977868K) : next_drw has 0 polygons
2025-08-28 21:37:09 +0900: Memory Usage (977868K) : pext_drw has 0 polygons
2025-08-28 21:37:09 +0900: Memory Usage (977868K) : nexthv_drw has 0 polygons
2025-08-28 21:37:09 +0900: Memory Usage (977868K) : pexthv_drw has 0 polygons
2025-08-28 21:37:09 +0900: Memory Usage (977868K) : graphgate_drw has 0 polygons
2025-08-28 21:37:09 +0900: Memory Usage (977868K) : sinwg_drw has 0 polygons
2025-08-28 21:37:09 +0900: Memory Usage (977868K) : sinwg_filler has 0 polygons
2025-08-28 21:37:09 +0900: Memory Usage (977868K) : sinwg_nofill has 0 polygons
2025-08-28 21:37:09 +0900: Memory Usage (977868K) : mempad_drw has 0 polygons
2025-08-28 21:37:12 +0900: Memory Usage (977868K) : topvia1_drw has 101818 polygons
2025-08-28 21:37:12 +0900: Memory Usage (977868K) : topmetal1_drw has 87 polygons
2025-08-28 21:37:12 +0900: Memory Usage (977868K) : topmetal1_pin has 82 polygons
2025-08-28 21:37:12 +0900: Memory Usage (977868K) : topmetal1_mask has 0 polygons
2025-08-28 21:37:13 +0900: Memory Usage (977868K) : topmetal1_filler has 6540 polygons
2025-08-28 21:37:13 +0900: Memory Usage (977868K) : topmetal1_nofill has 0 polygons
2025-08-28 21:37:13 +0900: Memory Usage (977868K) : topmetal1_slit has 0 polygons
2025-08-28 21:37:13 +0900: Memory Usage (977868K) : topmetal1_text has 421 polygons
2025-08-28 21:37:13 +0900: Memory Usage (977868K) : topmetal1_noqrc has 0 polygons
2025-08-28 21:37:13 +0900: Memory Usage (977868K) : topmetal1_res has 0 polygons
2025-08-28 21:37:13 +0900: Memory Usage (977868K) : topmetal1_iprobe has 0 polygons
2025-08-28 21:37:13 +0900: Memory Usage (977868K) : topmetal1_diffprb has 0 polygons
2025-08-28 21:37:13 +0900: Memory Usage (977868K) : inldpwl_drw has 0 polygons
2025-08-28 21:37:13 +0900: Memory Usage (977868K) : polyres_drw has 115 polygons
2025-08-28 21:37:13 +0900: Memory Usage (977868K) : polyres_pin has 0 polygons
2025-08-28 21:37:13 +0900: Memory Usage (977868K) : vmim_drw has 0 polygons
2025-08-28 21:37:13 +0900: Memory Usage (977868K) : nbulaycut_drw has 0 polygons
2025-08-28 21:37:13 +0900: Memory Usage (977868K) : antmetal1_drw has 0 polygons
2025-08-28 21:37:15 +0900: Memory Usage (977868K) : topvia2_drw has 63729 polygons
2025-08-28 21:37:15 +0900: Memory Usage (977868K) : topmetal2_drw has 44 polygons
2025-08-28 21:37:15 +0900: Memory Usage (977868K) : topmetal2_pin has 89 polygons
2025-08-28 21:37:15 +0900: Memory Usage (977868K) : topmetal2_mask has 0 polygons
2025-08-28 21:37:15 +0900: Memory Usage (977868K) : topmetal2_filler has 8916 polygons
2025-08-28 21:37:15 +0900: Memory Usage (977868K) : topmetal2_nofill has 0 polygons
2025-08-28 21:37:15 +0900: Memory Usage (977868K) : topmetal2_slit has 0 polygons
2025-08-28 21:37:16 +0900: Memory Usage (977868K) : topmetal2_text has 339 polygons
2025-08-28 21:37:16 +0900: Memory Usage (977868K) : topmetal2_noqrc has 0 polygons
2025-08-28 21:37:16 +0900: Memory Usage (977868K) : topmetal2_res has 0 polygons
2025-08-28 21:37:16 +0900: Memory Usage (977868K) : topmetal2_iprobe has 0 polygons
2025-08-28 21:37:16 +0900: Memory Usage (977868K) : topmetal2_diffprb has 0 polygons
2025-08-28 21:37:16 +0900: Memory Usage (977868K) : snsring_drw has 0 polygons
2025-08-28 21:37:16 +0900: Memory Usage (977868K) : sensor_drw has 0 polygons
2025-08-28 21:37:16 +0900: Memory Usage (977868K) : snsarms_drw has 0 polygons
2025-08-28 21:37:16 +0900: Memory Usage (977868K) : snscmosvia_drw has 0 polygons
2025-08-28 21:37:16 +0900: Memory Usage (977868K) : colwind_drw has 0 polygons
2025-08-28 21:37:16 +0900: Memory Usage (977868K) : flm_drw has 0 polygons
2025-08-28 21:37:16 +0900: Memory Usage (977868K) : hafniumox_drw has 0 polygons
2025-08-28 21:37:16 +0900: Memory Usage (977868K) : memvia_drw has 0 polygons
2025-08-28 21:37:16 +0900: Memory Usage (977868K) : thinfilmres_drw has 0 polygons
2025-08-28 21:37:16 +0900: Memory Usage (977868K) : rfmem_drw has 0 polygons
2025-08-28 21:37:16 +0900: Memory Usage (977868K) : norcx_drw has 0 polygons
2025-08-28 21:37:16 +0900: Memory Usage (977868K) : norcx_m2m3 has 0 polygons
2025-08-28 21:37:16 +0900: Memory Usage (977868K) : norcx_m2m4 has 0 polygons
2025-08-28 21:37:16 +0900: Memory Usage (977868K) : norcx_m2m5 has 0 polygons
2025-08-28 21:37:16 +0900: Memory Usage (977868K) : norcx_m2tm1 has 0 polygons
2025-08-28 21:37:16 +0900: Memory Usage (977868K) : norcx_m2tm2 has 0 polygons
2025-08-28 21:37:16 +0900: Memory Usage (977868K) : norcx_m3m4 has 0 polygons
2025-08-28 21:37:16 +0900: Memory Usage (977868K) : norcx_m3m5 has 0 polygons
2025-08-28 21:37:16 +0900: Memory Usage (977868K) : norcx_m3tm1 has 0 polygons
2025-08-28 21:37:16 +0900: Memory Usage (977868K) : norcx_m3tm2 has 0 polygons
2025-08-28 21:37:16 +0900: Memory Usage (977868K) : norcx_m4m5 has 0 polygons
2025-08-28 21:37:16 +0900: Memory Usage (977868K) : norcx_m4tm1 has 0 polygons
2025-08-28 21:37:16 +0900: Memory Usage (977868K) : norcx_m4tm2 has 0 polygons
2025-08-28 21:37:16 +0900: Memory Usage (977868K) : norcx_m5tm1 has 0 polygons
2025-08-28 21:37:16 +0900: Memory Usage (977868K) : norcx_m5tm2 has 0 polygons
2025-08-28 21:37:16 +0900: Memory Usage (977868K) : norcx_tm1tm2 has 0 polygons
2025-08-28 21:37:16 +0900: Memory Usage (977868K) : norcx_m1sub has 0 polygons
2025-08-28 21:37:16 +0900: Memory Usage (977868K) : norcx_m2sub has 0 polygons
2025-08-28 21:37:16 +0900: Memory Usage (977868K) : norcx_m3sub has 0 polygons
2025-08-28 21:37:16 +0900: Memory Usage (977868K) : norcx_m4sub has 0 polygons
2025-08-28 21:37:16 +0900: Memory Usage (977868K) : norcx_m5sub has 0 polygons
2025-08-28 21:37:16 +0900: Memory Usage (977868K) : norcx_tm1sub has 0 polygons
2025-08-28 21:37:16 +0900: Memory Usage (977868K) : norcx_tm2sub has 0 polygons
2025-08-28 21:37:16 +0900: Memory Usage (977868K) : snsbotvia_drw has 0 polygons
2025-08-28 21:37:16 +0900: Memory Usage (977868K) : snstopvia_drw has 0 polygons
2025-08-28 21:37:16 +0900: Memory Usage (977868K) : deepvia_drw has 0 polygons
2025-08-28 21:37:16 +0900: Memory Usage (977868K) : fgetch_drw has 0 polygons
2025-08-28 21:37:16 +0900: Memory Usage (977868K) : ctrgat_drw has 0 polygons
2025-08-28 21:37:16 +0900: Memory Usage (977868K) : fgimp_drw has 0 polygons
2025-08-28 21:37:16 +0900: Memory Usage (977868K) : emwihv_drw has 0 polygons
2025-08-28 21:37:16 +0900: Memory Usage (977868K) : lbe_drw has 0 polygons
2025-08-28 21:37:16 +0900: Memory Usage (977868K) : alcustop_drw has 0 polygons
2025-08-28 21:37:16 +0900: Memory Usage (977868K) : nometfiller_drw has 0 polygons
2025-08-28 21:37:16 +0900: Memory Usage (977868K) : prboundary_drw has 38 polygons
2025-08-28 21:37:16 +0900: Memory Usage (977868K) : exchange0_drw has 0 polygons
2025-08-28 21:37:16 +0900: Memory Usage (977868K) : exchange0_pin has 0 polygons
2025-08-28 21:37:16 +0900: Memory Usage (977868K) : exchange0_text has 0 polygons
2025-08-28 21:37:16 +0900: Memory Usage (977868K) : exchange1_drw has 0 polygons
2025-08-28 21:37:16 +0900: Memory Usage (977868K) : exchange1_pin has 0 polygons
2025-08-28 21:37:16 +0900: Memory Usage (977868K) : exchange1_text has 0 polygons
2025-08-28 21:37:16 +0900: Memory Usage (977868K) : exchange2_drw has 0 polygons
2025-08-28 21:37:16 +0900: Memory Usage (977868K) : exchange2_pin has 0 polygons
2025-08-28 21:37:16 +0900: Memory Usage (977868K) : exchange2_text has 0 polygons
2025-08-28 21:37:16 +0900: Memory Usage (977868K) : exchange3_drw has 0 polygons
2025-08-28 21:37:16 +0900: Memory Usage (977868K) : exchange3_pin has 0 polygons
2025-08-28 21:37:16 +0900: Memory Usage (977868K) : exchange3_text has 0 polygons
2025-08-28 21:37:16 +0900: Memory Usage (977868K) : exchange4_drw has 0 polygons
2025-08-28 21:37:16 +0900: Memory Usage (977868K) : exchange4_pin has 0 polygons
2025-08-28 21:37:16 +0900: Memory Usage (977868K) : exchange4_text has 0 polygons
2025-08-28 21:37:16 +0900: Memory Usage (977868K) : isonwell_drw has 0 polygons
2025-08-28 21:37:16 +0900: Memory Usage (977868K) : Total no. of polygons in the design is 4018780
2025-08-28 21:37:16 +0900: Memory Usage (977868K) : Loaded TECH DRC rules values from /opt/ext/OpenPDKs/IHP-Open-PDK/ihp-sg13g2/libs.tech/klayout/python/sg13g2_pycell_lib/sg13g2_tech_mod.json
2025-08-28 21:37:16 +0900: Memory Usage (977868K) : Loaded default DRC rules values from /opt/ext/OpenPDKs/IHP-Open-PDK/ihp-sg13g2/libs.tech/klayout/tech/drc/rule_decks/sg13g2_tech_default.json
2025-08-28 21:37:16 +0900: Memory Usage (978124K) : Total area of the design is 1999995.5559999992 um^2.
2025-08-28 21:37:16 +0900: Memory Usage (978124K) : The design dimensions are 1432.5999999999997 µm * 1396.0599999999997 µm.
2025-08-28 21:37:16 +0900: Memory Usage (978124K) : Starting general IHP-SG13G2 derivations.
2025-08-28 21:37:16 +0900: Memory Usage (978124K) : Starting Pwell derivations
2025-08-28 21:37:16 +0900: Memory Usage (978124K) : Starting IHP-SG13G2 DRC rules.
2025-08-28 21:37:16 +0900: Memory Usage (978124K) : Running all FEOL rules
2025-08-28 21:37:16 +0900: Memory Usage (978124K) : Running all BEOL rules
2025-08-28 21:37:16 +0900: Memory Usage (978124K) : Starting 5.17 Metaln table
2025-08-28 21:37:16 +0900: Memory Usage (978124K) : Executing rule M2.a
2025-08-28 21:37:16 +0900: Memory Usage (978688K) : Executing rule M2.b
2025-08-28 21:37:18 +0900: Memory Usage (982192K) : Executing rule M2.e
2025-08-28 21:37:23 +0900: Memory Usage (982192K) : Executing rule M2.f
2025-08-28 21:37:26 +0900: Memory Usage (982192K) : Executing rule M2.g
2025-08-28 21:37:27 +0900: Memory Usage (982192K) : Executing rule M2.i
2025-08-28 21:37:32 +0900: Memory Usage (982192K) : Executing rule M3.a
2025-08-28 21:37:32 +0900: Memory Usage (982192K) : Executing rule M3.b
2025-08-28 21:37:34 +0900: Memory Usage (982192K) : Executing rule M3.e
2025-08-28 21:37:47 +0900: Memory Usage (982192K) : Executing rule M3.f
2025-08-28 21:37:52 +0900: Memory Usage (982192K) : Executing rule M3.g
2025-08-28 21:37:52 +0900: Memory Usage (982192K) : Executing rule M3.i
2025-08-28 21:37:53 +0900: Memory Usage (982192K) : Executing rule M4.a
2025-08-28 21:37:53 +0900: Memory Usage (982192K) : Executing rule M4.b
2025-08-28 21:37:54 +0900: Memory Usage (982192K) : Executing rule M4.e
2025-08-28 21:38:02 +0900: Memory Usage (982192K) : Executing rule M4.f
2025-08-28 21:38:09 +0900: Memory Usage (982192K) : Executing rule M4.g
2025-08-28 21:38:09 +0900: Memory Usage (982192K) : Executing rule M4.i
2025-08-28 21:38:09 +0900: Memory Usage (982192K) : Executing rule M5.a
2025-08-28 21:38:09 +0900: Memory Usage (982192K) : Executing rule M5.b
2025-08-28 21:38:09 +0900: Memory Usage (982192K) : Executing rule M5.e
2025-08-28 21:38:10 +0900: Memory Usage (982192K) : Executing rule M5.f
2025-08-28 21:38:10 +0900: Memory Usage (982192K) : Executing rule M5.g
2025-08-28 21:38:10 +0900: Memory Usage (982192K) : Executing rule M5.i
2025-08-28 21:38:10 +0900: Memory Usage (982192K) : KLayout DRC run for table 'metaln' completed in 223.16 seconds
