OpenROAD v2.0-23557-g6ff4ea2d3f 
Features included (+) or not (-): +GPU +GUI +Python
This program is licensed under the BSD-3 license. See the LICENSE file for details.
Components of this program may be licensed under more restrictive licenses which must be honored.
[INFO ORD-0030] Using 28 thread(s).
read_liberty /home/khalid/OpenROAD-flow-scripts/flow/platforms/ihp-sg13g2/lib/sg13g2_stdcell_typ_1p20V_25C.lib
read_liberty /home/khalid/OpenROAD-flow-scripts/flow/platforms/ihp-sg13g2/lib/sg13g2_io_typ_1p2V_3p3V_25C.lib
Perform buffer insertion and gate resizing...
repair_design -verbose -match_cell_footprint
Iteration |   Area    | Resized | Buffers | Nets repaired | Remaining
---------------------------------------------------------------------
        0 |     +0.0% |       0 |       0 |             0 |     18052
     1000 |     +0.0% |      51 |       0 |             0 |     17052
     2000 |     +0.0% |     157 |       0 |             0 |     16052
     3000 |     +0.0% |     374 |       0 |             0 |     15052
     4000 |     -0.0% |     538 |       0 |             0 |     14052
     5000 |     -0.0% |     681 |       0 |             0 |     13052
     6000 |     -0.0% |     903 |       0 |             0 |     12052
     7000 |     -0.0% |    1171 |       0 |             0 |     11052
     8000 |     -0.0% |    1405 |       0 |             0 |     10052
     9000 |     -0.0% |    1597 |       0 |             0 |      9052
    10000 |     +0.0% |    1922 |       0 |             0 |      8052
    11000 |     +0.0% |    2312 |       0 |             0 |      7052
    12000 |     +0.0% |    2520 |       0 |             0 |      6052
    13000 |     +0.0% |    2757 |       0 |             0 |      5052
    14000 |     +0.0% |    2784 |       0 |             0 |      4052
    15000 |     +0.0% |    2922 |       0 |             0 |      3052
    16000 |     +0.0% |    3189 |       0 |             0 |      2052
    17000 |     +0.0% |    3189 |       0 |             0 |      1052
    18000 |     +0.0% |    3189 |       0 |             0 |        52
    final |     +0.0% |    3189 |       0 |             0 |         0
---------------------------------------------------------------------
[INFO RSZ-0039] Resized 3189 instances.
Floating nets: 
[WARNING RSZ-0020] found 2 floating nets.
Report metrics stage 3, resizer...

==========================================================================
resizer report_design_area
--------------------------------------------------------------------------
Design area 326311 u^2 54% utilization.
Instance count before 15980, after 15980
Pin count before 54144, after 54144
Elapsed time: 0:12.79[h:]min:sec. CPU time: user 7.59 sys 11.75 (151%). Peak memory: 160316KB.
Log                        Elapsed/s Peak Memory/MB  sha1sum .odb [0:20)
3_4_place_resized                 12            156 a03d77e0d6e3618eaea1
