OpenROAD v2.0-23557-g6ff4ea2d3f 
Features included (+) or not (-): +GPU +GUI +Python
This program is licensed under the BSD-3 license. See the LICENSE file for details.
Components of this program may be licensed under more restrictive licenses which must be honored.
[INFO ORD-0030] Using 28 thread(s).
read_liberty /home/khalid/OpenROAD-flow-scripts/flow/platforms/ihp-sg13g2/lib/sg13g2_stdcell_typ_1p20V_25C.lib
read_liberty /home/khalid/OpenROAD-flow-scripts/flow/platforms/ihp-sg13g2/lib/sg13g2_io_typ_1p2V_3p3V_25C.lib
Placement Analysis
---------------------------------
total displacement      40855.7 u
average displacement        2.6 u
max displacement            9.5 u
original HPWL          463417.6 u
legalized HPWL         499160.3 u
delta HPWL                    8 %

Detailed placement improvement.
[INFO DPL-0401] Setting random seed to 1.
[INFO DPL-0402] Setting maximum displacement 5 1 to 18900 3780 units.
[INFO DPL-0320] Collected 74 fixed cells.
[INFO DPL-0318] Collected 15829 single height cells.
[INFO DPL-0321] Collected 0 wide cells.
[INFO DPL-0322] Image (360000, 362880) - (1140000, 1137780)
[INFO DPL-0310] Assigned 15829 cells into segments.  Movement in X-direction is 0.000000, movement in Y-direction is 0.000000.
[INFO DPL-0313] Found 0 cells in wrong regions.
[INFO DPL-0315] Found 0 row alignment problems.
[INFO DPL-0314] Found 0 site alignment problems.
[INFO DPL-0311] Found 0 overlaps between adjacent cells.
[INFO DPL-0312] Found 0 edge spacing violations and 0 padding violations.
[INFO DPL-0303] Running algorithm for independent set matching.
[INFO DPL-0300] Set matching objective is wirelength.
[INFO DPL-0301] Pass   1 of matching; objective is 5.417677e+08.
[INFO DPL-0302] End of matching; objective is 5.413563e+08, improvement is 0.08 percent.
[INFO DPL-0303] Running algorithm for global swaps.
[INFO DPL-0306] Pass   1 of global swaps; hpwl is 5.348684e+08.
[INFO DPL-0306] Pass   2 of global swaps; hpwl is 5.336683e+08.
[INFO DPL-0307] End of global swaps; objective is 5.336683e+08, improvement is 1.42 percent.
[INFO DPL-0303] Running algorithm for vertical swaps.
[INFO DPL-0308] Pass   1 of vertical swaps; hpwl is 5.325906e+08.
[INFO DPL-0309] End of vertical swaps; objective is 5.325906e+08, improvement is 0.20 percent.
[INFO DPL-0303] Running algorithm for reordering.
[INFO DPL-0304] Pass   1 of reordering; objective is 5.316217e+08.
[INFO DPL-0305] End of reordering; objective is 5.316217e+08, improvement is 0.18 percent.
[INFO DPL-0303] Running algorithm for random improvement.
[INFO DPL-0324] Random improver is using displacement generator.
[INFO DPL-0325] Random improver is using hpwl objective.
[INFO DPL-0326] Random improver cost string is (a).
[INFO DPL-0332] End of pass, Generator displacement called 316580 times.
[INFO DPL-0335] Generator displacement, Cumulative attempts 316580, swaps 49059, moves 82675 since last reset.
[INFO DPL-0333] End of pass, Objective hpwl, Initial cost 5.301067e+08, Scratch cost 5.260575e+08, Incremental cost 5.260575e+08, Mismatch? N
[INFO DPL-0338] End of pass, Total cost is 5.260575e+08.
[INFO DPL-0327] Pass   1 of random improver; improvement in cost is 0.76 percent.
[INFO DPL-0328] End of random improver; improvement is 0.763849 percent.
[INFO DPL-0380] Cell flipping.
[INFO DPL-0382] Changed 0 cell orientations for row compatibility.
[INFO DPL-0383] Performed 4173 cell flips.
[INFO DPL-0384] End of flipping; objective is 5.218491e+08, improvement is 1.08 percent.
[INFO DPL-0313] Found 0 cells in wrong regions.
[INFO DPL-0315] Found 0 row alignment problems.
[INFO DPL-0314] Found 0 site alignment problems.
[INFO DPL-0311] Found 0 overlaps between adjacent cells.
[INFO DPL-0312] Found 0 edge spacing violations and 0 padding violations.
Detailed Improvement Results
------------------------------------------
Original HPWL           499160.3 u (  271217.8,   227942.6)
Final HPWL              482369.8 u (  263496.8,   218873.0)
Delta HPWL                  -3.4 % (      -2.8,       -4.0)

[INFO DPL-0020] Mirrored 838 instances
[INFO DPL-0021] HPWL before          482369.8 u
[INFO DPL-0022] HPWL after           482115.5 u
[INFO DPL-0023] HPWL delta               -0.1 %
[INFO FLW-0012] Placement violations .
Report metrics stage 3, detailed place...

==========================================================================
detailed place report_design_area
--------------------------------------------------------------------------
Design area 326311 u^2 54% utilization.
Elapsed time: 0:13.59[h:]min:sec. CPU time: user 8.16 sys 10.51 (137%). Peak memory: 200852KB.
Log                        Elapsed/s Peak Memory/MB  sha1sum .odb [0:20)
3_5_place_dp                      13            196 029b3c493b7444af494d
