# Logfile created on 2025-08-28 21:02:42 +0900 by logger.rb/v1.5.3
2025-08-28 21:02:42 +0900: Memory Usage (500096K) : Starting running SG13G2 Klayout LVS runset on /home/ckdur/Documents/SymbioticEDA/asicone_sg13g2/chip/signoff/outputs/asicone_202508.fill.gds
2025-08-28 21:02:42 +0900: Memory Usage (500096K) : Ruby Version for klayout: 3.2.3
2025-08-28 21:02:43 +0900: Memory Usage (545036K) : Loading database to memory is complete.
2025-08-28 21:02:43 +0900: Memory Usage (545036K) : SG13G2 Klayout LVS runset output at: /home/ckdur/Documents/SymbioticEDA/asicone_sg13g2/chip/signoff/reports/asicone_202508.lvsdb
2025-08-28 21:02:43 +0900: Memory Usage (545036K) : Evaluate switches.
2025-08-28 21:02:43 +0900: Memory Usage (545036K) : Extracted netlist with net names: true
2025-08-28 21:02:43 +0900: Memory Usage (545036K) : Extracted netlist with comments in details: false
2025-08-28 21:02:43 +0900: Memory Usage (545036K) : Selected NET_ONLY option: false
2025-08-28 21:02:43 +0900: Memory Usage (545036K) : Selected TOP_LVL_PINS option: false
2025-08-28 21:02:43 +0900: Memory Usage (545036K) : Selected COMBINE DEVICES option: false
2025-08-28 21:02:43 +0900: Memory Usage (545036K) : Selected PURGE option: false
2025-08-28 21:02:43 +0900: Memory Usage (545036K) : Selected PURGE_NETS option: false
2025-08-28 21:02:43 +0900: Memory Usage (545036K) : Selected SIMPLIFY option: true
2025-08-28 21:02:43 +0900: Memory Usage (545036K) : Selected SERIES_RES option: true
2025-08-28 21:02:43 +0900: Memory Usage (545036K) : Selected PARALLEL_RES option: true
2025-08-28 21:02:43 +0900: Memory Usage (545036K) : Verbose mode: true
2025-08-28 21:02:43 +0900: Memory Usage (545036K) : flat  mode is enabled.
2025-08-28 21:02:44 +0900: Memory Usage (570580K) : Netlist file: /home/ckdur/Documents/SymbioticEDA/asicone_sg13g2/chip/signoff/outputs/asicone_202508.spice
2025-08-28 21:02:44 +0900: Memory Usage (570580K) : LVS extracted netlist at: /home/ckdur/Documents/SymbioticEDA/asicone_sg13g2/chip/signoff/reports/asicone_202508_extracted.cir
2025-08-28 21:02:44 +0900: Memory Usage (570580K) : Read in polygons from layers.
2025-08-28 21:02:51 +0900: Memory Usage (575792K) : activ_drw has 10081 polygons
2025-08-28 21:02:52 +0900: Memory Usage (579376K) : activ_filler has 30337 polygons
2025-08-28 21:02:52 +0900: Memory Usage (579376K) : activ has 40418 polygons
2025-08-28 21:02:52 +0900: Memory Usage (579376K) : activ_pin has 0 polygons
2025-08-28 21:02:52 +0900: Memory Usage (579376K) : activ_mask has 0 polygons
2025-08-28 21:02:52 +0900: Memory Usage (579376K) : activ_nofill has 0 polygons
2025-08-28 21:02:52 +0900: Memory Usage (579376K) : activ_OPC has 0 polygons
2025-08-28 21:02:52 +0900: Memory Usage (579376K) : activ_iOPC has 0 polygons
2025-08-28 21:02:52 +0900: Memory Usage (579376K) : activ_noqrc has 0 polygons
2025-08-28 21:02:52 +0900: Memory Usage (579376K) : biwind_drw has 0 polygons
2025-08-28 21:02:52 +0900: Memory Usage (579376K) : biwind_OPC has 0 polygons
2025-08-28 21:03:00 +0900: Memory Usage (645508K) : gatpoly_drw has 23583 polygons
2025-08-28 21:03:01 +0900: Memory Usage (645508K) : gatpoly_filler has 30337 polygons
2025-08-28 21:03:01 +0900: Memory Usage (645508K) : gatpoly has 53920 polygons
2025-08-28 21:03:01 +0900: Memory Usage (645508K) : gatpoly_pin has 0 polygons
2025-08-28 21:03:01 +0900: Memory Usage (645508K) : gatpoly_nofill has 0 polygons
2025-08-28 21:03:01 +0900: Memory Usage (645508K) : gatpoly_OPC has 0 polygons
2025-08-28 21:03:01 +0900: Memory Usage (645508K) : gatpoly_iOPC has 0 polygons
2025-08-28 21:03:01 +0900: Memory Usage (645508K) : gatpoly_noqrc has 0 polygons
2025-08-28 21:04:20 +0900: Memory Usage (989352K) : cont_drw has 2901899 polygons
2025-08-28 21:04:20 +0900: Memory Usage (989352K) : cont_OPC has 0 polygons
2025-08-28 21:04:20 +0900: Memory Usage (989352K) : nsd_drw has 0 polygons
2025-08-28 21:04:20 +0900: Memory Usage (989352K) : nsd_block has 0 polygons
2025-08-28 21:04:30 +0900: Memory Usage (1011368K) : metal1_drw has 16153 polygons
2025-08-28 21:04:32 +0900: Memory Usage (1011368K) : metal1_filler has 60876 polygons
2025-08-28 21:04:32 +0900: Memory Usage (1011368K) : metal1_slit has 0 polygons
2025-08-28 21:04:33 +0900: Memory Usage (1011640K) : metal1 has 77029 polygons
2025-08-28 21:04:33 +0900: Memory Usage (1011640K) : metal1_pin has 794 polygons
2025-08-28 21:04:33 +0900: Memory Usage (1011640K) : metal1_mask has 0 polygons
2025-08-28 21:04:33 +0900: Memory Usage (1011640K) : metal1_nofill has 0 polygons
2025-08-28 21:04:34 +0900: Memory Usage (1011896K) : metal1_text has 85780 polygons
2025-08-28 21:04:34 +0900: Memory Usage (1011896K) : metal1_OPC has 0 polygons
2025-08-28 21:04:34 +0900: Memory Usage (1011896K) : metal1_noqrc has 0 polygons
2025-08-28 21:04:34 +0900: Memory Usage (1011896K) : metal1_res has 0 polygons
2025-08-28 21:04:34 +0900: Memory Usage (1011896K) : metal1_iprobe has 0 polygons
2025-08-28 21:04:34 +0900: Memory Usage (1011896K) : metal1_diffprb has 0 polygons
2025-08-28 21:04:34 +0900: Memory Usage (1011896K) : passiv_drw has 39 polygons
2025-08-28 21:04:34 +0900: Memory Usage (1011896K) : passiv_pin has 0 polygons
2025-08-28 21:04:34 +0900: Memory Usage (1011896K) : passiv_sbump has 0 polygons
2025-08-28 21:04:34 +0900: Memory Usage (1011896K) : passiv_pillar has 0 polygons
2025-08-28 21:04:34 +0900: Memory Usage (1011896K) : passiv_pdl has 0 polygons
2025-08-28 21:04:36 +0900: Memory Usage (1011896K) : metal2_drw has 9306 polygons
2025-08-28 21:04:38 +0900: Memory Usage (1011896K) : metal2_filler has 66402 polygons
2025-08-28 21:04:38 +0900: Memory Usage (1011896K) : metal2_slit has 0 polygons
2025-08-28 21:04:38 +0900: Memory Usage (1011896K) : metal2 has 75708 polygons
2025-08-28 21:04:39 +0900: Memory Usage (1011896K) : metal2_pin has 691 polygons
2025-08-28 21:04:39 +0900: Memory Usage (1011896K) : metal2_mask has 0 polygons
2025-08-28 21:04:39 +0900: Memory Usage (1011896K) : metal2_nofill has 0 polygons
2025-08-28 21:04:39 +0900: Memory Usage (1011896K) : metal2_text has 1251 polygons
2025-08-28 21:04:39 +0900: Memory Usage (1011896K) : metal2_OPC has 0 polygons
2025-08-28 21:04:39 +0900: Memory Usage (1011896K) : metal2_noqrc has 0 polygons
2025-08-28 21:04:39 +0900: Memory Usage (1011896K) : metal2_res has 0 polygons
2025-08-28 21:04:39 +0900: Memory Usage (1011896K) : metal2_iprobe has 0 polygons
2025-08-28 21:04:39 +0900: Memory Usage (1011896K) : metal2_diffprb has 0 polygons
2025-08-28 21:04:39 +0900: Memory Usage (1011896K) : baspoly_drw has 0 polygons
2025-08-28 21:04:39 +0900: Memory Usage (1011896K) : baspoly_pin has 0 polygons
2025-08-28 21:04:42 +0900: Memory Usage (1011896K) : psd_drw has 1631 polygons
2025-08-28 21:04:42 +0900: Memory Usage (1011896K) : nldb_drw has 0 polygons
2025-08-28 21:04:42 +0900: Memory Usage (1011896K) : digibnd_drw has 0 polygons
2025-08-28 21:04:46 +0900: Memory Usage (1011896K) : via1_drw has 109916 polygons
2025-08-28 21:04:46 +0900: Memory Usage (1011896K) : backmetal1_drw has 0 polygons
2025-08-28 21:04:46 +0900: Memory Usage (1011896K) : backmetal1_pin has 0 polygons
2025-08-28 21:04:46 +0900: Memory Usage (1011896K) : backmetal1_mask has 0 polygons
2025-08-28 21:04:46 +0900: Memory Usage (1011896K) : backmetal1_filler has 0 polygons
2025-08-28 21:04:46 +0900: Memory Usage (1011896K) : backmetal1_nofill has 0 polygons
2025-08-28 21:04:46 +0900: Memory Usage (1011896K) : backmetal1_slit has 0 polygons
2025-08-28 21:04:46 +0900: Memory Usage (1011896K) : backmetal1_text has 0 polygons
2025-08-28 21:04:46 +0900: Memory Usage (1011896K) : backmetal1_OPC has 0 polygons
2025-08-28 21:04:46 +0900: Memory Usage (1011896K) : backmetal1_noqrc has 0 polygons
2025-08-28 21:04:46 +0900: Memory Usage (1011896K) : backmetal1_res has 0 polygons
2025-08-28 21:04:46 +0900: Memory Usage (1011896K) : backmetal1_iprobe has 0 polygons
2025-08-28 21:04:46 +0900: Memory Usage (1011896K) : backmetal1_diffprb has 0 polygons
2025-08-28 21:04:46 +0900: Memory Usage (1011896K) : backpassiv_drw has 0 polygons
2025-08-28 21:04:46 +0900: Memory Usage (1011896K) : res_drw has 0 polygons
2025-08-28 21:04:46 +0900: Memory Usage (1011896K) : sram_drw has 0 polygons
2025-08-28 21:04:46 +0900: Memory Usage (1011896K) : trans_drw has 0 polygons
2025-08-28 21:04:46 +0900: Memory Usage (1011896K) : ind_drw has 0 polygons
2025-08-28 21:04:46 +0900: Memory Usage (1011896K) : ind_pin has 0 polygons
2025-08-28 21:04:46 +0900: Memory Usage (1011896K) : ind_text has 0 polygons
2025-08-28 21:04:46 +0900: Memory Usage (1011896K) : salblock_drw has 65 polygons
2025-08-28 21:04:50 +0900: Memory Usage (1011896K) : via2_drw has 113723 polygons
2025-08-28 21:04:51 +0900: Memory Usage (1011896K) : metal3_drw has 5065 polygons
2025-08-28 21:04:53 +0900: Memory Usage (1011896K) : metal3_filler has 41149 polygons
2025-08-28 21:04:53 +0900: Memory Usage (1011896K) : metal3_slit has 0 polygons
2025-08-28 21:04:53 +0900: Memory Usage (1011896K) : metal3 has 46214 polygons
2025-08-28 21:04:53 +0900: Memory Usage (1011896K) : metal3_pin has 242 polygons
2025-08-28 21:04:53 +0900: Memory Usage (1011896K) : metal3_mask has 0 polygons
2025-08-28 21:04:53 +0900: Memory Usage (1011896K) : metal3_nofill has 0 polygons
2025-08-28 21:04:53 +0900: Memory Usage (1011896K) : metal3_text has 593 polygons
2025-08-28 21:04:53 +0900: Memory Usage (1011896K) : metal3_OPC has 0 polygons
2025-08-28 21:04:53 +0900: Memory Usage (1011896K) : metal3_noqrc has 0 polygons
2025-08-28 21:04:53 +0900: Memory Usage (1011896K) : metal3_res has 0 polygons
2025-08-28 21:04:53 +0900: Memory Usage (1011896K) : metal3_iprobe has 0 polygons
2025-08-28 21:04:53 +0900: Memory Usage (1011896K) : metal3_diffprb has 0 polygons
2025-08-28 21:04:56 +0900: Memory Usage (1011896K) : nwell_drw has 226 polygons
2025-08-28 21:04:56 +0900: Memory Usage (1011896K) : nwell_pin has 0 polygons
2025-08-28 21:04:56 +0900: Memory Usage (1011896K) : nbulay_drw has 0 polygons
2025-08-28 21:04:56 +0900: Memory Usage (1011896K) : nbulay_pin has 0 polygons
2025-08-28 21:04:56 +0900: Memory Usage (1011896K) : nbulay_block has 0 polygons
2025-08-28 21:04:56 +0900: Memory Usage (1011896K) : emwind_drw has 0 polygons
2025-08-28 21:04:56 +0900: Memory Usage (1011896K) : emwind_OPC has 0 polygons
2025-08-28 21:04:56 +0900: Memory Usage (1011896K) : deepco_drw has 0 polygons
2025-08-28 21:04:56 +0900: Memory Usage (1011896K) : mim_drw has 0 polygons
2025-08-28 21:04:56 +0900: Memory Usage (1011896K) : edgeseal_drw has 1 polygons
2025-08-28 21:04:56 +0900: Memory Usage (1011896K) : substrate_drw has 164 polygons
2025-08-28 21:04:56 +0900: Memory Usage (1011896K) : substrate_text has 0 polygons
2025-08-28 21:04:56 +0900: Memory Usage (1011896K) : dfpad_drw has 38 polygons
2025-08-28 21:04:56 +0900: Memory Usage (1011896K) : dfpad_pillar has 0 polygons
2025-08-28 21:04:56 +0900: Memory Usage (1011896K) : dfpad_sbump has 0 polygons
2025-08-28 21:04:57 +0900: Memory Usage (1011896K) : thickgateox_drw has 74 polygons
2025-08-28 21:04:57 +0900: Memory Usage (1011896K) : pldb_drw has 0 polygons
2025-08-28 21:04:57 +0900: Memory Usage (1011896K) : pwell_drw has 0 polygons
2025-08-28 21:04:57 +0900: Memory Usage (1011896K) : pwell_pin has 0 polygons
2025-08-28 21:04:57 +0900: Memory Usage (1011896K) : pwell_block has 0 polygons
2025-08-28 21:04:57 +0900: Memory Usage (1011896K) : ic_drw has 0 polygons
2025-08-28 21:05:00 +0900: Memory Usage (1011896K) : via3_drw has 115220 polygons
2025-08-28 21:05:00 +0900: Memory Usage (1011896K) : metal4_drw has 2679 polygons
2025-08-28 21:05:02 +0900: Memory Usage (1011896K) : metal4_filler has 41725 polygons
2025-08-28 21:05:02 +0900: Memory Usage (1011896K) : metal4_slit has 0 polygons
2025-08-28 21:05:02 +0900: Memory Usage (1011896K) : metal4 has 44404 polygons
2025-08-28 21:05:02 +0900: Memory Usage (1011896K) : metal4_pin has 76 polygons
2025-08-28 21:05:02 +0900: Memory Usage (1011896K) : metal4_mask has 0 polygons
2025-08-28 21:05:02 +0900: Memory Usage (1011896K) : metal4_nofill has 0 polygons
2025-08-28 21:05:02 +0900: Memory Usage (1011896K) : metal4_text has 426 polygons
2025-08-28 21:05:02 +0900: Memory Usage (1011896K) : metal4_OPC has 0 polygons
2025-08-28 21:05:02 +0900: Memory Usage (1011896K) : metal4_noqrc has 0 polygons
2025-08-28 21:05:02 +0900: Memory Usage (1011896K) : metal4_res has 0 polygons
2025-08-28 21:05:02 +0900: Memory Usage (1011896K) : metal4_iprobe has 0 polygons
2025-08-28 21:05:02 +0900: Memory Usage (1011896K) : metal4_diffprb has 0 polygons
2025-08-28 21:05:02 +0900: Memory Usage (1011896K) : heattrans_drw has 0 polygons
2025-08-28 21:05:03 +0900: Memory Usage (1011896K) : heatres_drw has 38 polygons
2025-08-28 21:05:03 +0900: Memory Usage (1011896K) : fbe_drw has 0 polygons
2025-08-28 21:05:03 +0900: Memory Usage (1011896K) : empoly_drw has 0 polygons
2025-08-28 21:05:03 +0900: Memory Usage (1011896K) : digisub_drw has 0 polygons
2025-08-28 21:05:03 +0900: Memory Usage (1011896K) : text_drw has 1117 polygons
2025-08-28 21:05:06 +0900: Memory Usage (1012920K) : via4_drw has 122691 polygons
2025-08-28 21:05:06 +0900: Memory Usage (1012920K) : metal5_drw has 544 polygons
2025-08-28 21:05:08 +0900: Memory Usage (1012920K) : metal5_filler has 40838 polygons
2025-08-28 21:05:08 +0900: Memory Usage (1012920K) : metal5_slit has 0 polygons
2025-08-28 21:05:08 +0900: Memory Usage (1014456K) : metal5 has 41382 polygons
2025-08-28 21:05:08 +0900: Memory Usage (1014456K) : metal5_pin has 85 polygons
2025-08-28 21:05:08 +0900: Memory Usage (1014456K) : metal5_mask has 0 polygons
2025-08-28 21:05:08 +0900: Memory Usage (1014456K) : metal5_nofill has 0 polygons
2025-08-28 21:05:08 +0900: Memory Usage (1014456K) : metal5_text has 421 polygons
2025-08-28 21:05:08 +0900: Memory Usage (1014456K) : metal5_OPC has 0 polygons
2025-08-28 21:05:08 +0900: Memory Usage (1014456K) : metal5_noqrc has 0 polygons
2025-08-28 21:05:08 +0900: Memory Usage (1014456K) : metal5_res has 0 polygons
2025-08-28 21:05:08 +0900: Memory Usage (1014456K) : metal5_iprobe has 0 polygons
2025-08-28 21:05:08 +0900: Memory Usage (1014456K) : metal5_diffprb has 0 polygons
2025-08-28 21:05:08 +0900: Memory Usage (1014456K) : radhard_drw has 0 polygons
2025-08-28 21:05:08 +0900: Memory Usage (1014456K) : memcap_drw has 0 polygons
2025-08-28 21:05:08 +0900: Memory Usage (1014456K) : varicap_drw has 0 polygons
2025-08-28 21:05:08 +0900: Memory Usage (1014456K) : intbondvia_drw has 0 polygons
2025-08-28 21:05:08 +0900: Memory Usage (1014456K) : intbondmet_drw has 0 polygons
2025-08-28 21:05:08 +0900: Memory Usage (1014456K) : devbondvia_drw has 0 polygons
2025-08-28 21:05:08 +0900: Memory Usage (1014456K) : devbondmet_drw has 0 polygons
2025-08-28 21:05:08 +0900: Memory Usage (1014456K) : devtrench_drw has 0 polygons
2025-08-28 21:05:08 +0900: Memory Usage (1014456K) : redist_drw has 0 polygons
2025-08-28 21:05:08 +0900: Memory Usage (1014456K) : graphbot_drw has 0 polygons
2025-08-28 21:05:08 +0900: Memory Usage (1014456K) : graphtop_drw has 0 polygons
2025-08-28 21:05:08 +0900: Memory Usage (1014456K) : antvia1_drw has 0 polygons
2025-08-28 21:05:08 +0900: Memory Usage (1014456K) : antmetal2_drw has 0 polygons
2025-08-28 21:05:08 +0900: Memory Usage (1014456K) : graphcont_drw has 0 polygons
2025-08-28 21:05:08 +0900: Memory Usage (1014456K) : siwg_drw has 0 polygons
2025-08-28 21:05:08 +0900: Memory Usage (1014456K) : siwg_filler has 0 polygons
2025-08-28 21:05:08 +0900: Memory Usage (1014456K) : siwg_nofill has 0 polygons
2025-08-28 21:05:08 +0900: Memory Usage (1014456K) : sigrating_drw has 0 polygons
2025-08-28 21:05:08 +0900: Memory Usage (1014456K) : singrating_drw has 0 polygons
2025-08-28 21:05:08 +0900: Memory Usage (1014456K) : graphpas_drw has 0 polygons
2025-08-28 21:05:08 +0900: Memory Usage (1014456K) : emwind3_drw has 0 polygons
2025-08-28 21:05:08 +0900: Memory Usage (1014456K) : emwihv3_drw has 0 polygons
2025-08-28 21:05:08 +0900: Memory Usage (1014456K) : redbulay_drw has 0 polygons
2025-08-28 21:05:08 +0900: Memory Usage (1014456K) : smos_drw has 0 polygons
2025-08-28 21:05:08 +0900: Memory Usage (1014456K) : graphpad_drw has 0 polygons
2025-08-28 21:05:08 +0900: Memory Usage (1014456K) : polimide_drw has 0 polygons
2025-08-28 21:05:08 +0900: Memory Usage (1014456K) : polimide_pin has 0 polygons
2025-08-28 21:05:08 +0900: Memory Usage (1014456K) : recog_drw has 0 polygons
2025-08-28 21:05:08 +0900: Memory Usage (1014456K) : recog_pin has 0 polygons
2025-08-28 21:05:08 +0900: Memory Usage (1014456K) : recog_esd has 0 polygons
2025-08-28 21:05:09 +0900: Memory Usage (1014456K) : recog_diode has 220 polygons
2025-08-28 21:05:09 +0900: Memory Usage (1014456K) : recog_tsv has 0 polygons
2025-08-28 21:05:09 +0900: Memory Usage (1014456K) : recog_iprobe has 0 polygons
2025-08-28 21:05:09 +0900: Memory Usage (1014456K) : recog_diffprb has 0 polygons
2025-08-28 21:05:09 +0900: Memory Usage (1014456K) : recog_pillar has 0 polygons
2025-08-28 21:05:09 +0900: Memory Usage (1014456K) : recog_sbump has 0 polygons
2025-08-28 21:05:09 +0900: Memory Usage (1014456K) : recog_otp has 0 polygons
2025-08-28 21:05:09 +0900: Memory Usage (1014456K) : recog_pdiode has 0 polygons
2025-08-28 21:05:09 +0900: Memory Usage (1014456K) : recog_mom has 0 polygons
2025-08-28 21:05:09 +0900: Memory Usage (1014456K) : recog_pcm has 0 polygons
2025-08-28 21:05:09 +0900: Memory Usage (1014456K) : colopen_drw has 0 polygons
2025-08-28 21:05:09 +0900: Memory Usage (1014456K) : graphmetal1_drw has 0 polygons
2025-08-28 21:05:09 +0900: Memory Usage (1014456K) : graphmetal1_filler has 0 polygons
2025-08-28 21:05:09 +0900: Memory Usage (1014456K) : graphmetal1_nofill has 0 polygons
2025-08-28 21:05:09 +0900: Memory Usage (1014456K) : graphmetal1_slit has 0 polygons
2025-08-28 21:05:09 +0900: Memory Usage (1014968K) : graphmetal1_OPC has 0 polygons
2025-08-28 21:05:09 +0900: Memory Usage (1014968K) : graphmet1l_drw has 0 polygons
2025-08-28 21:05:09 +0900: Memory Usage (1014968K) : graphmet1l_filler has 0 polygons
2025-08-28 21:05:09 +0900: Memory Usage (1014968K) : graphmet1l_nofill has 0 polygons
2025-08-28 21:05:09 +0900: Memory Usage (1015224K) : graphmet1l_slit has 0 polygons
2025-08-28 21:05:09 +0900: Memory Usage (1015480K) : graphmet1l_OPC has 0 polygons
2025-08-28 21:05:09 +0900: Memory Usage (1015736K) : extblock_drw has 65 polygons
2025-08-28 21:05:09 +0900: Memory Usage (1015992K) : nldd_drw has 0 polygons
2025-08-28 21:05:09 +0900: Memory Usage (1015992K) : pldd_drw has 0 polygons
2025-08-28 21:05:09 +0900: Memory Usage (1015992K) : next_drw has 0 polygons
2025-08-28 21:05:09 +0900: Memory Usage (1015992K) : pext_drw has 0 polygons
2025-08-28 21:05:09 +0900: Memory Usage (1015992K) : nexthv_drw has 0 polygons
2025-08-28 21:05:09 +0900: Memory Usage (1015992K) : pexthv_drw has 0 polygons
2025-08-28 21:05:09 +0900: Memory Usage (1015992K) : graphgate_drw has 0 polygons
2025-08-28 21:05:09 +0900: Memory Usage (1015992K) : sinwg_drw has 0 polygons
2025-08-28 21:05:09 +0900: Memory Usage (1015992K) : sinwg_filler has 0 polygons
2025-08-28 21:05:09 +0900: Memory Usage (1015992K) : sinwg_nofill has 0 polygons
2025-08-28 21:05:09 +0900: Memory Usage (1015992K) : mempad_drw has 0 polygons
2025-08-28 21:05:11 +0900: Memory Usage (1034424K) : topvia1_drw has 101818 polygons
2025-08-28 21:05:12 +0900: Memory Usage (1034424K) : topmetal1_drw has 87 polygons
2025-08-28 21:05:12 +0900: Memory Usage (1034424K) : topmetal1_filler has 6540 polygons
2025-08-28 21:05:12 +0900: Memory Usage (1034424K) : topmetal1_slit has 0 polygons
2025-08-28 21:05:12 +0900: Memory Usage (1034424K) : topmetal1 has 6627 polygons
2025-08-28 21:05:12 +0900: Memory Usage (1034424K) : topmetal1_pin has 82 polygons
2025-08-28 21:05:12 +0900: Memory Usage (1034424K) : topmetal1_mask has 0 polygons
2025-08-28 21:05:12 +0900: Memory Usage (1034424K) : topmetal1_nofill has 0 polygons
2025-08-28 21:05:13 +0900: Memory Usage (1034424K) : topmetal1_text has 421 polygons
2025-08-28 21:05:13 +0900: Memory Usage (1034424K) : topmetal1_noqrc has 0 polygons
2025-08-28 21:05:13 +0900: Memory Usage (1034424K) : topmetal1_res has 0 polygons
2025-08-28 21:05:13 +0900: Memory Usage (1034424K) : topmetal1_iprobe has 0 polygons
2025-08-28 21:05:13 +0900: Memory Usage (1034424K) : topmetal1_diffprb has 0 polygons
2025-08-28 21:05:13 +0900: Memory Usage (1034424K) : inldpwl_drw has 0 polygons
2025-08-28 21:05:13 +0900: Memory Usage (1034424K) : polyres_drw has 115 polygons
2025-08-28 21:05:13 +0900: Memory Usage (1034424K) : polyres_pin has 0 polygons
2025-08-28 21:05:13 +0900: Memory Usage (1034424K) : vmim_drw has 0 polygons
2025-08-28 21:05:13 +0900: Memory Usage (1034424K) : nbulaycut_drw has 0 polygons
2025-08-28 21:05:13 +0900: Memory Usage (1034424K) : antmetal1_drw has 0 polygons
2025-08-28 21:05:15 +0900: Memory Usage (1034424K) : topvia2_drw has 63729 polygons
2025-08-28 21:05:15 +0900: Memory Usage (1034424K) : topmetal2_drw has 44 polygons
2025-08-28 21:05:15 +0900: Memory Usage (1034424K) : topmetal2_filler has 8916 polygons
2025-08-28 21:05:15 +0900: Memory Usage (1034424K) : topmetal2_slit has 0 polygons
2025-08-28 21:05:15 +0900: Memory Usage (1034424K) : topmetal2 has 8960 polygons
2025-08-28 21:05:15 +0900: Memory Usage (1034424K) : topmetal2_pin has 89 polygons
2025-08-28 21:05:15 +0900: Memory Usage (1034424K) : topmetal2_mask has 0 polygons
2025-08-28 21:05:15 +0900: Memory Usage (1034424K) : topmetal2_nofill has 0 polygons
2025-08-28 21:05:16 +0900: Memory Usage (1034424K) : topmetal2_text has 339 polygons
2025-08-28 21:05:16 +0900: Memory Usage (1034424K) : topmetal2_noqrc has 0 polygons
2025-08-28 21:05:16 +0900: Memory Usage (1034424K) : topmetal2_res has 0 polygons
2025-08-28 21:05:16 +0900: Memory Usage (1034424K) : topmetal2_iprobe has 0 polygons
2025-08-28 21:05:16 +0900: Memory Usage (1034424K) : topmetal2_diffprb has 0 polygons
2025-08-28 21:05:16 +0900: Memory Usage (1034424K) : snsring_drw has 0 polygons
2025-08-28 21:05:16 +0900: Memory Usage (1034424K) : sensor_drw has 0 polygons
2025-08-28 21:05:16 +0900: Memory Usage (1034424K) : snsarms_drw has 0 polygons
2025-08-28 21:05:16 +0900: Memory Usage (1034424K) : snscmosvia_drw has 0 polygons
2025-08-28 21:05:16 +0900: Memory Usage (1034424K) : colwind_drw has 0 polygons
2025-08-28 21:05:16 +0900: Memory Usage (1034424K) : flm_drw has 0 polygons
2025-08-28 21:05:16 +0900: Memory Usage (1034424K) : hafniumox_drw has 0 polygons
2025-08-28 21:05:16 +0900: Memory Usage (1034424K) : memvia_drw has 0 polygons
2025-08-28 21:05:16 +0900: Memory Usage (1034424K) : thinfilmres_drw has 0 polygons
2025-08-28 21:05:16 +0900: Memory Usage (1034424K) : rfmem_drw has 0 polygons
2025-08-28 21:05:16 +0900: Memory Usage (1034424K) : norcx_drw has 0 polygons
2025-08-28 21:05:16 +0900: Memory Usage (1034424K) : norcx_m2m3 has 0 polygons
2025-08-28 21:05:16 +0900: Memory Usage (1034424K) : norcx_m2m4 has 0 polygons
2025-08-28 21:05:16 +0900: Memory Usage (1034424K) : norcx_m2m5 has 0 polygons
2025-08-28 21:05:16 +0900: Memory Usage (1034424K) : norcx_m2tm1 has 0 polygons
2025-08-28 21:05:16 +0900: Memory Usage (1034424K) : norcx_m2tm2 has 0 polygons
2025-08-28 21:05:16 +0900: Memory Usage (1034424K) : norcx_m3m4 has 0 polygons
2025-08-28 21:05:16 +0900: Memory Usage (1034424K) : norcx_m3m5 has 0 polygons
2025-08-28 21:05:16 +0900: Memory Usage (1034424K) : norcx_m3tm1 has 0 polygons
2025-08-28 21:05:16 +0900: Memory Usage (1034424K) : norcx_m3tm2 has 0 polygons
2025-08-28 21:05:16 +0900: Memory Usage (1034424K) : norcx_m4m5 has 0 polygons
2025-08-28 21:05:16 +0900: Memory Usage (1034424K) : norcx_m4tm1 has 0 polygons
2025-08-28 21:05:16 +0900: Memory Usage (1034424K) : norcx_m4tm2 has 0 polygons
2025-08-28 21:05:16 +0900: Memory Usage (1034424K) : norcx_m5tm1 has 0 polygons
2025-08-28 21:05:16 +0900: Memory Usage (1034424K) : norcx_m5tm2 has 0 polygons
2025-08-28 21:05:16 +0900: Memory Usage (1034424K) : norcx_tm1tm2 has 0 polygons
2025-08-28 21:05:16 +0900: Memory Usage (1034424K) : norcx_m1sub has 0 polygons
2025-08-28 21:05:16 +0900: Memory Usage (1034424K) : norcx_m2sub has 0 polygons
2025-08-28 21:05:16 +0900: Memory Usage (1034424K) : norcx_m3sub has 0 polygons
2025-08-28 21:05:16 +0900: Memory Usage (1034424K) : norcx_m4sub has 0 polygons
2025-08-28 21:05:16 +0900: Memory Usage (1034424K) : norcx_m5sub has 0 polygons
2025-08-28 21:05:16 +0900: Memory Usage (1034424K) : norcx_tm1sub has 0 polygons
2025-08-28 21:05:16 +0900: Memory Usage (1034680K) : norcx_tm2sub has 0 polygons
2025-08-28 21:05:16 +0900: Memory Usage (1034680K) : snsbotvia_drw has 0 polygons
2025-08-28 21:05:16 +0900: Memory Usage (1034936K) : snstopvia_drw has 0 polygons
2025-08-28 21:05:16 +0900: Memory Usage (1034936K) : deepvia_drw has 0 polygons
2025-08-28 21:05:16 +0900: Memory Usage (1035192K) : fgetch_drw has 0 polygons
2025-08-28 21:05:16 +0900: Memory Usage (1035448K) : ctrgat_drw has 0 polygons
2025-08-28 21:05:16 +0900: Memory Usage (1035704K) : fgimp_drw has 0 polygons
2025-08-28 21:05:16 +0900: Memory Usage (1035960K) : emwihv_drw has 0 polygons
2025-08-28 21:05:16 +0900: Memory Usage (1036216K) : lbe_drw has 0 polygons
2025-08-28 21:05:16 +0900: Memory Usage (1036472K) : alcustop_drw has 0 polygons
2025-08-28 21:05:16 +0900: Memory Usage (1036728K) : nometfiller_drw has 0 polygons
2025-08-28 21:05:16 +0900: Memory Usage (1036984K) : prboundary_drw has 38 polygons
2025-08-28 21:05:16 +0900: Memory Usage (1036984K) : exchange0_drw has 0 polygons
2025-08-28 21:05:16 +0900: Memory Usage (1036984K) : exchange0_pin has 0 polygons
2025-08-28 21:05:16 +0900: Memory Usage (1036984K) : exchange0_text has 0 polygons
2025-08-28 21:05:16 +0900: Memory Usage (1036984K) : exchange1_drw has 0 polygons
2025-08-28 21:05:16 +0900: Memory Usage (1036984K) : exchange1_pin has 0 polygons
2025-08-28 21:05:16 +0900: Memory Usage (1036984K) : exchange1_text has 0 polygons
2025-08-28 21:05:16 +0900: Memory Usage (1036984K) : exchange2_drw has 0 polygons
2025-08-28 21:05:16 +0900: Memory Usage (1036984K) : exchange2_pin has 0 polygons
2025-08-28 21:05:16 +0900: Memory Usage (1036984K) : exchange2_text has 0 polygons
2025-08-28 21:05:16 +0900: Memory Usage (1036984K) : exchange3_drw has 0 polygons
2025-08-28 21:05:16 +0900: Memory Usage (1036984K) : exchange3_pin has 0 polygons
2025-08-28 21:05:16 +0900: Memory Usage (1036984K) : exchange3_text has 0 polygons
2025-08-28 21:05:16 +0900: Memory Usage (1036984K) : exchange4_drw has 0 polygons
2025-08-28 21:05:16 +0900: Memory Usage (1036984K) : exchange4_pin has 0 polygons
2025-08-28 21:05:16 +0900: Memory Usage (1036984K) : exchange4_text has 0 polygons
2025-08-28 21:05:16 +0900: Memory Usage (1036984K) : isonwell_drw has 0 polygons
2025-08-28 21:05:16 +0900: Memory Usage (1036984K) : Total no. of polygons in the design is 4018779
2025-08-28 21:05:16 +0900: Memory Usage (1036984K) : Starting SG13G2 LVS runset
2025-08-28 21:05:16 +0900: Memory Usage (1036984K) : Starting base layers derivations
2025-08-28 21:05:16 +0900: Memory Usage (1036984K) : Starting general LVS derivations
2025-08-28 21:05:50 +0900: Memory Usage (1162460K) : Starting MOSFET DERIVATIONS
2025-08-28 21:07:20 +0900: Memory Usage (1309876K) : Starting NMOS DERIVATIONS
2025-08-28 21:07:22 +0900: Memory Usage (1309876K) : Starting PMOS DERIVATIONS
2025-08-28 21:07:24 +0900: Memory Usage (1309876K) : Starting RF-MOSFET DERIVATIONS
2025-08-28 21:07:24 +0900: Memory Usage (1309876K) : Starting RF-NMOS DERIVATIONS
2025-08-28 21:07:24 +0900: Memory Usage (1309876K) : Starting RF-PMOS DERIVATIONS
2025-08-28 21:07:24 +0900: Memory Usage (1309876K) : Starting BJT DERIVATIONS
2025-08-28 21:07:24 +0900: Memory Usage (1309876K) : Starting NPN-BJT DERIVATIONS
2025-08-28 21:07:24 +0900: Memory Usage (1317556K) : Starting PNP-BJT DERIVATIONS
2025-08-28 21:07:24 +0900: Memory Usage (1326004K) : Starting DIODE DERIVATIONS
2025-08-28 21:09:34 +0900: Memory Usage (1849028K) : Starting RESISTOR DERIVATIONS
2025-08-28 21:09:37 +0900: Memory Usage (1427208K) : Starting CAP DERIVATIONS
2025-08-28 21:09:38 +0900: Memory Usage (1427208K) : Starting ESD DERIVATIONS
2025-08-28 21:09:44 +0900: Memory Usage (1427208K) : Starting Inductor DERIVATIONS
2025-08-28 21:09:44 +0900: Memory Usage (1427208K) : Starting Taps DERIVATIONS
2025-08-28 21:09:47 +0900: Memory Usage (1430280K) : Starting SG13G2 LVS connectivity setup
2025-08-28 21:09:47 +0900: Memory Usage (1430280K) : Starting SG13G2 LVS connectivity setup (Inter-layer)
2025-08-28 21:10:13 +0900: Memory Usage (1489472K) : Starting SG13G2 LVS connectivity setup (Global)
2025-08-28 21:10:13 +0900: Memory Usage (1489472K) : Starting LVS MOSFET CONNECTIONS
2025-08-28 21:10:13 +0900: Memory Usage (1489472K) : Starting LVS RF-MOSFET CONNECTIONS
2025-08-28 21:10:13 +0900: Memory Usage (1489472K) : Starting LVS BJT CONNECTIONS
2025-08-28 21:10:13 +0900: Memory Usage (1489472K) : Starting LVS DIODE CONNECTIONS
2025-08-28 21:10:13 +0900: Memory Usage (1489472K) : Starting RESISTOR CONNECTIONS
2025-08-28 21:10:13 +0900: Memory Usage (1489472K) : Starting LVS CAP CONNECTIONS
2025-08-28 21:10:13 +0900: Memory Usage (1489472K) : Starting ESD CONNECTIONS
2025-08-28 21:10:13 +0900: Memory Usage (1489472K) : Starting Inductor CONNECTIONS
2025-08-28 21:10:13 +0900: Memory Usage (1489472K) : Starting LVS Taps CONNECTIONS
2025-08-28 21:10:13 +0900: Memory Usage (1489472K) : Starting SG13G2 LVS DEVICES EXTRACTION
2025-08-28 21:10:13 +0900: Memory Usage (1489472K) : Starting MOSFET EXTRACTION
2025-08-28 21:10:13 +0900: Memory Usage (1489472K) : Starting NMOS EXTRACTION
2025-08-28 21:10:13 +0900: Memory Usage (1489472K) : Extraction of NMOS-LV transistor
2025-08-28 21:10:22 +0900: Memory Usage (1489772K) : Extraction of NMOS-HV transistor
2025-08-28 21:10:34 +0900: Memory Usage (1503852K) : Starting PMOS EXTRACTION
2025-08-28 21:10:34 +0900: Memory Usage (1503852K) : Extraction of PMOS-LV transistor
2025-08-28 21:10:36 +0900: Memory Usage (1503852K) : Extraction of PMOS-HV transistor
2025-08-28 21:10:40 +0900: Memory Usage (1503852K) : Starting RF-MOSFET EXTRACTION
2025-08-28 21:10:40 +0900: Memory Usage (1503852K) : Extraction of RF-NMOS-LV transistor
2025-08-28 21:10:52 +0900: Memory Usage (1523052K) : Extraction of RF-NMOS-HV transistor
2025-08-28 21:11:03 +0900: Memory Usage (1523052K) : Extraction of RF-PMOS-LV transistor
2025-08-28 21:11:08 +0900: Memory Usage (1523052K) : Extraction of RF-PMOS-HV transistor
2025-08-28 21:11:12 +0900: Memory Usage (1523052K) : Starting BJT EXTRACTION
2025-08-28 21:11:12 +0900: Memory Usage (1523052K) : Starting NPN-BJT EXTRACTION
2025-08-28 21:11:12 +0900: Memory Usage (1523052K) : Extraction of npn13G2 BJT transistor
2025-08-28 21:11:12 +0900: Memory Usage (1523052K) : Extraction of npn13G2L BJT transistor
2025-08-28 21:11:12 +0900: Memory Usage (1523052K) : Extraction of npn13G2V BJT transistor
2025-08-28 21:11:12 +0900: Memory Usage (1523052K) : Starting PNP-BJT EXTRACTION
2025-08-28 21:11:12 +0900: Memory Usage (1523052K) : Extracting pnpMPA BJT
2025-08-28 21:11:12 +0900: Memory Usage (1523052K) : Starting DIODE EXTRACTION
2025-08-28 21:11:12 +0900: Memory Usage (1523052K) : Extracting dantenna diode
2025-08-28 21:11:12 +0900: Memory Usage (1523052K) : Extracting dpantenna diode
2025-08-28 21:11:13 +0900: Memory Usage (1523052K) : Extracting schottky_nbl1 diode
2025-08-28 21:11:13 +0900: Memory Usage (1523052K) : Starting RESISTOR EXTRACTION
2025-08-28 21:11:13 +0900: Memory Usage (1523052K) : Extracting rsil resistor
2025-08-28 21:11:13 +0900: Memory Usage (1523052K) : Extracting rppd resistor
2025-08-28 21:11:13 +0900: Memory Usage (1523672K) : Extracting rhigh resistor
2025-08-28 21:11:13 +0900: Memory Usage (1523672K) : Extracting res_metal1 resistor
2025-08-28 21:11:28 +0900: Memory Usage (1530584K) : Extracting res_metal2 resistor
2025-08-28 21:11:39 +0900: Memory Usage (1530584K) : Extracting res_metal3 resistor
2025-08-28 21:11:44 +0900: Memory Usage (1530584K) : Extracting res_metal4 resistor
2025-08-28 21:11:49 +0900: Memory Usage (1530584K) : Extracting res_metal5 resistor
2025-08-28 21:11:54 +0900: Memory Usage (1530584K) : Extracting res_topmetal1 resistor
2025-08-28 21:11:55 +0900: Memory Usage (1530584K) : Extracting res_topmetal2 resistor
2025-08-28 21:11:56 +0900: Memory Usage (1530584K) : Starting CAP EXTRACTION
2025-08-28 21:11:56 +0900: Memory Usage (1530584K) : Extracting cap_cmim device
2025-08-28 21:11:56 +0900: Memory Usage (1530584K) : Extracting rfcmim device
2025-08-28 21:11:56 +0900: Memory Usage (1530584K) : Extracting sg13_hv_svaricap varactor
2025-08-28 21:12:03 +0900: Memory Usage (1530584K) : Starting ESD EXTRACTION
2025-08-28 21:12:03 +0900: Memory Usage (1530584K) : Extracting diodevdd_2kv ESD device
2025-08-28 21:12:03 +0900: Memory Usage (1530584K) : Extracting diodevdd_4kv ESD device
2025-08-28 21:12:03 +0900: Memory Usage (1530584K) : Extracting diodevss_2kv ESD device
2025-08-28 21:12:03 +0900: Memory Usage (1530584K) : Extracting diodevss_4kv ESD device
2025-08-28 21:12:03 +0900: Memory Usage (1530584K) : Extracting idiodevdd_2kv ESD device
2025-08-28 21:12:03 +0900: Memory Usage (1530584K) : Extracting idiodevdd_4kv ESD device
2025-08-28 21:12:03 +0900: Memory Usage (1530584K) : Extracting idiodevss_2kv ESD device
2025-08-28 21:12:03 +0900: Memory Usage (1530584K) : Extracting idiodevss_4kv ESD device
2025-08-28 21:12:03 +0900: Memory Usage (1530584K) : Extracting nmoscl_2 ESD device
2025-08-28 21:12:03 +0900: Memory Usage (1530584K) : Extracting nmoscl_4 ESD device
2025-08-28 21:12:03 +0900: Memory Usage (1530584K) : Starting Inductor EXTRACTION
2025-08-28 21:12:03 +0900: Memory Usage (1530584K) : Extracting Inductor2 device
2025-08-28 21:12:03 +0900: Memory Usage (1530584K) : Extracting Inductor3 device
2025-08-28 21:12:03 +0900: Memory Usage (1530584K) : Starting SG13G2 LVS Options Preparations
2025-08-28 21:12:03 +0900: Memory Usage (1530584K) : Starting SG13G2 LVS Alignment
2025-08-28 21:25:54 +0900: Memory Usage (501060K) : Starting running SG13G2 Klayout LVS runset on /home/ckdur/Documents/SymbioticEDA/asicone_sg13g2/chip/signoff/outputs/asicone_202508.fill.gds
2025-08-28 21:25:54 +0900: Memory Usage (501060K) : Ruby Version for klayout: 3.2.3
2025-08-28 21:25:55 +0900: Memory Usage (545680K) : Loading database to memory is complete.
2025-08-28 21:25:55 +0900: Memory Usage (545680K) : SG13G2 Klayout LVS runset output at: /home/ckdur/Documents/SymbioticEDA/asicone_sg13g2/chip/signoff/reports/asicone_202508.lvsdb
2025-08-28 21:25:55 +0900: Memory Usage (545680K) : Evaluate switches.
2025-08-28 21:25:55 +0900: Memory Usage (545680K) : Extracted netlist with net names: true
2025-08-28 21:25:55 +0900: Memory Usage (545680K) : Extracted netlist with comments in details: false
2025-08-28 21:25:55 +0900: Memory Usage (545680K) : Selected NET_ONLY option: false
2025-08-28 21:25:55 +0900: Memory Usage (545680K) : Selected TOP_LVL_PINS option: false
2025-08-28 21:25:55 +0900: Memory Usage (545680K) : Selected COMBINE DEVICES option: false
2025-08-28 21:25:55 +0900: Memory Usage (545680K) : Selected PURGE option: false
2025-08-28 21:25:55 +0900: Memory Usage (545680K) : Selected PURGE_NETS option: false
2025-08-28 21:25:55 +0900: Memory Usage (545680K) : Selected SIMPLIFY option: true
2025-08-28 21:25:55 +0900: Memory Usage (545680K) : Selected SERIES_RES option: true
2025-08-28 21:25:55 +0900: Memory Usage (545680K) : Selected PARALLEL_RES option: true
2025-08-28 21:25:55 +0900: Memory Usage (545680K) : Verbose mode: true
2025-08-28 21:25:55 +0900: Memory Usage (545680K) : flat  mode is enabled.
2025-08-28 22:33:13 +0900: Memory Usage (2121428K) : Starting SG13G2 LVS Simplification
2025-08-28 22:33:14 +0900: Memory Usage (2121428K) : Starting SG13G2 LVS Comparison
2025-08-28 22:33:36 +0900: Memory Usage (2121940K) : ==========================================
2025-08-28 22:33:36 +0900: Memory Usage (2121940K) : INFO : Congratulations! Netlists match.
2025-08-28 22:33:36 +0900: Memory Usage (2121940K) : ==========================================
2025-08-28 22:33:36 +0900: Memory Usage (2121940K) : LVS Total Run time 5454.019631 seconds
